[0.009s] Invoking command in '/home/peachji/peachF1/build/joy': CMAKE_PREFIX_PATH=/opt/ros/humble /usr/bin/cmake /home/peachji/peachF1/joy -DCMAKE_INSTALL_PREFIX=/home/peachji/peachF1/install/joy
[0.110s] -- The C compiler identification is GNU 11.4.0
[0.200s] -- The CXX compiler identification is GNU 11.4.0
[0.208s] -- Detecting C compiler ABI info
[0.265s] -- Detecting C compiler ABI info - done
[0.269s] -- Check for working C compiler: /usr/bin/cc - skipped
[0.270s] -- Detecting C compile features
[0.270s] -- Detecting C compile features - done
[0.272s] -- Detecting CXX compiler ABI info
[0.335s] -- Detecting CXX compiler ABI info - done
[0.341s] -- Check for working CXX compiler: /usr/bin/c++ - skipped
[0.341s] -- Detecting CXX compile features
[0.341s] -- Detecting CXX compile features - done
[0.345s] -- Found ament_cmake_ros: 0.10.0 (/opt/ros/humble/share/ament_cmake_ros/cmake)
[0.482s] -- Found Python3: /usr/bin/python3 (found version "3.10.12") found components: Interpreter 
[0.571s] -- Found rclcpp: 16.0.10 (/opt/ros/humble/share/rclcpp/cmake)
[0.608s] -- Found rosidl_generator_c: 3.1.5 (/opt/ros/humble/share/rosidl_generator_c/cmake)
[0.611s] -- Found rosidl_adapter: 3.1.5 (/opt/ros/humble/share/rosidl_adapter/cmake)
[0.618s] -- Found rosidl_generator_cpp: 3.1.5 (/opt/ros/humble/share/rosidl_generator_cpp/cmake)
[0.630s] -- Using all available rosidl_typesupport_c: rosidl_typesupport_fastrtps_c;rosidl_typesupport_introspection_c
[0.642s] -- Using all available rosidl_typesupport_cpp: rosidl_typesupport_fastrtps_cpp;rosidl_typesupport_introspection_cpp
[0.687s] -- Found rmw_implementation_cmake: 6.1.2 (/opt/ros/humble/share/rmw_implementation_cmake/cmake)
[0.690s] -- Found rmw_fastrtps_cpp: 6.2.7 (/opt/ros/humble/share/rmw_fastrtps_cpp/cmake)
[0.783s] -- Found OpenSSL: /usr/lib/x86_64-linux-gnu/libcrypto.so (found version "3.0.2")  
[0.807s] -- Found FastRTPS: /opt/ros/humble/include  
[0.841s] -- Using RMW implementation 'rmw_fastrtps_cpp' as default
[0.853s] -- Looking for pthread.h
[0.925s] -- Looking for pthread.h - found
[0.925s] -- Performing Test CMAKE_HAVE_LIBC_PTHREAD
[0.986s] -- Performing Test CMAKE_HAVE_LIBC_PTHREAD - Success
[0.987s] -- Found Threads: TRUE  
[1.031s] -- Found rclcpp_components: 16.0.10 (/opt/ros/humble/share/rclcpp_components/cmake)
[1.056s] -- Found sdl2_vendor: 3.3.0 (/opt/ros/humble/share/sdl2_vendor/cmake)
[1.059s] -- Found sensor_msgs: 4.2.4 (/opt/ros/humble/share/sensor_msgs/cmake)
[1.084s] -- Found ament_lint_auto: 0.12.11 (/opt/ros/humble/share/ament_lint_auto/cmake)
[1.160s] -- Added test 'cppcheck' to perform static code analysis on C / C++ code
[1.160s] -- Configured cppcheck include dirs: $<BUILD_INTERFACE:/home/peachji/peachF1/joy/include>
[1.160s] -- Configured cppcheck exclude dirs and/or files: 
[1.169s] -- Added test 'cpplint' to check C / C++ code against the Google style
[1.169s] -- Configured cpplint exclude dirs and/or files: 
[1.170s] -- Added test 'flake8' to check Python code syntax and style conventions
[1.173s] -- Added test 'lint_cmake' to check CMake code style
[1.174s] -- Added test 'pep257' to check Python code against some of the docstring style conventions in PEP 257
[1.184s] -- Added test 'uncrustify' to check C / C++ code style
[1.184s] -- Configured uncrustify additional arguments: 
[1.186s] -- Added test 'xmllint' to check XML markup files
[1.186s] -- Configuring done
[1.201s] -- Generating done
[1.202s] -- Build files have been written to: /home/peachji/peachF1/build/joy
[1.210s] Invoked command in '/home/peachji/peachF1/build/joy' returned '0': CMAKE_PREFIX_PATH=/opt/ros/humble /usr/bin/cmake /home/peachji/peachF1/joy -DCMAKE_INSTALL_PREFIX=/home/peachji/peachF1/install/joy
[1.211s] Invoking command in '/home/peachji/peachF1/build/joy': CMAKE_PREFIX_PATH=/opt/ros/humble /usr/bin/cmake --build /home/peachji/peachF1/build/joy -- -j16 -l16
[1.257s] [ 10%] [32mBuilding CXX object CMakeFiles/joy_node.dir/rclcpp_components/node_main_joy_node.cpp.o[0m
[1.258s] [ 20%] [32mBuilding CXX object CMakeFiles/game_controller.dir/src/game_controller.cpp.o[0m
[1.258s] [ 30%] [32mBuilding CXX object CMakeFiles/game_controller_node.dir/rclcpp_components/node_main_game_controller_node.cpp.o[0m
[1.258s] [ 40%] [32mBuilding CXX object CMakeFiles/joy_enumerate_devices.dir/src/joy_enumerate_devices.cpp.o[0m
[1.260s] [ 50%] [32mBuilding CXX object CMakeFiles/joy.dir/src/joy.cpp.o[0m
[1.834s] [ 60%] [32m[1mLinking CXX executable joy_enumerate_devices[0m
[1.974s] [ 60%] Built target joy_enumerate_devices
[5.874s] [ 70%] [32m[1mLinking CXX executable game_controller_node[0m
[6.045s] [ 70%] Built target game_controller_node
[6.168s] [ 80%] [32m[1mLinking CXX executable joy_node[0m
[6.295s] [ 80%] Built target joy_node
[12.063s] [ 90%] [32m[1mLinking CXX shared library libgame_controller.so[0m
[13.649s] [ 90%] Built target game_controller
[14.714s] [100%] [32m[1mLinking CXX shared library libjoy.so[0m
[16.067s] [100%] Built target joy
[16.130s] Invoked command in '/home/peachji/peachF1/build/joy' returned '0': CMAKE_PREFIX_PATH=/opt/ros/humble /usr/bin/cmake --build /home/peachji/peachF1/build/joy -- -j16 -l16
[16.299s] Invoking command in '/home/peachji/peachF1/build/joy': CMAKE_PREFIX_PATH=/opt/ros/humble /usr/bin/cmake --install /home/peachji/peachF1/build/joy
[16.327s] -- Install configuration: ""
[16.327s] -- Installing: /home/peachji/peachF1/install/joy/lib/libjoy.so
[16.344s] -- Set runtime path of "/home/peachji/peachF1/install/joy/lib/libjoy.so" to ""
[16.344s] -- Installing: /home/peachji/peachF1/install/joy/lib/joy/joy_node
[16.344s] -- Set runtime path of "/home/peachji/peachF1/install/joy/lib/joy/joy_node" to ""
[16.345s] -- Installing: /home/peachji/peachF1/install/joy/lib/libgame_controller.so
[16.357s] -- Set runtime path of "/home/peachji/peachF1/install/joy/lib/libgame_controller.so" to ""
[16.357s] -- Installing: /home/peachji/peachF1/install/joy/lib/joy/game_controller_node
[16.362s] -- Set runtime path of "/home/peachji/peachF1/install/joy/lib/joy/game_controller_node" to ""
[16.364s] -- Installing: /home/peachji/peachF1/install/joy/lib/joy/joy_enumerate_devices
[16.368s] -- Installing: /home/peachji/peachF1/install/joy/include/joy
[16.368s] -- Installing: /home/peachji/peachF1/install/joy/include/joy/joy
[16.368s] -- Installing: /home/peachji/peachF1/install/joy/include/joy/joy/game_controller.hpp
[16.368s] -- Installing: /home/peachji/peachF1/install/joy/include/joy/joy/joy.hpp
[16.369s] -- Installing: /home/peachji/peachF1/install/joy/share/joy/config
[16.369s] -- Installing: /home/peachji/peachF1/install/joy/share/joy/config/joy-params.yaml
[16.369s] -- Installing: /home/peachji/peachF1/install/joy/share/joy/launch
[16.369s] -- Installing: /home/peachji/peachF1/install/joy/share/joy/launch/joy-launch.py
[16.369s] -- Installing: /home/peachji/peachF1/install/joy/share/joy/launch/joy-composed-launch.py
[16.369s] -- Installing: /home/peachji/peachF1/install/joy/share/ament_index/resource_index/package_run_dependencies/joy
[16.369s] -- Installing: /home/peachji/peachF1/install/joy/share/ament_index/resource_index/parent_prefix_path/joy
[16.369s] -- Installing: /home/peachji/peachF1/install/joy/share/joy/environment/ament_prefix_path.sh
[16.369s] -- Installing: /home/peachji/peachF1/install/joy/share/joy/environment/ament_prefix_path.dsv
[16.370s] -- Installing: /home/peachji/peachF1/install/joy/share/joy/environment/path.sh
[16.370s] -- Installing: /home/peachji/peachF1/install/joy/share/joy/environment/path.dsv
[16.370s] -- Installing: /home/peachji/peachF1/install/joy/share/joy/local_setup.bash
[16.370s] -- Installing: /home/peachji/peachF1/install/joy/share/joy/local_setup.sh
[16.370s] -- Installing: /home/peachji/peachF1/install/joy/share/joy/local_setup.zsh
[16.370s] -- Installing: /home/peachji/peachF1/install/joy/share/joy/local_setup.dsv
[16.370s] -- Installing: /home/peachji/peachF1/install/joy/share/joy/package.dsv
[16.370s] -- Installing: /home/peachji/peachF1/install/joy/share/ament_index/resource_index/packages/joy
[16.370s] -- Installing: /home/peachji/peachF1/install/joy/share/ament_index/resource_index/rclcpp_components/joy
[16.370s] -- Installing: /home/peachji/peachF1/install/joy/share/joy/cmake/export_joyExport.cmake
[16.371s] -- Installing: /home/peachji/peachF1/install/joy/share/joy/cmake/export_joyExport-noconfig.cmake
[16.371s] -- Installing: /home/peachji/peachF1/install/joy/share/joy/cmake/export_game_controllerExport.cmake
[16.371s] -- Installing: /home/peachji/peachF1/install/joy/share/joy/cmake/export_game_controllerExport-noconfig.cmake
[16.371s] -- Installing: /home/peachji/peachF1/install/joy/share/joy/cmake/ament_cmake_export_targets-extras.cmake
[16.371s] -- Installing: /home/peachji/peachF1/install/joy/share/joy/cmake/ament_cmake_export_dependencies-extras.cmake
[16.371s] -- Installing: /home/peachji/peachF1/install/joy/share/joy/cmake/joyConfig.cmake
[16.371s] -- Installing: /home/peachji/peachF1/install/joy/share/joy/cmake/joyConfig-version.cmake
[16.371s] -- Installing: /home/peachji/peachF1/install/joy/share/joy/package.xml
[16.382s] Invoked command in '/home/peachji/peachF1/build/joy' returned '0': CMAKE_PREFIX_PATH=/opt/ros/humble /usr/bin/cmake --install /home/peachji/peachF1/build/joy
