[0.007s] Invoking command in '/home/parallels/INC493/src/vesc-humble/build/vesc_driver': AMENT_PREFIX_PATH=/home/parallels/INC493/src/vesc-humble/install/vesc_msgs:${AMENT_PREFIX_PATH} CMAKE_PREFIX_PATH=/home/parallels/INC493/src/vesc-humble/install/vesc_msgs:/opt/ros/humble LD_LIBRARY_PATH=/home/parallels/INC493/src/vesc-humble/install/vesc_msgs/lib:${LD_LIBRARY_PATH} PYTHONPATH=/home/parallels/INC493/src/vesc-humble/install/vesc_msgs/local/lib/python3.10/dist-packages:${PYTHONPATH} /usr/bin/cmake /home/parallels/INC493/src/vesc-humble/vesc_driver -DCMAKE_INSTALL_PREFIX=/home/parallels/INC493/src/vesc-humble/install/vesc_driver
[0.049s] -- The C compiler identification is GNU 11.3.0
[0.078s] -- The CXX compiler identification is GNU 11.3.0
[0.082s] -- Detecting C compiler ABI info
[0.120s] -- Detecting C compiler ABI info - done
[0.123s] -- Check for working C compiler: /usr/bin/cc - skipped
[0.124s] -- Detecting C compile features
[0.124s] -- Detecting C compile features - done
[0.125s] -- Detecting CXX compiler ABI info
[0.172s] -- Detecting CXX compiler ABI info - done
[0.172s] -- Check for working CXX compiler: /usr/bin/c++ - skipped
[0.172s] -- Detecting CXX compile features
[0.172s] -- Detecting CXX compile features - done
[0.173s] -- Found ament_cmake_auto: 1.3.4 (/opt/ros/humble/share/ament_cmake_auto/cmake)
[0.255s] -- Found Python3: /usr/bin/python3.10 (found version "3.10.6") found components: Interpreter 
[0.349s] -- Found rosidl_generator_c: 3.1.4 (/opt/ros/humble/share/rosidl_generator_c/cmake)
[0.352s] -- Found rosidl_adapter: 3.1.4 (/opt/ros/humble/share/rosidl_adapter/cmake)
[0.356s] -- Found rosidl_generator_cpp: 3.1.4 (/opt/ros/humble/share/rosidl_generator_cpp/cmake)
[0.362s] -- Using all available rosidl_typesupport_c: rosidl_typesupport_fastrtps_c;rosidl_typesupport_introspection_c
[0.371s] -- Using all available rosidl_typesupport_cpp: rosidl_typesupport_fastrtps_cpp;rosidl_typesupport_introspection_cpp
[0.412s] -- Found rmw_implementation_cmake: 6.1.1 (/opt/ros/humble/share/rmw_implementation_cmake/cmake)
[0.414s] -- Found rmw_fastrtps_cpp: 6.2.2 (/opt/ros/humble/share/rmw_fastrtps_cpp/cmake)
[0.476s] -- Found OpenSSL: /usr/lib/aarch64-linux-gnu/libcrypto.so (found version "3.0.2")  
[0.491s] -- Found FastRTPS: /opt/ros/humble/include  
[0.516s] -- Using RMW implementation 'rmw_fastrtps_cpp' as default
[0.524s] -- Looking for pthread.h
[0.569s] -- Looking for pthread.h - found
[0.569s] -- Performing Test CMAKE_HAVE_LIBC_PTHREAD
[0.610s] -- Performing Test CMAKE_HAVE_LIBC_PTHREAD - Success
[0.611s] -- Found Threads: TRUE  
[1.056s] -- Found ament_lint_auto: 0.12.6 (/opt/ros/humble/share/ament_lint_auto/cmake)
[1.065s] -- Added test 'copyright' to check source files copyright and LICENSE
[1.067s] -- Added test 'cppcheck' to perform static code analysis on C / C++ code
[1.067s] -- Configured cppcheck include dirs: /home/parallels/INC493/src/vesc-humble/vesc_driver/include
[1.067s] -- Configured cppcheck exclude dirs and/or files: 
[1.068s] -- Added test 'cpplint' to check C / C++ code against the Google style
[1.068s] -- Configured cpplint exclude dirs and/or files: 
[1.068s] -- Added test 'flake8' to check Python code syntax and style conventions
[1.068s] -- Added test 'lint_cmake' to check CMake code style
[1.069s] -- Added test 'pep257' to check Python code against some of the docstring style conventions in PEP 257
[1.069s] -- Added test 'uncrustify' to check C / C++ code style
[1.069s] -- Configured uncrustify additional arguments: 
[1.070s] -- Added test 'xmllint' to check XML markup files
[1.071s] -- Configuring done
[1.096s] -- Generating done
[1.097s] -- Build files have been written to: /home/parallels/INC493/src/vesc-humble/build/vesc_driver
[1.103s] Invoked command in '/home/parallels/INC493/src/vesc-humble/build/vesc_driver' returned '0': AMENT_PREFIX_PATH=/home/parallels/INC493/src/vesc-humble/install/vesc_msgs:${AMENT_PREFIX_PATH} CMAKE_PREFIX_PATH=/home/parallels/INC493/src/vesc-humble/install/vesc_msgs:/opt/ros/humble LD_LIBRARY_PATH=/home/parallels/INC493/src/vesc-humble/install/vesc_msgs/lib:${LD_LIBRARY_PATH} PYTHONPATH=/home/parallels/INC493/src/vesc-humble/install/vesc_msgs/local/lib/python3.10/dist-packages:${PYTHONPATH} /usr/bin/cmake /home/parallels/INC493/src/vesc-humble/vesc_driver -DCMAKE_INSTALL_PREFIX=/home/parallels/INC493/src/vesc-humble/install/vesc_driver
[1.103s] Invoking command in '/home/parallels/INC493/src/vesc-humble/build/vesc_driver': AMENT_PREFIX_PATH=/home/parallels/INC493/src/vesc-humble/install/vesc_msgs:${AMENT_PREFIX_PATH} CMAKE_PREFIX_PATH=/home/parallels/INC493/src/vesc-humble/install/vesc_msgs:/opt/ros/humble LD_LIBRARY_PATH=/home/parallels/INC493/src/vesc-humble/install/vesc_msgs/lib:${LD_LIBRARY_PATH} PYTHONPATH=/home/parallels/INC493/src/vesc-humble/install/vesc_msgs/local/lib/python3.10/dist-packages:${PYTHONPATH} /usr/bin/cmake --build /home/parallels/INC493/src/vesc-humble/build/vesc_driver -- -j2 -l2
[1.146s] [ 10%] [32mBuilding CXX object CMakeFiles/vesc_driver.dir/src/vesc_driver.cpp.o[0m
[1.146s] [ 20%] [32mBuilding CXX object CMakeFiles/vesc_driver_node.dir/rclcpp_components/node_main_vesc_driver_node.cpp.o[0m
[7.299s] [ 30%] [32m[1mLinking CXX executable vesc_driver_node[0m
[7.428s] [ 30%] Built target vesc_driver_node
[7.447s] [ 40%] [32mBuilding CXX object CMakeFiles/vesc_driver.dir/src/vesc_interface.cpp.o[0m
[9.747s] [ 50%] [32mBuilding CXX object CMakeFiles/vesc_driver.dir/src/vesc_packet.cpp.o[0m
[10.518s] [ 60%] [32mBuilding CXX object CMakeFiles/vesc_driver.dir/src/vesc_packet_factory.cpp.o[0m
[20.355s] [ 70%] [32m[1mLinking CXX shared library libvesc_driver.so[0m
[20.854s] [ 70%] Built target vesc_driver
[20.868s] [ 80%] [32mBuilding CXX object CMakeFiles/vesc_device_namer.dir/src/vesc_device_namer.cpp.o[0m
[20.868s] [ 90%] [32mBuilding CXX object CMakeFiles/vesc_device_namer.dir/src/vesc_device_uuid_lookup.cpp.o[0m
[21.243s] [100%] [32m[1mLinking CXX executable vesc_device_namer[0m
[21.410s] [100%] Built target vesc_device_namer
[21.430s] Invoked command in '/home/parallels/INC493/src/vesc-humble/build/vesc_driver' returned '0': AMENT_PREFIX_PATH=/home/parallels/INC493/src/vesc-humble/install/vesc_msgs:${AMENT_PREFIX_PATH} CMAKE_PREFIX_PATH=/home/parallels/INC493/src/vesc-humble/install/vesc_msgs:/opt/ros/humble LD_LIBRARY_PATH=/home/parallels/INC493/src/vesc-humble/install/vesc_msgs/lib:${LD_LIBRARY_PATH} PYTHONPATH=/home/parallels/INC493/src/vesc-humble/install/vesc_msgs/local/lib/python3.10/dist-packages:${PYTHONPATH} /usr/bin/cmake --build /home/parallels/INC493/src/vesc-humble/build/vesc_driver -- -j2 -l2
[21.455s] Invoking command in '/home/parallels/INC493/src/vesc-humble/build/vesc_driver': AMENT_PREFIX_PATH=/home/parallels/INC493/src/vesc-humble/install/vesc_msgs:${AMENT_PREFIX_PATH} CMAKE_PREFIX_PATH=/home/parallels/INC493/src/vesc-humble/install/vesc_msgs:/opt/ros/humble LD_LIBRARY_PATH=/home/parallels/INC493/src/vesc-humble/install/vesc_msgs/lib:${LD_LIBRARY_PATH} PYTHONPATH=/home/parallels/INC493/src/vesc-humble/install/vesc_msgs/local/lib/python3.10/dist-packages:${PYTHONPATH} /usr/bin/cmake --install /home/parallels/INC493/src/vesc-humble/build/vesc_driver
[21.460s] -- Install configuration: ""
[21.460s] -- Installing: /home/parallels/INC493/src/vesc-humble/install/vesc_driver/lib/vesc_driver/vesc_driver_node
[21.460s] -- Set runtime path of "/home/parallels/INC493/src/vesc-humble/install/vesc_driver/lib/vesc_driver/vesc_driver_node" to ""
[21.460s] -- Installing: /home/parallels/INC493/src/vesc-humble/install/vesc_driver/include
[21.460s] -- Installing: /home/parallels/INC493/src/vesc-humble/install/vesc_driver/include/vesc_driver
[21.460s] -- Installing: /home/parallels/INC493/src/vesc-humble/install/vesc_driver/include/vesc_driver/vesc_driver.hpp
[21.461s] -- Installing: /home/parallels/INC493/src/vesc-humble/install/vesc_driver/include/vesc_driver/vesc_packet_factory.hpp
[21.461s] -- Installing: /home/parallels/INC493/src/vesc-humble/install/vesc_driver/include/vesc_driver/vesc_packet.hpp
[21.461s] -- Installing: /home/parallels/INC493/src/vesc-humble/install/vesc_driver/include/vesc_driver/crc.hpp
[21.461s] -- Installing: /home/parallels/INC493/src/vesc-humble/install/vesc_driver/include/vesc_driver/datatypes.hpp
[21.461s] -- Installing: /home/parallels/INC493/src/vesc-humble/install/vesc_driver/include/vesc_driver/vesc_device_uuid_lookup.hpp
[21.461s] -- Installing: /home/parallels/INC493/src/vesc-humble/install/vesc_driver/include/vesc_driver/vesc_interface.hpp
[21.461s] -- Installing: /home/parallels/INC493/src/vesc-humble/install/vesc_driver/share/vesc_driver/environment/library_path.sh
[21.461s] -- Installing: /home/parallels/INC493/src/vesc-humble/install/vesc_driver/share/vesc_driver/environment/library_path.dsv
[21.461s] -- Installing: /home/parallels/INC493/src/vesc-humble/install/vesc_driver/lib/libvesc_driver.so
[21.468s] -- Set runtime path of "/home/parallels/INC493/src/vesc-humble/install/vesc_driver/lib/libvesc_driver.so" to ""
[21.468s] -- Installing: /home/parallels/INC493/src/vesc-humble/install/vesc_driver/lib/vesc_driver/vesc_device_namer
[21.468s] -- Set runtime path of "/home/parallels/INC493/src/vesc-humble/install/vesc_driver/lib/vesc_driver/vesc_device_namer" to ""
[21.468s] -- Installing: /home/parallels/INC493/src/vesc-humble/install/vesc_driver/share/vesc_driver/launch
[21.468s] -- Installing: /home/parallels/INC493/src/vesc-humble/install/vesc_driver/share/vesc_driver/launch/vesc_driver_node.launch.py
[21.468s] -- Installing: /home/parallels/INC493/src/vesc-humble/install/vesc_driver/share/vesc_driver/params
[21.468s] -- Installing: /home/parallels/INC493/src/vesc-humble/install/vesc_driver/share/vesc_driver/params/vesc_config.yaml
[21.469s] -- Installing: /home/parallels/INC493/src/vesc-humble/install/vesc_driver/share/ament_index/resource_index/package_run_dependencies/vesc_driver
[21.469s] -- Installing: /home/parallels/INC493/src/vesc-humble/install/vesc_driver/share/ament_index/resource_index/parent_prefix_path/vesc_driver
[21.469s] -- Installing: /home/parallels/INC493/src/vesc-humble/install/vesc_driver/share/vesc_driver/environment/ament_prefix_path.sh
[21.469s] -- Installing: /home/parallels/INC493/src/vesc-humble/install/vesc_driver/share/vesc_driver/environment/ament_prefix_path.dsv
[21.470s] -- Installing: /home/parallels/INC493/src/vesc-humble/install/vesc_driver/share/vesc_driver/environment/path.sh
[21.470s] -- Installing: /home/parallels/INC493/src/vesc-humble/install/vesc_driver/share/vesc_driver/environment/path.dsv
[21.470s] -- Installing: /home/parallels/INC493/src/vesc-humble/install/vesc_driver/share/vesc_driver/local_setup.bash
[21.470s] -- Installing: /home/parallels/INC493/src/vesc-humble/install/vesc_driver/share/vesc_driver/local_setup.sh
[21.470s] -- Installing: /home/parallels/INC493/src/vesc-humble/install/vesc_driver/share/vesc_driver/local_setup.zsh
[21.470s] -- Installing: /home/parallels/INC493/src/vesc-humble/install/vesc_driver/share/vesc_driver/local_setup.dsv
[21.470s] -- Installing: /home/parallels/INC493/src/vesc-humble/install/vesc_driver/share/vesc_driver/package.dsv
[21.470s] -- Installing: /home/parallels/INC493/src/vesc-humble/install/vesc_driver/share/ament_index/resource_index/packages/vesc_driver
[21.471s] -- Installing: /home/parallels/INC493/src/vesc-humble/install/vesc_driver/share/ament_index/resource_index/rclcpp_components/vesc_driver
[21.471s] -- Installing: /home/parallels/INC493/src/vesc-humble/install/vesc_driver/share/vesc_driver/cmake/ament_cmake_export_dependencies-extras.cmake
[21.471s] -- Installing: /home/parallels/INC493/src/vesc-humble/install/vesc_driver/share/vesc_driver/cmake/ament_cmake_export_include_directories-extras.cmake
[21.471s] -- Installing: /home/parallels/INC493/src/vesc-humble/install/vesc_driver/share/vesc_driver/cmake/ament_cmake_export_libraries-extras.cmake
[21.471s] -- Installing: /home/parallels/INC493/src/vesc-humble/install/vesc_driver/share/vesc_driver/cmake/vesc_driverConfig.cmake
[21.471s] -- Installing: /home/parallels/INC493/src/vesc-humble/install/vesc_driver/share/vesc_driver/cmake/vesc_driverConfig-version.cmake
[21.471s] -- Installing: /home/parallels/INC493/src/vesc-humble/install/vesc_driver/share/vesc_driver/package.xml
[21.473s] Invoked command in '/home/parallels/INC493/src/vesc-humble/build/vesc_driver' returned '0': AMENT_PREFIX_PATH=/home/parallels/INC493/src/vesc-humble/install/vesc_msgs:${AMENT_PREFIX_PATH} CMAKE_PREFIX_PATH=/home/parallels/INC493/src/vesc-humble/install/vesc_msgs:/opt/ros/humble LD_LIBRARY_PATH=/home/parallels/INC493/src/vesc-humble/install/vesc_msgs/lib:${LD_LIBRARY_PATH} PYTHONPATH=/home/parallels/INC493/src/vesc-humble/install/vesc_msgs/local/lib/python3.10/dist-packages:${PYTHONPATH} /usr/bin/cmake --install /home/parallels/INC493/src/vesc-humble/build/vesc_driver
