[0.007s] Invoking command in '/home/peachji/F1tenth2024-main/vesc-humble/joy/build/joy': CMAKE_PREFIX_PATH=${CMAKE_PREFIX_PATH}:/opt/ros/humble /usr/bin/cmake /home/peachji/F1tenth2024-main/vesc-humble/joy -DCMAKE_INSTALL_PREFIX=/home/peachji/F1tenth2024-main/vesc-humble/joy/install/joy
[0.046s] -- The C compiler identification is GNU 11.4.0
[0.081s] -- The CXX compiler identification is GNU 11.4.0
[0.086s] -- Detecting C compiler ABI info
[0.142s] -- Detecting C compiler ABI info - done
[0.147s] -- Check for working C compiler: /usr/bin/cc - skipped
[0.147s] -- Detecting C compile features
[0.147s] -- Detecting C compile features - done
[0.149s] -- Detecting CXX compiler ABI info
[0.217s] -- Detecting CXX compiler ABI info - done
[0.221s] -- Check for working CXX compiler: /usr/bin/c++ - skipped
[0.221s] -- Detecting CXX compile features
[0.221s] -- Detecting CXX compile features - done
[0.223s] -- Found ament_cmake_ros: 0.10.0 (/opt/ros/humble/share/ament_cmake_ros/cmake)
[0.336s] -- Found Python3: /usr/bin/python3 (found version "3.10.12") found components: Interpreter 
[0.396s] -- Found rclcpp: 16.0.10 (/opt/ros/humble/share/rclcpp/cmake)
[0.419s] -- Found rosidl_generator_c: 3.1.5 (/opt/ros/humble/share/rosidl_generator_c/cmake)
[0.422s] -- Found rosidl_adapter: 3.1.5 (/opt/ros/humble/share/rosidl_adapter/cmake)
[0.426s] -- Found rosidl_generator_cpp: 3.1.5 (/opt/ros/humble/share/rosidl_generator_cpp/cmake)
[0.433s] -- Using all available rosidl_typesupport_c: rosidl_typesupport_fastrtps_c;rosidl_typesupport_introspection_c
[0.442s] -- Using all available rosidl_typesupport_cpp: rosidl_typesupport_fastrtps_cpp;rosidl_typesupport_introspection_cpp
[0.467s] -- Found rmw_implementation_cmake: 6.1.2 (/opt/ros/humble/share/rmw_implementation_cmake/cmake)
[0.468s] -- Found rmw_fastrtps_cpp: 6.2.7 (/opt/ros/humble/share/rmw_fastrtps_cpp/cmake)
[0.535s] -- Found OpenSSL: /usr/lib/x86_64-linux-gnu/libcrypto.so (found version "3.0.2")  
[0.551s] -- Found FastRTPS: /opt/ros/humble/include  
[0.578s] -- Using RMW implementation 'rmw_fastrtps_cpp' as default
[0.582s] -- Looking for pthread.h
[0.644s] -- Looking for pthread.h - found
[0.644s] -- Performing Test CMAKE_HAVE_LIBC_PTHREAD
[0.698s] -- Performing Test CMAKE_HAVE_LIBC_PTHREAD - Success
[0.699s] -- Found Threads: TRUE  
[0.730s] -- Found rclcpp_components: 16.0.10 (/opt/ros/humble/share/rclcpp_components/cmake)
[0.745s] -- Found sdl2_vendor: 3.3.0 (/opt/ros/humble/share/sdl2_vendor/cmake)
[0.747s] -- Found sensor_msgs: 4.2.4 (/opt/ros/humble/share/sensor_msgs/cmake)
[0.766s] -- Found ament_lint_auto: 0.12.11 (/opt/ros/humble/share/ament_lint_auto/cmake)
[0.814s] -- Added test 'cppcheck' to perform static code analysis on C / C++ code
[0.814s] -- Configured cppcheck include dirs: $<BUILD_INTERFACE:/home/peachji/F1tenth2024-main/vesc-humble/joy/include>
[0.814s] -- Configured cppcheck exclude dirs and/or files: 
[0.816s] -- Added test 'cpplint' to check C / C++ code against the Google style
[0.816s] -- Configured cpplint exclude dirs and/or files: 
[0.816s] -- Added test 'flake8' to check Python code syntax and style conventions
[0.817s] -- Added test 'lint_cmake' to check CMake code style
[0.818s] -- Added test 'pep257' to check Python code against some of the docstring style conventions in PEP 257
[0.820s] -- Added test 'uncrustify' to check C / C++ code style
[0.820s] -- Configured uncrustify additional arguments: 
[0.820s] -- Added test 'xmllint' to check XML markup files
[0.821s] -- Configuring done
[0.831s] -- Generating done
[0.833s] -- Build files have been written to: /home/peachji/F1tenth2024-main/vesc-humble/joy/build/joy
[0.841s] Invoked command in '/home/peachji/F1tenth2024-main/vesc-humble/joy/build/joy' returned '0': CMAKE_PREFIX_PATH=${CMAKE_PREFIX_PATH}:/opt/ros/humble /usr/bin/cmake /home/peachji/F1tenth2024-main/vesc-humble/joy -DCMAKE_INSTALL_PREFIX=/home/peachji/F1tenth2024-main/vesc-humble/joy/install/joy
[0.841s] Invoking command in '/home/peachji/F1tenth2024-main/vesc-humble/joy/build/joy': CMAKE_PREFIX_PATH=${CMAKE_PREFIX_PATH}:/opt/ros/humble /usr/bin/cmake --build /home/peachji/F1tenth2024-main/vesc-humble/joy/build/joy -- -j16 -l16
[0.882s] [ 10%] [32mBuilding CXX object CMakeFiles/game_controller.dir/src/game_controller.cpp.o[0m
[0.885s] [ 40%] [32mBuilding CXX object CMakeFiles/joy_enumerate_devices.dir/src/joy_enumerate_devices.cpp.o[0m
[0.885s] [ 40%] [32mBuilding CXX object CMakeFiles/game_controller_node.dir/rclcpp_components/node_main_game_controller_node.cpp.o[0m
[0.885s] [ 40%] [32mBuilding CXX object CMakeFiles/joy.dir/src/joy.cpp.o[0m
[0.888s] [ 50%] [32mBuilding CXX object CMakeFiles/joy_node.dir/rclcpp_components/node_main_joy_node.cpp.o[0m
[1.355s] [ 60%] [32m[1mLinking CXX executable joy_enumerate_devices[0m
[1.462s] [ 60%] Built target joy_enumerate_devices
[3.485s] [ 70%] [32m[1mLinking CXX executable joy_node[0m
[3.614s] [ 70%] Built target joy_node
[3.781s] [ 80%] [32m[1mLinking CXX executable game_controller_node[0m
[3.891s] [ 80%] Built target game_controller_node
[7.345s] [ 90%] [32m[1mLinking CXX shared library libjoy.so[0m
[7.636s] [ 90%] Built target joy
[7.700s] [100%] [32m[1mLinking CXX shared library libgame_controller.so[0m
[7.973s] [100%] Built target game_controller
[7.980s] Invoked command in '/home/peachji/F1tenth2024-main/vesc-humble/joy/build/joy' returned '0': CMAKE_PREFIX_PATH=${CMAKE_PREFIX_PATH}:/opt/ros/humble /usr/bin/cmake --build /home/peachji/F1tenth2024-main/vesc-humble/joy/build/joy -- -j16 -l16
[8.018s] Invoking command in '/home/peachji/F1tenth2024-main/vesc-humble/joy/build/joy': CMAKE_PREFIX_PATH=${CMAKE_PREFIX_PATH}:/opt/ros/humble /usr/bin/cmake --install /home/peachji/F1tenth2024-main/vesc-humble/joy/build/joy
[8.023s] -- Install configuration: ""
[8.023s] -- Installing: /home/peachji/F1tenth2024-main/vesc-humble/joy/install/joy/lib/libjoy.so
[8.026s] -- Set runtime path of "/home/peachji/F1tenth2024-main/vesc-humble/joy/install/joy/lib/libjoy.so" to ""
[8.026s] -- Installing: /home/peachji/F1tenth2024-main/vesc-humble/joy/install/joy/lib/joy/joy_node
[8.026s] -- Set runtime path of "/home/peachji/F1tenth2024-main/vesc-humble/joy/install/joy/lib/joy/joy_node" to ""
[8.026s] -- Installing: /home/peachji/F1tenth2024-main/vesc-humble/joy/install/joy/lib/libgame_controller.so
[8.029s] -- Set runtime path of "/home/peachji/F1tenth2024-main/vesc-humble/joy/install/joy/lib/libgame_controller.so" to ""
[8.029s] -- Installing: /home/peachji/F1tenth2024-main/vesc-humble/joy/install/joy/lib/joy/game_controller_node
[8.029s] -- Set runtime path of "/home/peachji/F1tenth2024-main/vesc-humble/joy/install/joy/lib/joy/game_controller_node" to ""
[8.029s] -- Installing: /home/peachji/F1tenth2024-main/vesc-humble/joy/install/joy/lib/joy/joy_enumerate_devices
[8.029s] -- Installing: /home/peachji/F1tenth2024-main/vesc-humble/joy/install/joy/include/joy
[8.029s] -- Installing: /home/peachji/F1tenth2024-main/vesc-humble/joy/install/joy/include/joy/joy
[8.029s] -- Installing: /home/peachji/F1tenth2024-main/vesc-humble/joy/install/joy/include/joy/joy/game_controller.hpp
[8.029s] -- Installing: /home/peachji/F1tenth2024-main/vesc-humble/joy/install/joy/include/joy/joy/joy.hpp
[8.029s] -- Installing: /home/peachji/F1tenth2024-main/vesc-humble/joy/install/joy/share/joy/config
[8.029s] -- Installing: /home/peachji/F1tenth2024-main/vesc-humble/joy/install/joy/share/joy/config/joy-params.yaml
[8.029s] -- Installing: /home/peachji/F1tenth2024-main/vesc-humble/joy/install/joy/share/joy/launch
[8.029s] -- Installing: /home/peachji/F1tenth2024-main/vesc-humble/joy/install/joy/share/joy/launch/joy-launch.py
[8.029s] -- Installing: /home/peachji/F1tenth2024-main/vesc-humble/joy/install/joy/share/joy/launch/joy-composed-launch.py
[8.030s] -- Installing: /home/peachji/F1tenth2024-main/vesc-humble/joy/install/joy/share/ament_index/resource_index/package_run_dependencies/joy
[8.030s] -- Installing: /home/peachji/F1tenth2024-main/vesc-humble/joy/install/joy/share/ament_index/resource_index/parent_prefix_path/joy
[8.030s] -- Installing: /home/peachji/F1tenth2024-main/vesc-humble/joy/install/joy/share/joy/environment/ament_prefix_path.sh
[8.030s] -- Installing: /home/peachji/F1tenth2024-main/vesc-humble/joy/install/joy/share/joy/environment/ament_prefix_path.dsv
[8.030s] -- Installing: /home/peachji/F1tenth2024-main/vesc-humble/joy/install/joy/share/joy/environment/path.sh
[8.030s] -- Installing: /home/peachji/F1tenth2024-main/vesc-humble/joy/install/joy/share/joy/environment/path.dsv
[8.030s] -- Installing: /home/peachji/F1tenth2024-main/vesc-humble/joy/install/joy/share/joy/local_setup.bash
[8.030s] -- Installing: /home/peachji/F1tenth2024-main/vesc-humble/joy/install/joy/share/joy/local_setup.sh
[8.030s] -- Installing: /home/peachji/F1tenth2024-main/vesc-humble/joy/install/joy/share/joy/local_setup.zsh
[8.030s] -- Installing: /home/peachji/F1tenth2024-main/vesc-humble/joy/install/joy/share/joy/local_setup.dsv
[8.030s] -- Installing: /home/peachji/F1tenth2024-main/vesc-humble/joy/install/joy/share/joy/package.dsv
[8.030s] -- Installing: /home/peachji/F1tenth2024-main/vesc-humble/joy/install/joy/share/ament_index/resource_index/packages/joy
[8.030s] -- Installing: /home/peachji/F1tenth2024-main/vesc-humble/joy/install/joy/share/ament_index/resource_index/rclcpp_components/joy
[8.030s] -- Installing: /home/peachji/F1tenth2024-main/vesc-humble/joy/install/joy/share/joy/cmake/export_joyExport.cmake
[8.030s] -- Installing: /home/peachji/F1tenth2024-main/vesc-humble/joy/install/joy/share/joy/cmake/export_joyExport-noconfig.cmake
[8.030s] -- Installing: /home/peachji/F1tenth2024-main/vesc-humble/joy/install/joy/share/joy/cmake/export_game_controllerExport.cmake
[8.030s] -- Installing: /home/peachji/F1tenth2024-main/vesc-humble/joy/install/joy/share/joy/cmake/export_game_controllerExport-noconfig.cmake
[8.030s] -- Installing: /home/peachji/F1tenth2024-main/vesc-humble/joy/install/joy/share/joy/cmake/ament_cmake_export_targets-extras.cmake
[8.030s] -- Installing: /home/peachji/F1tenth2024-main/vesc-humble/joy/install/joy/share/joy/cmake/ament_cmake_export_dependencies-extras.cmake
[8.030s] -- Installing: /home/peachji/F1tenth2024-main/vesc-humble/joy/install/joy/share/joy/cmake/joyConfig.cmake
[8.030s] -- Installing: /home/peachji/F1tenth2024-main/vesc-humble/joy/install/joy/share/joy/cmake/joyConfig-version.cmake
[8.030s] -- Installing: /home/peachji/F1tenth2024-main/vesc-humble/joy/install/joy/share/joy/package.xml
[8.032s] Invoked command in '/home/peachji/F1tenth2024-main/vesc-humble/joy/build/joy' returned '0': CMAKE_PREFIX_PATH=${CMAKE_PREFIX_PATH}:/opt/ros/humble /usr/bin/cmake --install /home/peachji/F1tenth2024-main/vesc-humble/joy/build/joy
