[0.004s] Invoking command in '/home/parallels/INC493/src/vesc-humble/build/vesc_ackermann': AMENT_PREFIX_PATH=/home/parallels/INC493/src/vesc-humble/install/vesc_msgs:${AMENT_PREFIX_PATH} CMAKE_PREFIX_PATH=/home/parallels/INC493/src/vesc-humble/install/vesc_msgs:/opt/ros/humble LD_LIBRARY_PATH=/home/parallels/INC493/src/vesc-humble/install/vesc_msgs/lib:${LD_LIBRARY_PATH} PYTHONPATH=/home/parallels/INC493/src/vesc-humble/install/vesc_msgs/local/lib/python3.10/dist-packages:${PYTHONPATH} /usr/bin/cmake /home/parallels/INC493/src/vesc-humble/vesc_ackermann -DCMAKE_INSTALL_PREFIX=/home/parallels/INC493/src/vesc-humble/install/vesc_ackermann
[0.039s] -- The C compiler identification is GNU 11.3.0
[0.071s] -- The CXX compiler identification is GNU 11.3.0
[0.076s] -- Detecting C compiler ABI info
[0.118s] -- Detecting C compiler ABI info - done
[0.122s] -- Check for working C compiler: /usr/bin/cc - skipped
[0.122s] -- Detecting C compile features
[0.123s] -- Detecting C compile features - done
[0.124s] -- Detecting CXX compiler ABI info
[0.168s] -- Detecting CXX compiler ABI info - done
[0.172s] -- Check for working CXX compiler: /usr/bin/c++ - skipped
[0.172s] -- Detecting CXX compile features
[0.172s] -- Detecting CXX compile features - done
[0.173s] -- Found ament_cmake_auto: 1.3.4 (/opt/ros/humble/share/ament_cmake_auto/cmake)
[0.262s] -- Found Python3: /usr/bin/python3.10 (found version "3.10.6") found components: Interpreter 
[0.352s] -- Found rosidl_generator_c: 3.1.4 (/opt/ros/humble/share/rosidl_generator_c/cmake)
[0.355s] -- Found rosidl_adapter: 3.1.4 (/opt/ros/humble/share/rosidl_adapter/cmake)
[0.359s] -- Found rosidl_generator_cpp: 3.1.4 (/opt/ros/humble/share/rosidl_generator_cpp/cmake)
[0.365s] -- Using all available rosidl_typesupport_c: rosidl_typesupport_fastrtps_c;rosidl_typesupport_introspection_c
[0.375s] -- Using all available rosidl_typesupport_cpp: rosidl_typesupport_fastrtps_cpp;rosidl_typesupport_introspection_cpp
[0.554s] -- Found rmw_implementation_cmake: 6.1.1 (/opt/ros/humble/share/rmw_implementation_cmake/cmake)
[0.556s] -- Found rmw_fastrtps_cpp: 6.2.2 (/opt/ros/humble/share/rmw_fastrtps_cpp/cmake)
[0.610s] -- Found OpenSSL: /usr/lib/aarch64-linux-gnu/libcrypto.so (found version "3.0.2")  
[0.624s] -- Found FastRTPS: /opt/ros/humble/include  
[0.650s] -- Using RMW implementation 'rmw_fastrtps_cpp' as default
[0.654s] -- Looking for pthread.h
[0.694s] -- Looking for pthread.h - found
[0.694s] -- Performing Test CMAKE_HAVE_LIBC_PTHREAD
[0.754s] -- Performing Test CMAKE_HAVE_LIBC_PTHREAD - Success
[0.754s] -- Found Threads: TRUE  
[1.098s] -- Found ament_lint_auto: 0.12.6 (/opt/ros/humble/share/ament_lint_auto/cmake)
[1.108s] -- Added test 'copyright' to check source files copyright and LICENSE
[1.109s] -- Added test 'cppcheck' to perform static code analysis on C / C++ code
[1.109s] -- Configured cppcheck include dirs: /home/parallels/INC493/src/vesc-humble/vesc_ackermann/include
[1.109s] -- Configured cppcheck exclude dirs and/or files: 
[1.109s] -- Added test 'cpplint' to check C / C++ code against the Google style
[1.109s] -- Configured cpplint exclude dirs and/or files: 
[1.110s] -- Added test 'lint_cmake' to check CMake code style
[1.110s] -- Added test 'uncrustify' to check C / C++ code style
[1.110s] -- Configured uncrustify additional arguments: 
[1.110s] -- Added test 'xmllint' to check XML markup files
[1.111s] -- Configuring done
[1.120s] -- Generating done
[1.121s] -- Build files have been written to: /home/parallels/INC493/src/vesc-humble/build/vesc_ackermann
[1.127s] Invoked command in '/home/parallels/INC493/src/vesc-humble/build/vesc_ackermann' returned '0': AMENT_PREFIX_PATH=/home/parallels/INC493/src/vesc-humble/install/vesc_msgs:${AMENT_PREFIX_PATH} CMAKE_PREFIX_PATH=/home/parallels/INC493/src/vesc-humble/install/vesc_msgs:/opt/ros/humble LD_LIBRARY_PATH=/home/parallels/INC493/src/vesc-humble/install/vesc_msgs/lib:${LD_LIBRARY_PATH} PYTHONPATH=/home/parallels/INC493/src/vesc-humble/install/vesc_msgs/local/lib/python3.10/dist-packages:${PYTHONPATH} /usr/bin/cmake /home/parallels/INC493/src/vesc-humble/vesc_ackermann -DCMAKE_INSTALL_PREFIX=/home/parallels/INC493/src/vesc-humble/install/vesc_ackermann
[1.127s] Invoking command in '/home/parallels/INC493/src/vesc-humble/build/vesc_ackermann': AMENT_PREFIX_PATH=/home/parallels/INC493/src/vesc-humble/install/vesc_msgs:${AMENT_PREFIX_PATH} CMAKE_PREFIX_PATH=/home/parallels/INC493/src/vesc-humble/install/vesc_msgs:/opt/ros/humble LD_LIBRARY_PATH=/home/parallels/INC493/src/vesc-humble/install/vesc_msgs/lib:${LD_LIBRARY_PATH} PYTHONPATH=/home/parallels/INC493/src/vesc-humble/install/vesc_msgs/local/lib/python3.10/dist-packages:${PYTHONPATH} /usr/bin/cmake --build /home/parallels/INC493/src/vesc-humble/build/vesc_ackermann -- -j2 -l2
[1.196s] [ 14%] [32mBuilding CXX object CMakeFiles/vesc_ackermann.dir/src/ackermann_to_vesc.cpp.o[0m
[1.207s] [ 28%] [32mBuilding CXX object CMakeFiles/ackermann_to_vesc_node.dir/rclcpp_components/node_main_ackermann_to_vesc_node.cpp.o[0m
[7.292s] [ 42%] [32m[1mLinking CXX executable ackermann_to_vesc_node[0m
[7.436s] [ 42%] Built target ackermann_to_vesc_node
[7.466s] [ 57%] [32mBuilding CXX object CMakeFiles/vesc_to_odom_node.dir/rclcpp_components/node_main_vesc_to_odom_node.cpp.o[0m
[10.953s] [ 71%] [32m[1mLinking CXX executable vesc_to_odom_node[0m
[11.139s] [ 71%] Built target vesc_to_odom_node
[11.161s] [ 85%] [32mBuilding CXX object CMakeFiles/vesc_ackermann.dir/src/vesc_to_odom.cpp.o[0m
[19.411s] [100%] [32m[1mLinking CXX shared library libvesc_ackermann.so[0m
[20.119s] [100%] Built target vesc_ackermann
[20.178s] Invoked command in '/home/parallels/INC493/src/vesc-humble/build/vesc_ackermann' returned '0': AMENT_PREFIX_PATH=/home/parallels/INC493/src/vesc-humble/install/vesc_msgs:${AMENT_PREFIX_PATH} CMAKE_PREFIX_PATH=/home/parallels/INC493/src/vesc-humble/install/vesc_msgs:/opt/ros/humble LD_LIBRARY_PATH=/home/parallels/INC493/src/vesc-humble/install/vesc_msgs/lib:${LD_LIBRARY_PATH} PYTHONPATH=/home/parallels/INC493/src/vesc-humble/install/vesc_msgs/local/lib/python3.10/dist-packages:${PYTHONPATH} /usr/bin/cmake --build /home/parallels/INC493/src/vesc-humble/build/vesc_ackermann -- -j2 -l2
[20.240s] Invoking command in '/home/parallels/INC493/src/vesc-humble/build/vesc_ackermann': AMENT_PREFIX_PATH=/home/parallels/INC493/src/vesc-humble/install/vesc_msgs:${AMENT_PREFIX_PATH} CMAKE_PREFIX_PATH=/home/parallels/INC493/src/vesc-humble/install/vesc_msgs:/opt/ros/humble LD_LIBRARY_PATH=/home/parallels/INC493/src/vesc-humble/install/vesc_msgs/lib:${LD_LIBRARY_PATH} PYTHONPATH=/home/parallels/INC493/src/vesc-humble/install/vesc_msgs/local/lib/python3.10/dist-packages:${PYTHONPATH} /usr/bin/cmake --install /home/parallels/INC493/src/vesc-humble/build/vesc_ackermann
[20.247s] -- Install configuration: ""
[20.247s] -- Installing: /home/parallels/INC493/src/vesc-humble/install/vesc_ackermann/lib/vesc_ackermann/ackermann_to_vesc_node
[20.247s] -- Set runtime path of "/home/parallels/INC493/src/vesc-humble/install/vesc_ackermann/lib/vesc_ackermann/ackermann_to_vesc_node" to ""
[20.247s] -- Installing: /home/parallels/INC493/src/vesc-humble/install/vesc_ackermann/lib/vesc_ackermann/vesc_to_odom_node
[20.249s] -- Set runtime path of "/home/parallels/INC493/src/vesc-humble/install/vesc_ackermann/lib/vesc_ackermann/vesc_to_odom_node" to ""
[20.249s] -- Installing: /home/parallels/INC493/src/vesc-humble/install/vesc_ackermann/include
[20.250s] -- Installing: /home/parallels/INC493/src/vesc-humble/install/vesc_ackermann/include/vesc_ackermann
[20.250s] -- Installing: /home/parallels/INC493/src/vesc-humble/install/vesc_ackermann/include/vesc_ackermann/ackermann_to_vesc.hpp
[20.250s] -- Installing: /home/parallels/INC493/src/vesc-humble/install/vesc_ackermann/include/vesc_ackermann/vesc_to_odom.hpp
[20.251s] -- Installing: /home/parallels/INC493/src/vesc-humble/install/vesc_ackermann/share/vesc_ackermann/environment/library_path.sh
[20.252s] -- Installing: /home/parallels/INC493/src/vesc-humble/install/vesc_ackermann/share/vesc_ackermann/environment/library_path.dsv
[20.252s] -- Installing: /home/parallels/INC493/src/vesc-humble/install/vesc_ackermann/lib/libvesc_ackermann.so
[20.260s] -- Set runtime path of "/home/parallels/INC493/src/vesc-humble/install/vesc_ackermann/lib/libvesc_ackermann.so" to ""
[20.260s] -- Installing: /home/parallels/INC493/src/vesc-humble/install/vesc_ackermann/share/vesc_ackermann/launch
[20.260s] -- Installing: /home/parallels/INC493/src/vesc-humble/install/vesc_ackermann/share/vesc_ackermann/launch/vesc_to_odom_node.launch.xml
[20.260s] -- Installing: /home/parallels/INC493/src/vesc-humble/install/vesc_ackermann/share/vesc_ackermann/launch/ackermann_to_vesc_node.launch.xml
[20.261s] -- Installing: /home/parallels/INC493/src/vesc-humble/install/vesc_ackermann/share/ament_index/resource_index/package_run_dependencies/vesc_ackermann
[20.261s] -- Installing: /home/parallels/INC493/src/vesc-humble/install/vesc_ackermann/share/ament_index/resource_index/parent_prefix_path/vesc_ackermann
[20.264s] -- Installing: /home/parallels/INC493/src/vesc-humble/install/vesc_ackermann/share/vesc_ackermann/environment/ament_prefix_path.sh
[20.264s] -- Installing: /home/parallels/INC493/src/vesc-humble/install/vesc_ackermann/share/vesc_ackermann/environment/ament_prefix_path.dsv
[20.266s] -- Installing: /home/parallels/INC493/src/vesc-humble/install/vesc_ackermann/share/vesc_ackermann/environment/path.sh
[20.266s] -- Installing: /home/parallels/INC493/src/vesc-humble/install/vesc_ackermann/share/vesc_ackermann/environment/path.dsv
[20.266s] -- Installing: /home/parallels/INC493/src/vesc-humble/install/vesc_ackermann/share/vesc_ackermann/local_setup.bash
[20.266s] -- Installing: /home/parallels/INC493/src/vesc-humble/install/vesc_ackermann/share/vesc_ackermann/local_setup.sh
[20.266s] -- Installing: /home/parallels/INC493/src/vesc-humble/install/vesc_ackermann/share/vesc_ackermann/local_setup.zsh
[20.266s] -- Installing: /home/parallels/INC493/src/vesc-humble/install/vesc_ackermann/share/vesc_ackermann/local_setup.dsv
[20.267s] -- Installing: /home/parallels/INC493/src/vesc-humble/install/vesc_ackermann/share/vesc_ackermann/package.dsv
[20.267s] -- Installing: /home/parallels/INC493/src/vesc-humble/install/vesc_ackermann/share/ament_index/resource_index/packages/vesc_ackermann
[20.267s] -- Installing: /home/parallels/INC493/src/vesc-humble/install/vesc_ackermann/share/ament_index/resource_index/rclcpp_components/vesc_ackermann
[20.267s] -- Installing: /home/parallels/INC493/src/vesc-humble/install/vesc_ackermann/share/vesc_ackermann/cmake/ament_cmake_export_dependencies-extras.cmake
[20.267s] -- Installing: /home/parallels/INC493/src/vesc-humble/install/vesc_ackermann/share/vesc_ackermann/cmake/ament_cmake_export_include_directories-extras.cmake
[20.267s] -- Installing: /home/parallels/INC493/src/vesc-humble/install/vesc_ackermann/share/vesc_ackermann/cmake/ament_cmake_export_libraries-extras.cmake
[20.267s] -- Installing: /home/parallels/INC493/src/vesc-humble/install/vesc_ackermann/share/vesc_ackermann/cmake/vesc_ackermannConfig.cmake
[20.268s] -- Installing: /home/parallels/INC493/src/vesc-humble/install/vesc_ackermann/share/vesc_ackermann/cmake/vesc_ackermannConfig-version.cmake
[20.268s] -- Installing: /home/parallels/INC493/src/vesc-humble/install/vesc_ackermann/share/vesc_ackermann/package.xml
[20.280s] Invoked command in '/home/parallels/INC493/src/vesc-humble/build/vesc_ackermann' returned '0': AMENT_PREFIX_PATH=/home/parallels/INC493/src/vesc-humble/install/vesc_msgs:${AMENT_PREFIX_PATH} CMAKE_PREFIX_PATH=/home/parallels/INC493/src/vesc-humble/install/vesc_msgs:/opt/ros/humble LD_LIBRARY_PATH=/home/parallels/INC493/src/vesc-humble/install/vesc_msgs/lib:${LD_LIBRARY_PATH} PYTHONPATH=/home/parallels/INC493/src/vesc-humble/install/vesc_msgs/local/lib/python3.10/dist-packages:${PYTHONPATH} /usr/bin/cmake --install /home/parallels/INC493/src/vesc-humble/build/vesc_ackermann
