[0.009s] Invoking command in '/home/peachji/peachF1/teleop_twist_joy-humble/build/teleop_twist_joy': CMAKE_PREFIX_PATH=${CMAKE_PREFIX_PATH}:/opt/ros/humble /usr/bin/cmake --build /home/peachji/peachF1/teleop_twist_joy-humble/build/teleop_twist_joy -- -j16 -l16
[0.041s] [35m[1mConsolidate compiler generated dependencies of target teleop_twist_joy[0m
[0.052s] [ 25%] [32mBuilding CXX object CMakeFiles/teleop_twist_joy.dir/src/teleop_twist_joy.cpp.o[0m
[5.341s] [ 50%] [32m[1mLinking CXX shared library libteleop_twist_joy.so[0m
[5.607s] [ 50%] Built target teleop_twist_joy
[5.617s] [35m[1mConsolidate compiler generated dependencies of target teleop_twist_joy_node[0m
[5.630s] [ 75%] [32m[1mLinking CXX executable teleop_node[0m
[5.772s] [100%] Built target teleop_twist_joy_node
[5.784s] Invoked command in '/home/peachji/peachF1/teleop_twist_joy-humble/build/teleop_twist_joy' returned '0': CMAKE_PREFIX_PATH=${CMAKE_PREFIX_PATH}:/opt/ros/humble /usr/bin/cmake --build /home/peachji/peachF1/teleop_twist_joy-humble/build/teleop_twist_joy -- -j16 -l16
[5.818s] Invoking command in '/home/peachji/peachF1/teleop_twist_joy-humble/build/teleop_twist_joy': CMAKE_PREFIX_PATH=${CMAKE_PREFIX_PATH}:/opt/ros/humble /usr/bin/cmake --install /home/peachji/peachF1/teleop_twist_joy-humble/build/teleop_twist_joy
[5.823s] -- Install configuration: ""
[5.823s] -- Installing: /home/peachji/peachF1/teleop_twist_joy-humble/install/teleop_twist_joy/lib/libteleop_twist_joy.so
[5.827s] -- Set runtime path of "/home/peachji/peachF1/teleop_twist_joy-humble/install/teleop_twist_joy/lib/libteleop_twist_joy.so" to ""
[5.827s] -- Installing: /home/peachji/peachF1/teleop_twist_joy-humble/install/teleop_twist_joy/lib/teleop_twist_joy/teleop_node
[5.827s] -- Set runtime path of "/home/peachji/peachF1/teleop_twist_joy-humble/install/teleop_twist_joy/lib/teleop_twist_joy/teleop_node" to ""
[5.827s] -- Up-to-date: /home/peachji/peachF1/teleop_twist_joy-humble/install/teleop_twist_joy/include/teleop_twist_joy
[5.827s] -- Up-to-date: /home/peachji/peachF1/teleop_twist_joy-humble/install/teleop_twist_joy/include/teleop_twist_joy/teleop_twist_joy
[5.827s] -- Up-to-date: /home/peachji/peachF1/teleop_twist_joy-humble/install/teleop_twist_joy/include/teleop_twist_joy/teleop_twist_joy/teleop_twist_joy.hpp
[5.828s] -- Up-to-date: /home/peachji/peachF1/teleop_twist_joy-humble/install/teleop_twist_joy/include/teleop_twist_joy/teleop_twist_joy/teleop_twist_joy_export.h
[5.828s] -- Up-to-date: /home/peachji/peachF1/teleop_twist_joy-humble/install/teleop_twist_joy/share/teleop_twist_joy/launch
[5.828s] -- Up-to-date: /home/peachji/peachF1/teleop_twist_joy-humble/install/teleop_twist_joy/share/teleop_twist_joy/launch/teleop-launch.py
[5.828s] -- Up-to-date: /home/peachji/peachF1/teleop_twist_joy-humble/install/teleop_twist_joy/share/teleop_twist_joy/config
[5.828s] -- Up-to-date: /home/peachji/peachF1/teleop_twist_joy-humble/install/teleop_twist_joy/share/teleop_twist_joy/config/atk3.config.yaml
[5.828s] -- Up-to-date: /home/peachji/peachF1/teleop_twist_joy-humble/install/teleop_twist_joy/share/teleop_twist_joy/config/ps3.config.yaml
[5.828s] -- Up-to-date: /home/peachji/peachF1/teleop_twist_joy-humble/install/teleop_twist_joy/share/teleop_twist_joy/config/xd3.config.yaml
[5.828s] -- Up-to-date: /home/peachji/peachF1/teleop_twist_joy-humble/install/teleop_twist_joy/share/teleop_twist_joy/config/ps3-holonomic.config.yaml
[5.828s] -- Up-to-date: /home/peachji/peachF1/teleop_twist_joy-humble/install/teleop_twist_joy/share/teleop_twist_joy/config/xbox.config.yaml
[5.828s] -- Up-to-date: /home/peachji/peachF1/teleop_twist_joy-humble/install/teleop_twist_joy/share/teleop_twist_joy/environment/library_path.sh
[5.828s] -- Up-to-date: /home/peachji/peachF1/teleop_twist_joy-humble/install/teleop_twist_joy/share/teleop_twist_joy/environment/library_path.dsv
[5.829s] -- Up-to-date: /home/peachji/peachF1/teleop_twist_joy-humble/install/teleop_twist_joy/share/ament_index/resource_index/package_run_dependencies/teleop_twist_joy
[5.829s] -- Up-to-date: /home/peachji/peachF1/teleop_twist_joy-humble/install/teleop_twist_joy/share/ament_index/resource_index/parent_prefix_path/teleop_twist_joy
[5.829s] -- Up-to-date: /home/peachji/peachF1/teleop_twist_joy-humble/install/teleop_twist_joy/share/teleop_twist_joy/environment/ament_prefix_path.sh
[5.830s] -- Up-to-date: /home/peachji/peachF1/teleop_twist_joy-humble/install/teleop_twist_joy/share/teleop_twist_joy/environment/ament_prefix_path.dsv
[5.830s] -- Up-to-date: /home/peachji/peachF1/teleop_twist_joy-humble/install/teleop_twist_joy/share/teleop_twist_joy/environment/path.sh
[5.830s] -- Up-to-date: /home/peachji/peachF1/teleop_twist_joy-humble/install/teleop_twist_joy/share/teleop_twist_joy/environment/path.dsv
[5.830s] -- Up-to-date: /home/peachji/peachF1/teleop_twist_joy-humble/install/teleop_twist_joy/share/teleop_twist_joy/local_setup.bash
[5.830s] -- Up-to-date: /home/peachji/peachF1/teleop_twist_joy-humble/install/teleop_twist_joy/share/teleop_twist_joy/local_setup.sh
[5.830s] -- Up-to-date: /home/peachji/peachF1/teleop_twist_joy-humble/install/teleop_twist_joy/share/teleop_twist_joy/local_setup.zsh
[5.830s] -- Up-to-date: /home/peachji/peachF1/teleop_twist_joy-humble/install/teleop_twist_joy/share/teleop_twist_joy/local_setup.dsv
[5.831s] -- Installing: /home/peachji/peachF1/teleop_twist_joy-humble/install/teleop_twist_joy/share/teleop_twist_joy/package.dsv
[5.831s] -- Up-to-date: /home/peachji/peachF1/teleop_twist_joy-humble/install/teleop_twist_joy/share/ament_index/resource_index/packages/teleop_twist_joy
[5.831s] -- Up-to-date: /home/peachji/peachF1/teleop_twist_joy-humble/install/teleop_twist_joy/share/ament_index/resource_index/rclcpp_components/teleop_twist_joy
[5.831s] -- Up-to-date: /home/peachji/peachF1/teleop_twist_joy-humble/install/teleop_twist_joy/share/teleop_twist_joy/cmake/export_teleop_twist_joyExport.cmake
[5.831s] -- Up-to-date: /home/peachji/peachF1/teleop_twist_joy-humble/install/teleop_twist_joy/share/teleop_twist_joy/cmake/export_teleop_twist_joyExport-noconfig.cmake
[5.831s] -- Up-to-date: /home/peachji/peachF1/teleop_twist_joy-humble/install/teleop_twist_joy/share/teleop_twist_joy/cmake/ament_cmake_export_include_directories-extras.cmake
[5.831s] -- Up-to-date: /home/peachji/peachF1/teleop_twist_joy-humble/install/teleop_twist_joy/share/teleop_twist_joy/cmake/ament_cmake_export_libraries-extras.cmake
[5.831s] -- Up-to-date: /home/peachji/peachF1/teleop_twist_joy-humble/install/teleop_twist_joy/share/teleop_twist_joy/cmake/ament_cmake_export_targets-extras.cmake
[5.832s] -- Up-to-date: /home/peachji/peachF1/teleop_twist_joy-humble/install/teleop_twist_joy/share/teleop_twist_joy/cmake/teleop_twist_joyConfig.cmake
[5.832s] -- Up-to-date: /home/peachji/peachF1/teleop_twist_joy-humble/install/teleop_twist_joy/share/teleop_twist_joy/cmake/teleop_twist_joyConfig-version.cmake
[5.832s] -- Up-to-date: /home/peachji/peachF1/teleop_twist_joy-humble/install/teleop_twist_joy/share/teleop_twist_joy/package.xml
[5.832s] Invoked command in '/home/peachji/peachF1/teleop_twist_joy-humble/build/teleop_twist_joy' returned '0': CMAKE_PREFIX_PATH=${CMAKE_PREFIX_PATH}:/opt/ros/humble /usr/bin/cmake --install /home/peachji/peachF1/teleop_twist_joy-humble/build/teleop_twist_joy
