[0.012s] Invoking command in '/home/parallels/INC493/src/vesc-humble/build/vesc': AMENT_PREFIX_PATH=/home/parallels/INC493/src/vesc-humble/install/vesc_driver:/home/parallels/INC493/src/vesc-humble/install/vesc_ackermann:/home/parallels/INC493/src/vesc-humble/install/vesc_msgs:${AMENT_PREFIX_PATH} CMAKE_PREFIX_PATH=/home/parallels/INC493/src/vesc-humble/install/vesc_driver:/home/parallels/INC493/src/vesc-humble/install/vesc_ackermann:/home/parallels/INC493/src/vesc-humble/install/vesc_msgs:/opt/ros/humble LD_LIBRARY_PATH=/home/parallels/INC493/src/vesc-humble/install/vesc_driver/lib:/home/parallels/INC493/src/vesc-humble/install/vesc_ackermann/lib:/home/parallels/INC493/src/vesc-humble/install/vesc_msgs/lib:${LD_LIBRARY_PATH} PYTHONPATH=/home/parallels/INC493/src/vesc-humble/install/vesc_msgs/local/lib/python3.10/dist-packages:${PYTHONPATH} /usr/bin/cmake /home/parallels/INC493/src/vesc-humble/vesc -DCMAKE_INSTALL_PREFIX=/home/parallels/INC493/src/vesc-humble/install/vesc
[0.071s] -- The C compiler identification is GNU 11.3.0
[0.103s] -- The CXX compiler identification is GNU 11.3.0
[0.110s] -- Detecting C compiler ABI info
[0.151s] -- Detecting C compiler ABI info - done
[0.154s] -- Check for working C compiler: /usr/bin/cc - skipped
[0.154s] -- Detecting C compile features
[0.155s] -- Detecting C compile features - done
[0.157s] -- Detecting CXX compiler ABI info
[0.206s] -- Detecting CXX compiler ABI info - done
[0.207s] -- Check for working CXX compiler: /usr/bin/c++ - skipped
[0.207s] -- Detecting CXX compile features
[0.207s] -- Detecting CXX compile features - done
[0.210s] -- Found ament_cmake_auto: 1.3.4 (/opt/ros/humble/share/ament_cmake_auto/cmake)
[0.350s] -- Found Python3: /usr/bin/python3.10 (found version "3.10.6") found components: Interpreter 
[0.466s] -- Configuring done
[0.468s] -- Generating done
[0.468s] -- Build files have been written to: /home/parallels/INC493/src/vesc-humble/build/vesc
[0.471s] Invoked command in '/home/parallels/INC493/src/vesc-humble/build/vesc' returned '0': AMENT_PREFIX_PATH=/home/parallels/INC493/src/vesc-humble/install/vesc_driver:/home/parallels/INC493/src/vesc-humble/install/vesc_ackermann:/home/parallels/INC493/src/vesc-humble/install/vesc_msgs:${AMENT_PREFIX_PATH} CMAKE_PREFIX_PATH=/home/parallels/INC493/src/vesc-humble/install/vesc_driver:/home/parallels/INC493/src/vesc-humble/install/vesc_ackermann:/home/parallels/INC493/src/vesc-humble/install/vesc_msgs:/opt/ros/humble LD_LIBRARY_PATH=/home/parallels/INC493/src/vesc-humble/install/vesc_driver/lib:/home/parallels/INC493/src/vesc-humble/install/vesc_ackermann/lib:/home/parallels/INC493/src/vesc-humble/install/vesc_msgs/lib:${LD_LIBRARY_PATH} PYTHONPATH=/home/parallels/INC493/src/vesc-humble/install/vesc_msgs/local/lib/python3.10/dist-packages:${PYTHONPATH} /usr/bin/cmake /home/parallels/INC493/src/vesc-humble/vesc -DCMAKE_INSTALL_PREFIX=/home/parallels/INC493/src/vesc-humble/install/vesc
[0.472s] Invoking command in '/home/parallels/INC493/src/vesc-humble/build/vesc': AMENT_PREFIX_PATH=/home/parallels/INC493/src/vesc-humble/install/vesc_driver:/home/parallels/INC493/src/vesc-humble/install/vesc_ackermann:/home/parallels/INC493/src/vesc-humble/install/vesc_msgs:${AMENT_PREFIX_PATH} CMAKE_PREFIX_PATH=/home/parallels/INC493/src/vesc-humble/install/vesc_driver:/home/parallels/INC493/src/vesc-humble/install/vesc_ackermann:/home/parallels/INC493/src/vesc-humble/install/vesc_msgs:/opt/ros/humble LD_LIBRARY_PATH=/home/parallels/INC493/src/vesc-humble/install/vesc_driver/lib:/home/parallels/INC493/src/vesc-humble/install/vesc_ackermann/lib:/home/parallels/INC493/src/vesc-humble/install/vesc_msgs/lib:${LD_LIBRARY_PATH} PYTHONPATH=/home/parallels/INC493/src/vesc-humble/install/vesc_msgs/local/lib/python3.10/dist-packages:${PYTHONPATH} /usr/bin/cmake --build /home/parallels/INC493/src/vesc-humble/build/vesc -- -j2 -l2
[0.494s] Invoked command in '/home/parallels/INC493/src/vesc-humble/build/vesc' returned '0': AMENT_PREFIX_PATH=/home/parallels/INC493/src/vesc-humble/install/vesc_driver:/home/parallels/INC493/src/vesc-humble/install/vesc_ackermann:/home/parallels/INC493/src/vesc-humble/install/vesc_msgs:${AMENT_PREFIX_PATH} CMAKE_PREFIX_PATH=/home/parallels/INC493/src/vesc-humble/install/vesc_driver:/home/parallels/INC493/src/vesc-humble/install/vesc_ackermann:/home/parallels/INC493/src/vesc-humble/install/vesc_msgs:/opt/ros/humble LD_LIBRARY_PATH=/home/parallels/INC493/src/vesc-humble/install/vesc_driver/lib:/home/parallels/INC493/src/vesc-humble/install/vesc_ackermann/lib:/home/parallels/INC493/src/vesc-humble/install/vesc_msgs/lib:${LD_LIBRARY_PATH} PYTHONPATH=/home/parallels/INC493/src/vesc-humble/install/vesc_msgs/local/lib/python3.10/dist-packages:${PYTHONPATH} /usr/bin/cmake --build /home/parallels/INC493/src/vesc-humble/build/vesc -- -j2 -l2
[0.507s] Invoking command in '/home/parallels/INC493/src/vesc-humble/build/vesc': AMENT_PREFIX_PATH=/home/parallels/INC493/src/vesc-humble/install/vesc_driver:/home/parallels/INC493/src/vesc-humble/install/vesc_ackermann:/home/parallels/INC493/src/vesc-humble/install/vesc_msgs:${AMENT_PREFIX_PATH} CMAKE_PREFIX_PATH=/home/parallels/INC493/src/vesc-humble/install/vesc_driver:/home/parallels/INC493/src/vesc-humble/install/vesc_ackermann:/home/parallels/INC493/src/vesc-humble/install/vesc_msgs:/opt/ros/humble LD_LIBRARY_PATH=/home/parallels/INC493/src/vesc-humble/install/vesc_driver/lib:/home/parallels/INC493/src/vesc-humble/install/vesc_ackermann/lib:/home/parallels/INC493/src/vesc-humble/install/vesc_msgs/lib:${LD_LIBRARY_PATH} PYTHONPATH=/home/parallels/INC493/src/vesc-humble/install/vesc_msgs/local/lib/python3.10/dist-packages:${PYTHONPATH} /usr/bin/cmake --install /home/parallels/INC493/src/vesc-humble/build/vesc
[0.511s] -- Install configuration: ""
[0.511s] -- Installing: /home/parallels/INC493/src/vesc-humble/install/vesc/share/ament_index/resource_index/package_run_dependencies/vesc
[0.512s] -- Installing: /home/parallels/INC493/src/vesc-humble/install/vesc/share/ament_index/resource_index/parent_prefix_path/vesc
[0.512s] -- Installing: /home/parallels/INC493/src/vesc-humble/install/vesc/share/vesc/environment/ament_prefix_path.sh
[0.512s] -- Installing: /home/parallels/INC493/src/vesc-humble/install/vesc/share/vesc/environment/ament_prefix_path.dsv
[0.512s] -- Installing: /home/parallels/INC493/src/vesc-humble/install/vesc/share/vesc/environment/path.sh
[0.512s] -- Installing: /home/parallels/INC493/src/vesc-humble/install/vesc/share/vesc/environment/path.dsv
[0.512s] -- Installing: /home/parallels/INC493/src/vesc-humble/install/vesc/share/vesc/local_setup.bash
[0.512s] -- Installing: /home/parallels/INC493/src/vesc-humble/install/vesc/share/vesc/local_setup.sh
[0.512s] -- Installing: /home/parallels/INC493/src/vesc-humble/install/vesc/share/vesc/local_setup.zsh
[0.512s] -- Installing: /home/parallels/INC493/src/vesc-humble/install/vesc/share/vesc/local_setup.dsv
[0.512s] -- Installing: /home/parallels/INC493/src/vesc-humble/install/vesc/share/vesc/package.dsv
[0.512s] -- Installing: /home/parallels/INC493/src/vesc-humble/install/vesc/share/ament_index/resource_index/packages/vesc
[0.512s] -- Installing: /home/parallels/INC493/src/vesc-humble/install/vesc/share/vesc/cmake/vescConfig.cmake
[0.512s] -- Installing: /home/parallels/INC493/src/vesc-humble/install/vesc/share/vesc/cmake/vescConfig-version.cmake
[0.512s] -- Installing: /home/parallels/INC493/src/vesc-humble/install/vesc/share/vesc/package.xml
[0.514s] Invoked command in '/home/parallels/INC493/src/vesc-humble/build/vesc' returned '0': AMENT_PREFIX_PATH=/home/parallels/INC493/src/vesc-humble/install/vesc_driver:/home/parallels/INC493/src/vesc-humble/install/vesc_ackermann:/home/parallels/INC493/src/vesc-humble/install/vesc_msgs:${AMENT_PREFIX_PATH} CMAKE_PREFIX_PATH=/home/parallels/INC493/src/vesc-humble/install/vesc_driver:/home/parallels/INC493/src/vesc-humble/install/vesc_ackermann:/home/parallels/INC493/src/vesc-humble/install/vesc_msgs:/opt/ros/humble LD_LIBRARY_PATH=/home/parallels/INC493/src/vesc-humble/install/vesc_driver/lib:/home/parallels/INC493/src/vesc-humble/install/vesc_ackermann/lib:/home/parallels/INC493/src/vesc-humble/install/vesc_msgs/lib:${LD_LIBRARY_PATH} PYTHONPATH=/home/parallels/INC493/src/vesc-humble/install/vesc_msgs/local/lib/python3.10/dist-packages:${PYTHONPATH} /usr/bin/cmake --install /home/parallels/INC493/src/vesc-humble/build/vesc
