[0.015s] Invoking command in '/home/peachji/microros_ws/build/micro_ros_msgs': CMAKE_PREFIX_PATH=${CMAKE_PREFIX_PATH}:/opt/ros/humble /usr/bin/cmake /home/peachji/microros_ws/src/uros/micro_ros_msgs -DCMAKE_INSTALL_PREFIX=/home/peachji/microros_ws/install/micro_ros_msgs
[0.025s] -- Found ament_cmake: 1.3.10 (/opt/ros/humble/share/ament_cmake/cmake)
[0.127s] -- Found rosidl_default_generators: 1.2.0 (/opt/ros/humble/share/rosidl_default_generators/cmake)
[0.128s] -- Using all available rosidl_typesupport_c: rosidl_typesupport_fastrtps_c;rosidl_typesupport_introspection_c
[0.130s] -- Found rosidl_adapter: 3.1.5 (/opt/ros/humble/share/rosidl_adapter/cmake)
[0.150s] -- Using all available rosidl_typesupport_cpp: rosidl_typesupport_fastrtps_cpp;rosidl_typesupport_introspection_cpp
[0.165s] -- Found ament_lint_auto: 0.12.11 (/opt/ros/humble/share/ament_lint_auto/cmake)
[0.341s] -- Found ament_cmake_ros: 0.10.0 (/opt/ros/humble/share/ament_cmake_ros/cmake)
[0.470s] -- Using all available rosidl_typesupport_c: rosidl_typesupport_fastrtps_c;rosidl_typesupport_introspection_c
[0.636s] -- Using all available rosidl_typesupport_cpp: rosidl_typesupport_fastrtps_cpp;rosidl_typesupport_introspection_cpp
[0.654s] -- Found python_cmake_module: 0.10.0 (/opt/ros/humble/share/python_cmake_module/cmake)
[0.671s] -- Using PYTHON_EXECUTABLE: /usr/bin/python3
[0.671s] -- Using PYTHON_INCLUDE_DIRS: /usr/include/python3.10
[0.671s] -- Using PYTHON_LIBRARIES: /usr/lib/x86_64-linux-gnu/libpython3.10.so
[0.679s] -- Added test 'copyright' to check source files copyright and LICENSE
[0.681s] -- Added test 'lint_cmake' to check CMake code style
[0.683s] -- Added test 'xmllint' to check XML markup files
[0.684s] -- Configuring done
[0.700s] -- Generating done
[0.702s] -- Build files have been written to: /home/peachji/microros_ws/build/micro_ros_msgs
[0.708s] Invoked command in '/home/peachji/microros_ws/build/micro_ros_msgs' returned '0': CMAKE_PREFIX_PATH=${CMAKE_PREFIX_PATH}:/opt/ros/humble /usr/bin/cmake /home/peachji/microros_ws/src/uros/micro_ros_msgs -DCMAKE_INSTALL_PREFIX=/home/peachji/microros_ws/install/micro_ros_msgs
[0.709s] Invoking command in '/home/peachji/microros_ws/build/micro_ros_msgs': CMAKE_PREFIX_PATH=${CMAKE_PREFIX_PATH}:/opt/ros/humble /usr/bin/cmake --build /home/peachji/microros_ws/build/micro_ros_msgs -- -j16 -l16
[0.741s] [35m[1mConsolidate compiler generated dependencies of target micro_ros_msgs__rosidl_generator_c[0m
[0.752s] [  2%] Built target micro_ros_msgs__cpp
[0.753s] [ 12%] Built target micro_ros_msgs__rosidl_generator_c
[0.761s] [ 12%] Built target ament_cmake_python_copy_micro_ros_msgs
[0.765s] [35m[1mConsolidate compiler generated dependencies of target micro_ros_msgs__rosidl_typesupport_fastrtps_cpp[0m
[0.765s] [35m[1mConsolidate compiler generated dependencies of target micro_ros_msgs__rosidl_typesupport_introspection_cpp[0m
[0.767s] [35m[1mConsolidate compiler generated dependencies of target micro_ros_msgs__rosidl_typesupport_c[0m
[0.769s] [35m[1mConsolidate compiler generated dependencies of target micro_ros_msgs__rosidl_typesupport_cpp[0m
[0.771s] [35m[1mConsolidate compiler generated dependencies of target micro_ros_msgs__rosidl_typesupport_introspection_c[0m
[0.772s] [35m[1mConsolidate compiler generated dependencies of target micro_ros_msgs__rosidl_typesupport_fastrtps_c[0m
[0.779s] [ 23%] Built target micro_ros_msgs__rosidl_typesupport_introspection_cpp
[0.780s] [ 44%] Built target micro_ros_msgs__rosidl_typesupport_fastrtps_cpp
[0.781s] [ 44%] Built target micro_ros_msgs__rosidl_typesupport_c
[0.786s] [ 55%] Built target micro_ros_msgs__rosidl_typesupport_cpp
[0.787s] [ 65%] Built target micro_ros_msgs__rosidl_typesupport_introspection_c
[0.790s] [ 76%] Built target micro_ros_msgs__rosidl_typesupport_fastrtps_c
[0.810s] [ 76%] Built target micro_ros_msgs
[0.827s] [ 78%] Built target micro_ros_msgs__py
[0.836s] [35m[1mConsolidate compiler generated dependencies of target micro_ros_msgs__rosidl_generator_py[0m
[0.848s] [ 87%] Built target micro_ros_msgs__rosidl_generator_py
[0.859s] [35m[1mConsolidate compiler generated dependencies of target micro_ros_msgs__rosidl_typesupport_fastrtps_c__pyext[0m
[0.860s] [35m[1mConsolidate compiler generated dependencies of target micro_ros_msgs__rosidl_typesupport_c__pyext[0m
[0.860s] [35m[1mConsolidate compiler generated dependencies of target micro_ros_msgs__rosidl_typesupport_introspection_c__pyext[0m
[0.872s] [ 91%] Built target micro_ros_msgs__rosidl_typesupport_fastrtps_c__pyext
[0.873s] [ 95%] Built target micro_ros_msgs__rosidl_typesupport_c__pyext
[0.874s] [100%] Built target micro_ros_msgs__rosidl_typesupport_introspection_c__pyext
[0.927s] running egg_info
[0.927s] writing micro_ros_msgs.egg-info/PKG-INFO
[0.928s] writing dependency_links to micro_ros_msgs.egg-info/dependency_links.txt
[0.928s] writing top-level names to micro_ros_msgs.egg-info/top_level.txt
[0.929s] reading manifest file 'micro_ros_msgs.egg-info/SOURCES.txt'
[0.929s] writing manifest file 'micro_ros_msgs.egg-info/SOURCES.txt'
[0.949s] [100%] Built target ament_cmake_python_build_micro_ros_msgs_egg
[0.958s] Invoked command in '/home/peachji/microros_ws/build/micro_ros_msgs' returned '0': CMAKE_PREFIX_PATH=${CMAKE_PREFIX_PATH}:/opt/ros/humble /usr/bin/cmake --build /home/peachji/microros_ws/build/micro_ros_msgs -- -j16 -l16
[1.048s] Invoking command in '/home/peachji/microros_ws/build/micro_ros_msgs': CMAKE_PREFIX_PATH=${CMAKE_PREFIX_PATH}:/opt/ros/humble /usr/bin/cmake --install /home/peachji/microros_ws/build/micro_ros_msgs
[1.054s] -- Install configuration: ""
[1.054s] -- Up-to-date: /home/peachji/microros_ws/install/micro_ros_msgs/share/ament_index/resource_index/rosidl_interfaces/micro_ros_msgs
[1.054s] -- Up-to-date: /home/peachji/microros_ws/install/micro_ros_msgs/include/micro_ros_msgs/micro_ros_msgs
[1.054s] -- Up-to-date: /home/peachji/microros_ws/install/micro_ros_msgs/include/micro_ros_msgs/micro_ros_msgs/msg
[1.054s] -- Up-to-date: /home/peachji/microros_ws/install/micro_ros_msgs/include/micro_ros_msgs/micro_ros_msgs/msg/entity.h
[1.054s] -- Up-to-date: /home/peachji/microros_ws/install/micro_ros_msgs/include/micro_ros_msgs/micro_ros_msgs/msg/node.h
[1.054s] -- Up-to-date: /home/peachji/microros_ws/install/micro_ros_msgs/include/micro_ros_msgs/micro_ros_msgs/msg/detail
[1.054s] -- Up-to-date: /home/peachji/microros_ws/install/micro_ros_msgs/include/micro_ros_msgs/micro_ros_msgs/msg/detail/graph__functions.h
[1.055s] -- Up-to-date: /home/peachji/microros_ws/install/micro_ros_msgs/include/micro_ros_msgs/micro_ros_msgs/msg/detail/node__struct.h
[1.055s] -- Up-to-date: /home/peachji/microros_ws/install/micro_ros_msgs/include/micro_ros_msgs/micro_ros_msgs/msg/detail/node__functions.h
[1.055s] -- Up-to-date: /home/peachji/microros_ws/install/micro_ros_msgs/include/micro_ros_msgs/micro_ros_msgs/msg/detail/entity__functions.h
[1.055s] -- Up-to-date: /home/peachji/microros_ws/install/micro_ros_msgs/include/micro_ros_msgs/micro_ros_msgs/msg/detail/node__functions.c
[1.055s] -- Up-to-date: /home/peachji/microros_ws/install/micro_ros_msgs/include/micro_ros_msgs/micro_ros_msgs/msg/detail/graph__functions.c
[1.055s] -- Up-to-date: /home/peachji/microros_ws/install/micro_ros_msgs/include/micro_ros_msgs/micro_ros_msgs/msg/detail/graph__struct.h
[1.055s] -- Up-to-date: /home/peachji/microros_ws/install/micro_ros_msgs/include/micro_ros_msgs/micro_ros_msgs/msg/detail/entity__functions.c
[1.055s] -- Up-to-date: /home/peachji/microros_ws/install/micro_ros_msgs/include/micro_ros_msgs/micro_ros_msgs/msg/detail/graph__type_support.h
[1.055s] -- Up-to-date: /home/peachji/microros_ws/install/micro_ros_msgs/include/micro_ros_msgs/micro_ros_msgs/msg/detail/entity__struct.h
[1.055s] -- Up-to-date: /home/peachji/microros_ws/install/micro_ros_msgs/include/micro_ros_msgs/micro_ros_msgs/msg/detail/node__type_support.h
[1.055s] -- Up-to-date: /home/peachji/microros_ws/install/micro_ros_msgs/include/micro_ros_msgs/micro_ros_msgs/msg/detail/entity__type_support.h
[1.055s] -- Up-to-date: /home/peachji/microros_ws/install/micro_ros_msgs/include/micro_ros_msgs/micro_ros_msgs/msg/rosidl_generator_c__visibility_control.h
[1.056s] -- Up-to-date: /home/peachji/microros_ws/install/micro_ros_msgs/include/micro_ros_msgs/micro_ros_msgs/msg/graph.h
[1.056s] -- Up-to-date: /home/peachji/microros_ws/install/micro_ros_msgs/share/micro_ros_msgs/environment/library_path.sh
[1.056s] -- Installing: /home/peachji/microros_ws/install/micro_ros_msgs/share/micro_ros_msgs/environment/library_path.dsv
[1.056s] -- Up-to-date: /home/peachji/microros_ws/install/micro_ros_msgs/lib/libmicro_ros_msgs__rosidl_generator_c.so
[1.056s] -- Up-to-date: /home/peachji/microros_ws/install/micro_ros_msgs/include/micro_ros_msgs/micro_ros_msgs
[1.056s] -- Up-to-date: /home/peachji/microros_ws/install/micro_ros_msgs/include/micro_ros_msgs/micro_ros_msgs/msg
[1.056s] -- Up-to-date: /home/peachji/microros_ws/install/micro_ros_msgs/include/micro_ros_msgs/micro_ros_msgs/msg/rosidl_typesupport_fastrtps_c__visibility_control.h
[1.057s] -- Up-to-date: /home/peachji/microros_ws/install/micro_ros_msgs/include/micro_ros_msgs/micro_ros_msgs/msg/detail
[1.057s] -- Up-to-date: /home/peachji/microros_ws/install/micro_ros_msgs/include/micro_ros_msgs/micro_ros_msgs/msg/detail/node__rosidl_typesupport_fastrtps_c.h
[1.057s] -- Up-to-date: /home/peachji/microros_ws/install/micro_ros_msgs/include/micro_ros_msgs/micro_ros_msgs/msg/detail/entity__rosidl_typesupport_fastrtps_c.h
[1.057s] -- Up-to-date: /home/peachji/microros_ws/install/micro_ros_msgs/include/micro_ros_msgs/micro_ros_msgs/msg/detail/graph__rosidl_typesupport_fastrtps_c.h
[1.057s] -- Up-to-date: /home/peachji/microros_ws/install/micro_ros_msgs/lib/libmicro_ros_msgs__rosidl_typesupport_fastrtps_c.so
[1.057s] -- Up-to-date: /home/peachji/microros_ws/install/micro_ros_msgs/include/micro_ros_msgs/micro_ros_msgs
[1.057s] -- Up-to-date: /home/peachji/microros_ws/install/micro_ros_msgs/include/micro_ros_msgs/micro_ros_msgs/msg
[1.057s] -- Up-to-date: /home/peachji/microros_ws/install/micro_ros_msgs/include/micro_ros_msgs/micro_ros_msgs/msg/rosidl_typesupport_introspection_c__visibility_control.h
[1.057s] -- Up-to-date: /home/peachji/microros_ws/install/micro_ros_msgs/include/micro_ros_msgs/micro_ros_msgs/msg/detail
[1.057s] -- Up-to-date: /home/peachji/microros_ws/install/micro_ros_msgs/include/micro_ros_msgs/micro_ros_msgs/msg/detail/entity__rosidl_typesupport_introspection_c.h
[1.057s] -- Up-to-date: /home/peachji/microros_ws/install/micro_ros_msgs/include/micro_ros_msgs/micro_ros_msgs/msg/detail/graph__rosidl_typesupport_introspection_c.h
[1.058s] -- Up-to-date: /home/peachji/microros_ws/install/micro_ros_msgs/include/micro_ros_msgs/micro_ros_msgs/msg/detail/graph__type_support.c
[1.058s] -- Up-to-date: /home/peachji/microros_ws/install/micro_ros_msgs/include/micro_ros_msgs/micro_ros_msgs/msg/detail/node__type_support.c
[1.058s] -- Up-to-date: /home/peachji/microros_ws/install/micro_ros_msgs/include/micro_ros_msgs/micro_ros_msgs/msg/detail/entity__type_support.c
[1.058s] -- Up-to-date: /home/peachji/microros_ws/install/micro_ros_msgs/include/micro_ros_msgs/micro_ros_msgs/msg/detail/node__rosidl_typesupport_introspection_c.h
[1.058s] -- Up-to-date: /home/peachji/microros_ws/install/micro_ros_msgs/lib/libmicro_ros_msgs__rosidl_typesupport_introspection_c.so
[1.058s] -- Up-to-date: /home/peachji/microros_ws/install/micro_ros_msgs/lib/libmicro_ros_msgs__rosidl_typesupport_c.so
[1.058s] -- Up-to-date: /home/peachji/microros_ws/install/micro_ros_msgs/include/micro_ros_msgs/micro_ros_msgs
[1.058s] -- Up-to-date: /home/peachji/microros_ws/install/micro_ros_msgs/include/micro_ros_msgs/micro_ros_msgs/msg
[1.058s] -- Up-to-date: /home/peachji/microros_ws/install/micro_ros_msgs/include/micro_ros_msgs/micro_ros_msgs/msg/node.hpp
[1.058s] -- Up-to-date: /home/peachji/microros_ws/install/micro_ros_msgs/include/micro_ros_msgs/micro_ros_msgs/msg/detail
[1.058s] -- Up-to-date: /home/peachji/microros_ws/install/micro_ros_msgs/include/micro_ros_msgs/micro_ros_msgs/msg/detail/graph__traits.hpp
[1.059s] -- Up-to-date: /home/peachji/microros_ws/install/micro_ros_msgs/include/micro_ros_msgs/micro_ros_msgs/msg/detail/node__builder.hpp
[1.059s] -- Up-to-date: /home/peachji/microros_ws/install/micro_ros_msgs/include/micro_ros_msgs/micro_ros_msgs/msg/detail/entity__builder.hpp
[1.059s] -- Up-to-date: /home/peachji/microros_ws/install/micro_ros_msgs/include/micro_ros_msgs/micro_ros_msgs/msg/detail/node__struct.hpp
[1.059s] -- Up-to-date: /home/peachji/microros_ws/install/micro_ros_msgs/include/micro_ros_msgs/micro_ros_msgs/msg/detail/node__traits.hpp
[1.059s] -- Up-to-date: /home/peachji/microros_ws/install/micro_ros_msgs/include/micro_ros_msgs/micro_ros_msgs/msg/detail/graph__struct.hpp
[1.059s] -- Up-to-date: /home/peachji/microros_ws/install/micro_ros_msgs/include/micro_ros_msgs/micro_ros_msgs/msg/detail/entity__traits.hpp
[1.059s] -- Up-to-date: /home/peachji/microros_ws/install/micro_ros_msgs/include/micro_ros_msgs/micro_ros_msgs/msg/detail/entity__struct.hpp
[1.059s] -- Up-to-date: /home/peachji/microros_ws/install/micro_ros_msgs/include/micro_ros_msgs/micro_ros_msgs/msg/detail/graph__builder.hpp
[1.059s] -- Up-to-date: /home/peachji/microros_ws/install/micro_ros_msgs/include/micro_ros_msgs/micro_ros_msgs/msg/entity.hpp
[1.059s] -- Up-to-date: /home/peachji/microros_ws/install/micro_ros_msgs/include/micro_ros_msgs/micro_ros_msgs/msg/graph.hpp
[1.059s] -- Up-to-date: /home/peachji/microros_ws/install/micro_ros_msgs/include/micro_ros_msgs/micro_ros_msgs
[1.059s] -- Up-to-date: /home/peachji/microros_ws/install/micro_ros_msgs/include/micro_ros_msgs/micro_ros_msgs/msg
[1.060s] -- Up-to-date: /home/peachji/microros_ws/install/micro_ros_msgs/include/micro_ros_msgs/micro_ros_msgs/msg/detail
[1.060s] -- Up-to-date: /home/peachji/microros_ws/install/micro_ros_msgs/include/micro_ros_msgs/micro_ros_msgs/msg/detail/entity__rosidl_typesupport_fastrtps_cpp.hpp
[1.060s] -- Up-to-date: /home/peachji/microros_ws/install/micro_ros_msgs/include/micro_ros_msgs/micro_ros_msgs/msg/detail/graph__rosidl_typesupport_fastrtps_cpp.hpp
[1.060s] -- Up-to-date: /home/peachji/microros_ws/install/micro_ros_msgs/include/micro_ros_msgs/micro_ros_msgs/msg/detail/node__rosidl_typesupport_fastrtps_cpp.hpp
[1.060s] -- Up-to-date: /home/peachji/microros_ws/install/micro_ros_msgs/include/micro_ros_msgs/micro_ros_msgs/msg/detail/dds_fastrtps
[1.060s] -- Up-to-date: /home/peachji/microros_ws/install/micro_ros_msgs/include/micro_ros_msgs/micro_ros_msgs/msg/rosidl_typesupport_fastrtps_cpp__visibility_control.h
[1.060s] -- Up-to-date: /home/peachji/microros_ws/install/micro_ros_msgs/lib/libmicro_ros_msgs__rosidl_typesupport_fastrtps_cpp.so
[1.060s] -- Up-to-date: /home/peachji/microros_ws/install/micro_ros_msgs/include/micro_ros_msgs/micro_ros_msgs
[1.060s] -- Up-to-date: /home/peachji/microros_ws/install/micro_ros_msgs/include/micro_ros_msgs/micro_ros_msgs/msg
[1.060s] -- Up-to-date: /home/peachji/microros_ws/install/micro_ros_msgs/include/micro_ros_msgs/micro_ros_msgs/msg/detail
[1.060s] -- Up-to-date: /home/peachji/microros_ws/install/micro_ros_msgs/include/micro_ros_msgs/micro_ros_msgs/msg/detail/node__rosidl_typesupport_introspection_cpp.hpp
[1.060s] -- Up-to-date: /home/peachji/microros_ws/install/micro_ros_msgs/include/micro_ros_msgs/micro_ros_msgs/msg/detail/graph__type_support.cpp
[1.060s] -- Up-to-date: /home/peachji/microros_ws/install/micro_ros_msgs/include/micro_ros_msgs/micro_ros_msgs/msg/detail/graph__rosidl_typesupport_introspection_cpp.hpp
[1.060s] -- Up-to-date: /home/peachji/microros_ws/install/micro_ros_msgs/include/micro_ros_msgs/micro_ros_msgs/msg/detail/entity__rosidl_typesupport_introspection_cpp.hpp
[1.060s] -- Up-to-date: /home/peachji/microros_ws/install/micro_ros_msgs/include/micro_ros_msgs/micro_ros_msgs/msg/detail/node__type_support.cpp
[1.060s] -- Up-to-date: /home/peachji/microros_ws/install/micro_ros_msgs/include/micro_ros_msgs/micro_ros_msgs/msg/detail/entity__type_support.cpp
[1.060s] -- Up-to-date: /home/peachji/microros_ws/install/micro_ros_msgs/lib/libmicro_ros_msgs__rosidl_typesupport_introspection_cpp.so
[1.060s] -- Up-to-date: /home/peachji/microros_ws/install/micro_ros_msgs/lib/libmicro_ros_msgs__rosidl_typesupport_cpp.so
[1.060s] -- Up-to-date: /home/peachji/microros_ws/install/micro_ros_msgs/share/micro_ros_msgs/environment/pythonpath.sh
[1.060s] -- Installing: /home/peachji/microros_ws/install/micro_ros_msgs/share/micro_ros_msgs/environment/pythonpath.dsv
[1.060s] -- Up-to-date: /home/peachji/microros_ws/install/micro_ros_msgs/local/lib/python3.10/dist-packages/micro_ros_msgs-3.0.1-py3.10.egg-info
[1.060s] -- Installing: /home/peachji/microros_ws/install/micro_ros_msgs/local/lib/python3.10/dist-packages/micro_ros_msgs-3.0.1-py3.10.egg-info/PKG-INFO
[1.060s] -- Installing: /home/peachji/microros_ws/install/micro_ros_msgs/local/lib/python3.10/dist-packages/micro_ros_msgs-3.0.1-py3.10.egg-info/top_level.txt
[1.060s] -- Installing: /home/peachji/microros_ws/install/micro_ros_msgs/local/lib/python3.10/dist-packages/micro_ros_msgs-3.0.1-py3.10.egg-info/dependency_links.txt
[1.060s] -- Installing: /home/peachji/microros_ws/install/micro_ros_msgs/local/lib/python3.10/dist-packages/micro_ros_msgs-3.0.1-py3.10.egg-info/SOURCES.txt
[1.060s] -- Up-to-date: /home/peachji/microros_ws/install/micro_ros_msgs/local/lib/python3.10/dist-packages/micro_ros_msgs
[1.060s] -- Up-to-date: /home/peachji/microros_ws/install/micro_ros_msgs/local/lib/python3.10/dist-packages/micro_ros_msgs/micro_ros_msgs_s__rosidl_typesupport_fastrtps_c.cpython-310-x86_64-linux-gnu.so
[1.060s] -- Up-to-date: /home/peachji/microros_ws/install/micro_ros_msgs/local/lib/python3.10/dist-packages/micro_ros_msgs/micro_ros_msgs_s__rosidl_typesupport_c.cpython-310-x86_64-linux-gnu.so
[1.060s] -- Up-to-date: /home/peachji/microros_ws/install/micro_ros_msgs/local/lib/python3.10/dist-packages/micro_ros_msgs/libmicro_ros_msgs__rosidl_generator_py.so
[1.060s] -- Up-to-date: /home/peachji/microros_ws/install/micro_ros_msgs/local/lib/python3.10/dist-packages/micro_ros_msgs/micro_ros_msgs_s__rosidl_typesupport_introspection_c.cpython-310-x86_64-linux-gnu.so
[1.060s] -- Up-to-date: /home/peachji/microros_ws/install/micro_ros_msgs/local/lib/python3.10/dist-packages/micro_ros_msgs/_micro_ros_msgs_s.ep.rosidl_typesupport_c.c
[1.060s] -- Installing: /home/peachji/microros_ws/install/micro_ros_msgs/local/lib/python3.10/dist-packages/micro_ros_msgs/__init__.py
[1.060s] -- Up-to-date: /home/peachji/microros_ws/install/micro_ros_msgs/local/lib/python3.10/dist-packages/micro_ros_msgs/msg
[1.060s] -- Up-to-date: /home/peachji/microros_ws/install/micro_ros_msgs/local/lib/python3.10/dist-packages/micro_ros_msgs/msg/_entity_s.c
[1.060s] -- Up-to-date: /home/peachji/microros_ws/install/micro_ros_msgs/local/lib/python3.10/dist-packages/micro_ros_msgs/msg/_node_s.c
[1.060s] -- Up-to-date: /home/peachji/microros_ws/install/micro_ros_msgs/local/lib/python3.10/dist-packages/micro_ros_msgs/msg/_node.py
[1.060s] -- Up-to-date: /home/peachji/microros_ws/install/micro_ros_msgs/local/lib/python3.10/dist-packages/micro_ros_msgs/msg/_graph_s.c
[1.061s] -- Up-to-date: /home/peachji/microros_ws/install/micro_ros_msgs/local/lib/python3.10/dist-packages/micro_ros_msgs/msg/__init__.py
[1.061s] -- Up-to-date: /home/peachji/microros_ws/install/micro_ros_msgs/local/lib/python3.10/dist-packages/micro_ros_msgs/msg/_graph.py
[1.061s] -- Up-to-date: /home/peachji/microros_ws/install/micro_ros_msgs/local/lib/python3.10/dist-packages/micro_ros_msgs/msg/_entity.py
[1.061s] -- Up-to-date: /home/peachji/microros_ws/install/micro_ros_msgs/local/lib/python3.10/dist-packages/micro_ros_msgs/_micro_ros_msgs_s.ep.rosidl_typesupport_introspection_c.c
[1.061s] -- Up-to-date: /home/peachji/microros_ws/install/micro_ros_msgs/local/lib/python3.10/dist-packages/micro_ros_msgs/_micro_ros_msgs_s.ep.rosidl_typesupport_fastrtps_c.c
[1.082s] Listing '/home/peachji/microros_ws/install/micro_ros_msgs/local/lib/python3.10/dist-packages/micro_ros_msgs'...
[1.082s] Compiling '/home/peachji/microros_ws/install/micro_ros_msgs/local/lib/python3.10/dist-packages/micro_ros_msgs/__init__.py'...
[1.082s] Listing '/home/peachji/microros_ws/install/micro_ros_msgs/local/lib/python3.10/dist-packages/micro_ros_msgs/msg'...
[1.085s] -- Up-to-date: /home/peachji/microros_ws/install/micro_ros_msgs/local/lib/python3.10/dist-packages/micro_ros_msgs/micro_ros_msgs_s__rosidl_typesupport_fastrtps_c.cpython-310-x86_64-linux-gnu.so
[1.085s] -- Up-to-date: /home/peachji/microros_ws/install/micro_ros_msgs/local/lib/python3.10/dist-packages/micro_ros_msgs/micro_ros_msgs_s__rosidl_typesupport_introspection_c.cpython-310-x86_64-linux-gnu.so
[1.086s] -- Up-to-date: /home/peachji/microros_ws/install/micro_ros_msgs/local/lib/python3.10/dist-packages/micro_ros_msgs/micro_ros_msgs_s__rosidl_typesupport_c.cpython-310-x86_64-linux-gnu.so
[1.086s] -- Up-to-date: /home/peachji/microros_ws/install/micro_ros_msgs/lib/libmicro_ros_msgs__rosidl_generator_py.so
[1.086s] -- Up-to-date: /home/peachji/microros_ws/install/micro_ros_msgs/share/micro_ros_msgs/msg/Graph.idl
[1.086s] -- Up-to-date: /home/peachji/microros_ws/install/micro_ros_msgs/share/micro_ros_msgs/msg/Node.idl
[1.086s] -- Up-to-date: /home/peachji/microros_ws/install/micro_ros_msgs/share/micro_ros_msgs/msg/Entity.idl
[1.086s] -- Up-to-date: /home/peachji/microros_ws/install/micro_ros_msgs/share/micro_ros_msgs/msg/Graph.msg
[1.086s] -- Up-to-date: /home/peachji/microros_ws/install/micro_ros_msgs/share/micro_ros_msgs/msg/Node.msg
[1.087s] -- Up-to-date: /home/peachji/microros_ws/install/micro_ros_msgs/share/micro_ros_msgs/msg/Entity.msg
[1.087s] -- Up-to-date: /home/peachji/microros_ws/install/micro_ros_msgs/share/ament_index/resource_index/package_run_dependencies/micro_ros_msgs
[1.087s] -- Up-to-date: /home/peachji/microros_ws/install/micro_ros_msgs/share/ament_index/resource_index/parent_prefix_path/micro_ros_msgs
[1.087s] -- Up-to-date: /home/peachji/microros_ws/install/micro_ros_msgs/share/micro_ros_msgs/environment/ament_prefix_path.sh
[1.087s] -- Installing: /home/peachji/microros_ws/install/micro_ros_msgs/share/micro_ros_msgs/environment/ament_prefix_path.dsv
[1.087s] -- Up-to-date: /home/peachji/microros_ws/install/micro_ros_msgs/share/micro_ros_msgs/environment/path.sh
[1.087s] -- Installing: /home/peachji/microros_ws/install/micro_ros_msgs/share/micro_ros_msgs/environment/path.dsv
[1.087s] -- Up-to-date: /home/peachji/microros_ws/install/micro_ros_msgs/share/micro_ros_msgs/local_setup.bash
[1.087s] -- Up-to-date: /home/peachji/microros_ws/install/micro_ros_msgs/share/micro_ros_msgs/local_setup.sh
[1.087s] -- Up-to-date: /home/peachji/microros_ws/install/micro_ros_msgs/share/micro_ros_msgs/local_setup.zsh
[1.087s] -- Installing: /home/peachji/microros_ws/install/micro_ros_msgs/share/micro_ros_msgs/local_setup.dsv
[1.087s] -- Installing: /home/peachji/microros_ws/install/micro_ros_msgs/share/micro_ros_msgs/package.dsv
[1.087s] -- Up-to-date: /home/peachji/microros_ws/install/micro_ros_msgs/share/ament_index/resource_index/packages/micro_ros_msgs
[1.087s] -- Up-to-date: /home/peachji/microros_ws/install/micro_ros_msgs/share/micro_ros_msgs/cmake/export_micro_ros_msgs__rosidl_generator_cExport.cmake
[1.087s] -- Up-to-date: /home/peachji/microros_ws/install/micro_ros_msgs/share/micro_ros_msgs/cmake/export_micro_ros_msgs__rosidl_generator_cExport-noconfig.cmake
[1.087s] -- Up-to-date: /home/peachji/microros_ws/install/micro_ros_msgs/share/micro_ros_msgs/cmake/export_micro_ros_msgs__rosidl_typesupport_fastrtps_cExport.cmake
[1.087s] -- Up-to-date: /home/peachji/microros_ws/install/micro_ros_msgs/share/micro_ros_msgs/cmake/export_micro_ros_msgs__rosidl_typesupport_fastrtps_cExport-noconfig.cmake
[1.087s] -- Up-to-date: /home/peachji/microros_ws/install/micro_ros_msgs/share/micro_ros_msgs/cmake/micro_ros_msgs__rosidl_typesupport_introspection_cExport.cmake
[1.087s] -- Up-to-date: /home/peachji/microros_ws/install/micro_ros_msgs/share/micro_ros_msgs/cmake/micro_ros_msgs__rosidl_typesupport_introspection_cExport-noconfig.cmake
[1.087s] -- Up-to-date: /home/peachji/microros_ws/install/micro_ros_msgs/share/micro_ros_msgs/cmake/micro_ros_msgs__rosidl_typesupport_cExport.cmake
[1.088s] -- Up-to-date: /home/peachji/microros_ws/install/micro_ros_msgs/share/micro_ros_msgs/cmake/micro_ros_msgs__rosidl_typesupport_cExport-noconfig.cmake
[1.088s] -- Up-to-date: /home/peachji/microros_ws/install/micro_ros_msgs/share/micro_ros_msgs/cmake/export_micro_ros_msgs__rosidl_generator_cppExport.cmake
[1.088s] -- Up-to-date: /home/peachji/microros_ws/install/micro_ros_msgs/share/micro_ros_msgs/cmake/export_micro_ros_msgs__rosidl_typesupport_fastrtps_cppExport.cmake
[1.088s] -- Up-to-date: /home/peachji/microros_ws/install/micro_ros_msgs/share/micro_ros_msgs/cmake/export_micro_ros_msgs__rosidl_typesupport_fastrtps_cppExport-noconfig.cmake
[1.088s] -- Up-to-date: /home/peachji/microros_ws/install/micro_ros_msgs/share/micro_ros_msgs/cmake/micro_ros_msgs__rosidl_typesupport_introspection_cppExport.cmake
[1.088s] -- Up-to-date: /home/peachji/microros_ws/install/micro_ros_msgs/share/micro_ros_msgs/cmake/micro_ros_msgs__rosidl_typesupport_introspection_cppExport-noconfig.cmake
[1.088s] -- Up-to-date: /home/peachji/microros_ws/install/micro_ros_msgs/share/micro_ros_msgs/cmake/micro_ros_msgs__rosidl_typesupport_cppExport.cmake
[1.088s] -- Up-to-date: /home/peachji/microros_ws/install/micro_ros_msgs/share/micro_ros_msgs/cmake/micro_ros_msgs__rosidl_typesupport_cppExport-noconfig.cmake
[1.088s] -- Up-to-date: /home/peachji/microros_ws/install/micro_ros_msgs/share/micro_ros_msgs/cmake/export_micro_ros_msgs__rosidl_generator_pyExport.cmake
[1.088s] -- Up-to-date: /home/peachji/microros_ws/install/micro_ros_msgs/share/micro_ros_msgs/cmake/export_micro_ros_msgs__rosidl_generator_pyExport-noconfig.cmake
[1.088s] -- Up-to-date: /home/peachji/microros_ws/install/micro_ros_msgs/share/micro_ros_msgs/cmake/rosidl_cmake-extras.cmake
[1.088s] -- Up-to-date: /home/peachji/microros_ws/install/micro_ros_msgs/share/micro_ros_msgs/cmake/ament_cmake_export_include_directories-extras.cmake
[1.088s] -- Up-to-date: /home/peachji/microros_ws/install/micro_ros_msgs/share/micro_ros_msgs/cmake/ament_cmake_export_libraries-extras.cmake
[1.088s] -- Up-to-date: /home/peachji/microros_ws/install/micro_ros_msgs/share/micro_ros_msgs/cmake/ament_cmake_export_targets-extras.cmake
[1.088s] -- Up-to-date: /home/peachji/microros_ws/install/micro_ros_msgs/share/micro_ros_msgs/cmake/rosidl_cmake_export_typesupport_targets-extras.cmake
[1.088s] -- Up-to-date: /home/peachji/microros_ws/install/micro_ros_msgs/share/micro_ros_msgs/cmake/ament_cmake_export_dependencies-extras.cmake
[1.088s] -- Up-to-date: /home/peachji/microros_ws/install/micro_ros_msgs/share/micro_ros_msgs/cmake/rosidl_cmake_export_typesupport_libraries-extras.cmake
[1.088s] -- Up-to-date: /home/peachji/microros_ws/install/micro_ros_msgs/share/micro_ros_msgs/cmake/micro_ros_msgsConfig.cmake
[1.088s] -- Up-to-date: /home/peachji/microros_ws/install/micro_ros_msgs/share/micro_ros_msgs/cmake/micro_ros_msgsConfig-version.cmake
[1.088s] -- Up-to-date: /home/peachji/microros_ws/install/micro_ros_msgs/share/micro_ros_msgs/package.xml
[1.090s] Invoked command in '/home/peachji/microros_ws/build/micro_ros_msgs' returned '0': CMAKE_PREFIX_PATH=${CMAKE_PREFIX_PATH}:/opt/ros/humble /usr/bin/cmake --install /home/peachji/microros_ws/build/micro_ros_msgs
