[0.009s] Invoking command in '/home/peachji/peachF1/build/vesc_ackermann': AMENT_PREFIX_PATH=/home/peachji/peachF1/install/vesc_msgs:${AMENT_PREFIX_PATH} CMAKE_PREFIX_PATH=/home/peachji/peachF1/install/vesc_msgs:/opt/ros/humble LD_LIBRARY_PATH=/home/peachji/peachF1/install/vesc_msgs/lib:/usr/lib/x86_64-linux-gnu/gazebo-11/plugins:/opt/ros/humble/opt/rviz_ogre_vendor/lib:/opt/ros/humble/lib/x86_64-linux-gnu:/opt/ros/humble/lib:/usr/lib/x86_64-linux-gnu/gazebo-11/plugins PYTHONPATH=/home/peachji/peachF1/install/vesc_msgs/local/lib/python3.10/dist-packages:${PYTHONPATH} /usr/bin/cmake /home/peachji/peachF1/vesc_ackermann -DCMAKE_INSTALL_PREFIX=/home/peachji/peachF1/install/vesc_ackermann
[0.060s] -- The C compiler identification is GNU 11.4.0
[0.113s] -- The CXX compiler identification is GNU 11.4.0
[0.119s] -- Detecting C compiler ABI info
[0.183s] -- Detecting C compiler ABI info - done
[0.191s] -- Check for working C compiler: /usr/bin/cc - skipped
[0.191s] -- Detecting C compile features
[0.191s] -- Detecting C compile features - done
[0.194s] -- Detecting CXX compiler ABI info
[0.267s] -- Detecting CXX compiler ABI info - done
[0.276s] -- Check for working CXX compiler: /usr/bin/c++ - skipped
[0.276s] -- Detecting CXX compile features
[0.276s] -- Detecting CXX compile features - done
[0.278s] -- Found ament_cmake_auto: 1.3.10 (/opt/ros/humble/share/ament_cmake_auto/cmake)
[0.416s] -- Found Python3: /usr/bin/python3 (found version "3.10.12") found components: Interpreter 
[0.568s] -- Found rosidl_generator_c: 3.1.5 (/opt/ros/humble/share/rosidl_generator_c/cmake)
[0.572s] -- Found rosidl_adapter: 3.1.5 (/opt/ros/humble/share/rosidl_adapter/cmake)
[0.578s] -- Found rosidl_generator_cpp: 3.1.5 (/opt/ros/humble/share/rosidl_generator_cpp/cmake)
[0.588s] -- Using all available rosidl_typesupport_c: rosidl_typesupport_fastrtps_c;rosidl_typesupport_introspection_c
[0.600s] -- Using all available rosidl_typesupport_cpp: rosidl_typesupport_fastrtps_cpp;rosidl_typesupport_introspection_cpp
[0.707s] -- Found rmw_implementation_cmake: 6.1.2 (/opt/ros/humble/share/rmw_implementation_cmake/cmake)
[0.709s] -- Found rmw_fastrtps_cpp: 6.2.7 (/opt/ros/humble/share/rmw_fastrtps_cpp/cmake)
[0.784s] -- Found OpenSSL: /usr/lib/x86_64-linux-gnu/libcrypto.so (found version "3.0.2")  
[0.809s] -- Found FastRTPS: /opt/ros/humble/include  
[0.851s] -- Using RMW implementation 'rmw_fastrtps_cpp' as default
[0.861s] -- Looking for pthread.h
[0.936s] -- Looking for pthread.h - found
[0.936s] -- Performing Test CMAKE_HAVE_LIBC_PTHREAD
[1.007s] -- Performing Test CMAKE_HAVE_LIBC_PTHREAD - Success
[1.008s] -- Found Threads: TRUE  
[1.150s] -- Found ament_lint_auto: 0.12.11 (/opt/ros/humble/share/ament_lint_auto/cmake)
[1.165s] -- Added test 'copyright' to check source files copyright and LICENSE
[1.166s] -- Added test 'cppcheck' to perform static code analysis on C / C++ code
[1.166s] -- Configured cppcheck include dirs: /home/peachji/peachF1/vesc_ackermann/include
[1.166s] -- Configured cppcheck exclude dirs and/or files: 
[1.167s] -- Added test 'cpplint' to check C / C++ code against the Google style
[1.167s] -- Configured cpplint exclude dirs and/or files: 
[1.167s] -- Added test 'lint_cmake' to check CMake code style
[1.168s] -- Added test 'uncrustify' to check C / C++ code style
[1.168s] -- Configured uncrustify additional arguments: 
[1.168s] -- Added test 'xmllint' to check XML markup files
[1.170s] -- Configuring done
[1.185s] -- Generating done
[1.187s] -- Build files have been written to: /home/peachji/peachF1/build/vesc_ackermann
[1.196s] Invoked command in '/home/peachji/peachF1/build/vesc_ackermann' returned '0': AMENT_PREFIX_PATH=/home/peachji/peachF1/install/vesc_msgs:${AMENT_PREFIX_PATH} CMAKE_PREFIX_PATH=/home/peachji/peachF1/install/vesc_msgs:/opt/ros/humble LD_LIBRARY_PATH=/home/peachji/peachF1/install/vesc_msgs/lib:/usr/lib/x86_64-linux-gnu/gazebo-11/plugins:/opt/ros/humble/opt/rviz_ogre_vendor/lib:/opt/ros/humble/lib/x86_64-linux-gnu:/opt/ros/humble/lib:/usr/lib/x86_64-linux-gnu/gazebo-11/plugins PYTHONPATH=/home/peachji/peachF1/install/vesc_msgs/local/lib/python3.10/dist-packages:${PYTHONPATH} /usr/bin/cmake /home/peachji/peachF1/vesc_ackermann -DCMAKE_INSTALL_PREFIX=/home/peachji/peachF1/install/vesc_ackermann
[1.199s] Invoking command in '/home/peachji/peachF1/build/vesc_ackermann': AMENT_PREFIX_PATH=/home/peachji/peachF1/install/vesc_msgs:${AMENT_PREFIX_PATH} CMAKE_PREFIX_PATH=/home/peachji/peachF1/install/vesc_msgs:/opt/ros/humble LD_LIBRARY_PATH=/home/peachji/peachF1/install/vesc_msgs/lib:/usr/lib/x86_64-linux-gnu/gazebo-11/plugins:/opt/ros/humble/opt/rviz_ogre_vendor/lib:/opt/ros/humble/lib/x86_64-linux-gnu:/opt/ros/humble/lib:/usr/lib/x86_64-linux-gnu/gazebo-11/plugins PYTHONPATH=/home/peachji/peachF1/install/vesc_msgs/local/lib/python3.10/dist-packages:${PYTHONPATH} /usr/bin/cmake --build /home/peachji/peachF1/build/vesc_ackermann -- -j16 -l16
[1.248s] [ 14%] [32mBuilding CXX object CMakeFiles/vesc_ackermann.dir/src/ackermann_to_vesc.cpp.o[0m
[1.248s] [ 28%] [32mBuilding CXX object CMakeFiles/vesc_to_odom_node.dir/rclcpp_components/node_main_vesc_to_odom_node.cpp.o[0m
[1.251s] [ 42%] [32mBuilding CXX object CMakeFiles/vesc_ackermann.dir/src/vesc_to_odom.cpp.o[0m
[1.252s] [ 57%] [32mBuilding CXX object CMakeFiles/ackermann_to_vesc_node.dir/rclcpp_components/node_main_ackermann_to_vesc_node.cpp.o[0m
[4.337s] [ 71%] [32m[1mLinking CXX executable vesc_to_odom_node[0m
[4.476s] [ 71%] Built target vesc_to_odom_node
[5.300s] [ 85%] [32m[1mLinking CXX executable ackermann_to_vesc_node[0m
[5.659s] [ 85%] Built target ackermann_to_vesc_node
[25.784s] [100%] [32m[1mLinking CXX shared library libvesc_ackermann.so[0m
[27.280s] [100%] Built target vesc_ackermann
