[0.151s] DEBUG:colcon:Command line arguments: ['/usr/bin/colcon', 'build']
[0.151s] DEBUG:colcon:Parsed command line arguments: Namespace(log_base=None, log_level=None, verb_name='build', build_base='build', install_base='install', merge_install=False, symlink_install=False, test_result_base=None, continue_on_error=False, executor='parallel', parallel_workers=2, event_handlers=None, ignore_user_meta=False, metas=['./colcon.meta'], base_paths=['.'], packages_ignore=None, packages_ignore_regex=None, paths=None, packages_up_to=None, packages_up_to_regex=None, packages_above=None, packages_above_and_dependencies=None, packages_above_depth=None, packages_select_by_dep=None, packages_skip_by_dep=None, packages_skip_up_to=None, packages_select_build_failed=False, packages_skip_build_finished=False, packages_select_test_failures=False, packages_skip_test_passed=False, packages_select=None, packages_skip=None, packages_select_regex=None, packages_skip_regex=None, packages_start=None, packages_end=None, allow_overriding=[], cmake_args=None, cmake_target=None, cmake_target_skip_unavailable=False, cmake_clean_cache=False, cmake_clean_first=False, cmake_force_configure=False, ament_cmake_args=None, catkin_cmake_args=None, catkin_skip_building_tests=False, verb_parser=<colcon_defaults.argument_parser.defaults.DefaultArgumentsDecorator object at 0xffffad0962c0>, verb_extension=<colcon_core.verb.build.BuildVerb object at 0xffffad1c9630>, main=<bound method BuildVerb.main of <colcon_core.verb.build.BuildVerb object at 0xffffad1c9630>>)
[0.175s] Level 1:colcon.colcon_core.package_discovery:discover_packages(colcon_meta) check parameters
[0.175s] Level 1:colcon.colcon_core.package_discovery:discover_packages(recursive) check parameters
[0.175s] Level 1:colcon.colcon_core.package_discovery:discover_packages(ignore) check parameters
[0.175s] Level 1:colcon.colcon_core.package_discovery:discover_packages(path) check parameters
[0.175s] Level 1:colcon.colcon_core.package_discovery:discover_packages(colcon_meta) discover
[0.175s] Level 1:colcon.colcon_core.package_discovery:discover_packages(recursive) discover
[0.175s] INFO:colcon.colcon_core.package_discovery:Crawling recursively for packages in '/home/parallels/INC493/src/vesc-humble'
[0.175s] Level 1:colcon.colcon_core.package_identification:_identify(.) by extensions ['ignore', 'ignore_ament_install']
[0.175s] Level 1:colcon.colcon_core.package_identification:_identify(.) by extension 'ignore'
[0.175s] Level 1:colcon.colcon_core.package_identification:_identify(.) by extension 'ignore_ament_install'
[0.175s] Level 1:colcon.colcon_core.package_identification:_identify(.) by extensions ['colcon_pkg']
[0.175s] Level 1:colcon.colcon_core.package_identification:_identify(.) by extension 'colcon_pkg'
[0.176s] Level 1:colcon.colcon_core.package_identification:_identify(.) by extensions ['colcon_meta']
[0.176s] Level 1:colcon.colcon_core.package_identification:_identify(.) by extension 'colcon_meta'
[0.176s] Level 1:colcon.colcon_core.package_identification:_identify(.) by extensions ['ros']
[0.176s] Level 1:colcon.colcon_core.package_identification:_identify(.) by extension 'ros'
[0.183s] Level 1:colcon.colcon_core.package_identification:_identify(.) by extensions ['cmake', 'python']
[0.183s] Level 1:colcon.colcon_core.package_identification:_identify(.) by extension 'cmake'
[0.183s] Level 1:colcon.colcon_core.package_identification:_identify(.) by extension 'python'
[0.183s] Level 1:colcon.colcon_core.package_identification:_identify(.) by extensions ['python_setup_py']
[0.183s] Level 1:colcon.colcon_core.package_identification:_identify(.) by extension 'python_setup_py'
[0.183s] Level 1:colcon.colcon_core.package_identification:_identify(build) by extensions ['ignore', 'ignore_ament_install']
[0.183s] Level 1:colcon.colcon_core.package_identification:_identify(build) by extension 'ignore'
[0.183s] Level 1:colcon.colcon_core.package_identification:_identify(build) ignored
[0.183s] Level 1:colcon.colcon_core.package_identification:_identify(install) by extensions ['ignore', 'ignore_ament_install']
[0.183s] Level 1:colcon.colcon_core.package_identification:_identify(install) by extension 'ignore'
[0.183s] Level 1:colcon.colcon_core.package_identification:_identify(install) ignored
[0.183s] Level 1:colcon.colcon_core.package_identification:_identify(log) by extensions ['ignore', 'ignore_ament_install']
[0.183s] Level 1:colcon.colcon_core.package_identification:_identify(log) by extension 'ignore'
[0.183s] Level 1:colcon.colcon_core.package_identification:_identify(log) ignored
[0.183s] Level 1:colcon.colcon_core.package_identification:_identify(vesc) by extensions ['ignore', 'ignore_ament_install']
[0.183s] Level 1:colcon.colcon_core.package_identification:_identify(vesc) by extension 'ignore'
[0.183s] Level 1:colcon.colcon_core.package_identification:_identify(vesc) by extension 'ignore_ament_install'
[0.183s] Level 1:colcon.colcon_core.package_identification:_identify(vesc) by extensions ['colcon_pkg']
[0.183s] Level 1:colcon.colcon_core.package_identification:_identify(vesc) by extension 'colcon_pkg'
[0.183s] Level 1:colcon.colcon_core.package_identification:_identify(vesc) by extensions ['colcon_meta']
[0.183s] Level 1:colcon.colcon_core.package_identification:_identify(vesc) by extension 'colcon_meta'
[0.183s] Level 1:colcon.colcon_core.package_identification:_identify(vesc) by extensions ['ros']
[0.183s] Level 1:colcon.colcon_core.package_identification:_identify(vesc) by extension 'ros'
[0.185s] DEBUG:colcon.colcon_core.package_identification:Package 'vesc' with type 'ros.ament_cmake' and name 'vesc'
[0.185s] Level 1:colcon.colcon_core.package_identification:_identify(vesc_ackermann) by extensions ['ignore', 'ignore_ament_install']
[0.185s] Level 1:colcon.colcon_core.package_identification:_identify(vesc_ackermann) by extension 'ignore'
[0.185s] Level 1:colcon.colcon_core.package_identification:_identify(vesc_ackermann) by extension 'ignore_ament_install'
[0.185s] Level 1:colcon.colcon_core.package_identification:_identify(vesc_ackermann) by extensions ['colcon_pkg']
[0.185s] Level 1:colcon.colcon_core.package_identification:_identify(vesc_ackermann) by extension 'colcon_pkg'
[0.185s] Level 1:colcon.colcon_core.package_identification:_identify(vesc_ackermann) by extensions ['colcon_meta']
[0.185s] Level 1:colcon.colcon_core.package_identification:_identify(vesc_ackermann) by extension 'colcon_meta'
[0.185s] Level 1:colcon.colcon_core.package_identification:_identify(vesc_ackermann) by extensions ['ros']
[0.185s] Level 1:colcon.colcon_core.package_identification:_identify(vesc_ackermann) by extension 'ros'
[0.186s] DEBUG:colcon.colcon_core.package_identification:Package 'vesc_ackermann' with type 'ros.ament_cmake' and name 'vesc_ackermann'
[0.186s] Level 1:colcon.colcon_core.package_identification:_identify(vesc_driver) by extensions ['ignore', 'ignore_ament_install']
[0.186s] Level 1:colcon.colcon_core.package_identification:_identify(vesc_driver) by extension 'ignore'
[0.186s] Level 1:colcon.colcon_core.package_identification:_identify(vesc_driver) by extension 'ignore_ament_install'
[0.186s] Level 1:colcon.colcon_core.package_identification:_identify(vesc_driver) by extensions ['colcon_pkg']
[0.186s] Level 1:colcon.colcon_core.package_identification:_identify(vesc_driver) by extension 'colcon_pkg'
[0.186s] Level 1:colcon.colcon_core.package_identification:_identify(vesc_driver) by extensions ['colcon_meta']
[0.186s] Level 1:colcon.colcon_core.package_identification:_identify(vesc_driver) by extension 'colcon_meta'
[0.186s] Level 1:colcon.colcon_core.package_identification:_identify(vesc_driver) by extensions ['ros']
[0.186s] Level 1:colcon.colcon_core.package_identification:_identify(vesc_driver) by extension 'ros'
[0.187s] DEBUG:colcon.colcon_core.package_identification:Package 'vesc_driver' with type 'ros.ament_cmake' and name 'vesc_driver'
[0.187s] Level 1:colcon.colcon_core.package_identification:_identify(vesc_msgs) by extensions ['ignore', 'ignore_ament_install']
[0.187s] Level 1:colcon.colcon_core.package_identification:_identify(vesc_msgs) by extension 'ignore'
[0.187s] Level 1:colcon.colcon_core.package_identification:_identify(vesc_msgs) by extension 'ignore_ament_install'
[0.187s] Level 1:colcon.colcon_core.package_identification:_identify(vesc_msgs) by extensions ['colcon_pkg']
[0.187s] Level 1:colcon.colcon_core.package_identification:_identify(vesc_msgs) by extension 'colcon_pkg'
[0.187s] Level 1:colcon.colcon_core.package_identification:_identify(vesc_msgs) by extensions ['colcon_meta']
[0.187s] Level 1:colcon.colcon_core.package_identification:_identify(vesc_msgs) by extension 'colcon_meta'
[0.187s] Level 1:colcon.colcon_core.package_identification:_identify(vesc_msgs) by extensions ['ros']
[0.187s] Level 1:colcon.colcon_core.package_identification:_identify(vesc_msgs) by extension 'ros'
[0.188s] DEBUG:colcon.colcon_core.package_identification:Package 'vesc_msgs' with type 'ros.ament_cmake' and name 'vesc_msgs'
[0.188s] Level 1:colcon.colcon_core.package_discovery:discover_packages(recursive) using defaults
[0.188s] Level 1:colcon.colcon_core.package_discovery:discover_packages(ignore) discover
[0.188s] Level 1:colcon.colcon_core.package_discovery:discover_packages(ignore) using defaults
[0.188s] Level 1:colcon.colcon_core.package_discovery:discover_packages(path) discover
[0.188s] Level 1:colcon.colcon_core.package_discovery:discover_packages(path) using defaults
[0.201s] Level 1:colcon.colcon_core.package_discovery:discover_packages(prefix_path) check parameters
[0.201s] Level 1:colcon.colcon_core.package_discovery:discover_packages(prefix_path) discover
[0.202s] DEBUG:colcon.colcon_installed_package_information.package_discovery:Found 274 installed packages in /opt/ros/humble
[0.203s] Level 1:colcon.colcon_core.package_discovery:discover_packages(prefix_path) using defaults
[0.229s] Level 5:colcon.colcon_core.verb:set package 'vesc_msgs' build argument 'cmake_args' from command line to 'None'
[0.229s] Level 5:colcon.colcon_core.verb:set package 'vesc_msgs' build argument 'cmake_target' from command line to 'None'
[0.229s] Level 5:colcon.colcon_core.verb:set package 'vesc_msgs' build argument 'cmake_target_skip_unavailable' from command line to 'False'
[0.229s] Level 5:colcon.colcon_core.verb:set package 'vesc_msgs' build argument 'cmake_clean_cache' from command line to 'False'
[0.229s] Level 5:colcon.colcon_core.verb:set package 'vesc_msgs' build argument 'cmake_clean_first' from command line to 'False'
[0.229s] Level 5:colcon.colcon_core.verb:set package 'vesc_msgs' build argument 'cmake_force_configure' from command line to 'False'
[0.229s] Level 5:colcon.colcon_core.verb:set package 'vesc_msgs' build argument 'ament_cmake_args' from command line to 'None'
[0.229s] Level 5:colcon.colcon_core.verb:set package 'vesc_msgs' build argument 'catkin_cmake_args' from command line to 'None'
[0.229s] Level 5:colcon.colcon_core.verb:set package 'vesc_msgs' build argument 'catkin_skip_building_tests' from command line to 'False'
[0.229s] DEBUG:colcon.colcon_core.verb:Building package 'vesc_msgs' with the following arguments: {'ament_cmake_args': None, 'build_base': '/home/parallels/INC493/src/vesc-humble/build/vesc_msgs', 'catkin_cmake_args': None, 'catkin_skip_building_tests': False, 'cmake_args': None, 'cmake_clean_cache': False, 'cmake_clean_first': False, 'cmake_force_configure': False, 'cmake_target': None, 'cmake_target_skip_unavailable': False, 'install_base': '/home/parallels/INC493/src/vesc-humble/install/vesc_msgs', 'merge_install': False, 'path': '/home/parallels/INC493/src/vesc-humble/vesc_msgs', 'symlink_install': False, 'test_result_base': None}
[0.230s] Level 5:colcon.colcon_core.verb:set package 'vesc_ackermann' build argument 'cmake_args' from command line to 'None'
[0.230s] Level 5:colcon.colcon_core.verb:set package 'vesc_ackermann' build argument 'cmake_target' from command line to 'None'
[0.230s] Level 5:colcon.colcon_core.verb:set package 'vesc_ackermann' build argument 'cmake_target_skip_unavailable' from command line to 'False'
[0.230s] Level 5:colcon.colcon_core.verb:set package 'vesc_ackermann' build argument 'cmake_clean_cache' from command line to 'False'
[0.230s] Level 5:colcon.colcon_core.verb:set package 'vesc_ackermann' build argument 'cmake_clean_first' from command line to 'False'
[0.230s] Level 5:colcon.colcon_core.verb:set package 'vesc_ackermann' build argument 'cmake_force_configure' from command line to 'False'
[0.230s] Level 5:colcon.colcon_core.verb:set package 'vesc_ackermann' build argument 'ament_cmake_args' from command line to 'None'
[0.230s] Level 5:colcon.colcon_core.verb:set package 'vesc_ackermann' build argument 'catkin_cmake_args' from command line to 'None'
[0.230s] Level 5:colcon.colcon_core.verb:set package 'vesc_ackermann' build argument 'catkin_skip_building_tests' from command line to 'False'
[0.230s] DEBUG:colcon.colcon_core.verb:Building package 'vesc_ackermann' with the following arguments: {'ament_cmake_args': None, 'build_base': '/home/parallels/INC493/src/vesc-humble/build/vesc_ackermann', 'catkin_cmake_args': None, 'catkin_skip_building_tests': False, 'cmake_args': None, 'cmake_clean_cache': False, 'cmake_clean_first': False, 'cmake_force_configure': False, 'cmake_target': None, 'cmake_target_skip_unavailable': False, 'install_base': '/home/parallels/INC493/src/vesc-humble/install/vesc_ackermann', 'merge_install': False, 'path': '/home/parallels/INC493/src/vesc-humble/vesc_ackermann', 'symlink_install': False, 'test_result_base': None}
[0.230s] Level 5:colcon.colcon_core.verb:set package 'vesc_driver' build argument 'cmake_args' from command line to 'None'
[0.230s] Level 5:colcon.colcon_core.verb:set package 'vesc_driver' build argument 'cmake_target' from command line to 'None'
[0.230s] Level 5:colcon.colcon_core.verb:set package 'vesc_driver' build argument 'cmake_target_skip_unavailable' from command line to 'False'
[0.230s] Level 5:colcon.colcon_core.verb:set package 'vesc_driver' build argument 'cmake_clean_cache' from command line to 'False'
[0.230s] Level 5:colcon.colcon_core.verb:set package 'vesc_driver' build argument 'cmake_clean_first' from command line to 'False'
[0.230s] Level 5:colcon.colcon_core.verb:set package 'vesc_driver' build argument 'cmake_force_configure' from command line to 'False'
[0.230s] Level 5:colcon.colcon_core.verb:set package 'vesc_driver' build argument 'ament_cmake_args' from command line to 'None'
[0.230s] Level 5:colcon.colcon_core.verb:set package 'vesc_driver' build argument 'catkin_cmake_args' from command line to 'None'
[0.230s] Level 5:colcon.colcon_core.verb:set package 'vesc_driver' build argument 'catkin_skip_building_tests' from command line to 'False'
[0.230s] DEBUG:colcon.colcon_core.verb:Building package 'vesc_driver' with the following arguments: {'ament_cmake_args': None, 'build_base': '/home/parallels/INC493/src/vesc-humble/build/vesc_driver', 'catkin_cmake_args': None, 'catkin_skip_building_tests': False, 'cmake_args': None, 'cmake_clean_cache': False, 'cmake_clean_first': False, 'cmake_force_configure': False, 'cmake_target': None, 'cmake_target_skip_unavailable': False, 'install_base': '/home/parallels/INC493/src/vesc-humble/install/vesc_driver', 'merge_install': False, 'path': '/home/parallels/INC493/src/vesc-humble/vesc_driver', 'symlink_install': False, 'test_result_base': None}
[0.231s] Level 5:colcon.colcon_core.verb:set package 'vesc' build argument 'cmake_args' from command line to 'None'
[0.231s] Level 5:colcon.colcon_core.verb:set package 'vesc' build argument 'cmake_target' from command line to 'None'
[0.231s] Level 5:colcon.colcon_core.verb:set package 'vesc' build argument 'cmake_target_skip_unavailable' from command line to 'False'
[0.231s] Level 5:colcon.colcon_core.verb:set package 'vesc' build argument 'cmake_clean_cache' from command line to 'False'
[0.231s] Level 5:colcon.colcon_core.verb:set package 'vesc' build argument 'cmake_clean_first' from command line to 'False'
[0.231s] Level 5:colcon.colcon_core.verb:set package 'vesc' build argument 'cmake_force_configure' from command line to 'False'
[0.231s] Level 5:colcon.colcon_core.verb:set package 'vesc' build argument 'ament_cmake_args' from command line to 'None'
[0.231s] Level 5:colcon.colcon_core.verb:set package 'vesc' build argument 'catkin_cmake_args' from command line to 'None'
[0.231s] Level 5:colcon.colcon_core.verb:set package 'vesc' build argument 'catkin_skip_building_tests' from command line to 'False'
[0.231s] DEBUG:colcon.colcon_core.verb:Building package 'vesc' with the following arguments: {'ament_cmake_args': None, 'build_base': '/home/parallels/INC493/src/vesc-humble/build/vesc', 'catkin_cmake_args': None, 'catkin_skip_building_tests': False, 'cmake_args': None, 'cmake_clean_cache': False, 'cmake_clean_first': False, 'cmake_force_configure': False, 'cmake_target': None, 'cmake_target_skip_unavailable': False, 'install_base': '/home/parallels/INC493/src/vesc-humble/install/vesc', 'merge_install': False, 'path': '/home/parallels/INC493/src/vesc-humble/vesc', 'symlink_install': False, 'test_result_base': None}
[0.231s] INFO:colcon.colcon_core.executor:Executing jobs using 'parallel' executor
[0.232s] DEBUG:colcon.colcon_parallel_executor.executor.parallel:run_until_complete
[0.232s] INFO:colcon.colcon_ros.task.ament_cmake.build:Building ROS package in '/home/parallels/INC493/src/vesc-humble/vesc_msgs' with build type 'ament_cmake'
[0.232s] INFO:colcon.colcon_cmake.task.cmake.build:Building CMake package in '/home/parallels/INC493/src/vesc-humble/vesc_msgs'
[0.235s] INFO:colcon.colcon_core.plugin_system:Skipping extension 'colcon_core.shell.bat': Not used on non-Windows systems
[0.235s] INFO:colcon.colcon_core.shell:Skip shell extension 'powershell' for command environment: Not usable outside of PowerShell
[0.235s] DEBUG:colcon.colcon_core.shell:Skip shell extension 'dsv' for command environment
[0.239s] DEBUG:colcon.colcon_core.event_handler.log_command:Invoking command in '/home/parallels/INC493/src/vesc-humble/build/vesc_msgs': CMAKE_PREFIX_PATH=/opt/ros/humble /usr/bin/cmake /home/parallels/INC493/src/vesc-humble/vesc_msgs -DCMAKE_INSTALL_PREFIX=/home/parallels/INC493/src/vesc-humble/install/vesc_msgs
[1.190s] DEBUG:colcon.colcon_core.event_handler.log_command:Invoked command in '/home/parallels/INC493/src/vesc-humble/build/vesc_msgs' returned '0': CMAKE_PREFIX_PATH=/opt/ros/humble /usr/bin/cmake /home/parallels/INC493/src/vesc-humble/vesc_msgs -DCMAKE_INSTALL_PREFIX=/home/parallels/INC493/src/vesc-humble/install/vesc_msgs
[1.191s] DEBUG:colcon.colcon_core.event_handler.log_command:Invoking command in '/home/parallels/INC493/src/vesc-humble/build/vesc_msgs': CMAKE_PREFIX_PATH=/opt/ros/humble /usr/bin/cmake --build /home/parallels/INC493/src/vesc-humble/build/vesc_msgs -- -j2 -l2
[4.995s] DEBUG:colcon.colcon_core.event_handler.log_command:Invoked command in '/home/parallels/INC493/src/vesc-humble/build/vesc_msgs' returned '0': CMAKE_PREFIX_PATH=/opt/ros/humble /usr/bin/cmake --build /home/parallels/INC493/src/vesc-humble/build/vesc_msgs -- -j2 -l2
[5.065s] DEBUG:colcon.colcon_core.event_handler.log_command:Invoking command in '/home/parallels/INC493/src/vesc-humble/build/vesc_msgs': CMAKE_PREFIX_PATH=/opt/ros/humble /usr/bin/cmake --install /home/parallels/INC493/src/vesc-humble/build/vesc_msgs
[5.102s] Level 1:colcon.colcon_core.environment:create_environment_scripts_only(vesc_msgs)
[5.102s] DEBUG:colcon.colcon_core.event_handler.log_command:Invoked command in '/home/parallels/INC493/src/vesc-humble/build/vesc_msgs' returned '0': CMAKE_PREFIX_PATH=/opt/ros/humble /usr/bin/cmake --install /home/parallels/INC493/src/vesc-humble/build/vesc_msgs
[5.106s] Level 1:colcon.colcon_core.environment:checking '/home/parallels/INC493/src/vesc-humble/install/vesc_msgs' for CMake module files
[5.106s] Level 1:colcon.colcon_core.environment:checking '/home/parallels/INC493/src/vesc-humble/install/vesc_msgs' for CMake config files
[5.106s] Level 1:colcon.colcon_core.shell:create_environment_hook('vesc_msgs', 'cmake_prefix_path')
[5.107s] INFO:colcon.colcon_core.shell:Creating environment hook '/home/parallels/INC493/src/vesc-humble/install/vesc_msgs/share/vesc_msgs/hook/cmake_prefix_path.ps1'
[5.107s] INFO:colcon.colcon_core.shell:Creating environment descriptor '/home/parallels/INC493/src/vesc-humble/install/vesc_msgs/share/vesc_msgs/hook/cmake_prefix_path.dsv'
[5.108s] INFO:colcon.colcon_core.shell:Creating environment hook '/home/parallels/INC493/src/vesc-humble/install/vesc_msgs/share/vesc_msgs/hook/cmake_prefix_path.sh'
[5.109s] Level 1:colcon.colcon_core.environment:checking '/home/parallels/INC493/src/vesc-humble/install/vesc_msgs/lib'
[5.109s] Level 1:colcon.colcon_core.shell:create_environment_hook('vesc_msgs', 'ld_library_path_lib')
[5.109s] INFO:colcon.colcon_core.shell:Creating environment hook '/home/parallels/INC493/src/vesc-humble/install/vesc_msgs/share/vesc_msgs/hook/ld_library_path_lib.ps1'
[5.109s] INFO:colcon.colcon_core.shell:Creating environment descriptor '/home/parallels/INC493/src/vesc-humble/install/vesc_msgs/share/vesc_msgs/hook/ld_library_path_lib.dsv'
[5.109s] INFO:colcon.colcon_core.shell:Creating environment hook '/home/parallels/INC493/src/vesc-humble/install/vesc_msgs/share/vesc_msgs/hook/ld_library_path_lib.sh'
[5.109s] Level 1:colcon.colcon_core.environment:checking '/home/parallels/INC493/src/vesc-humble/install/vesc_msgs/bin'
[5.109s] Level 1:colcon.colcon_core.environment:checking '/home/parallels/INC493/src/vesc-humble/install/vesc_msgs/lib/pkgconfig/vesc_msgs.pc'
[5.110s] Level 1:colcon.colcon_core.environment:checking '/home/parallels/INC493/src/vesc-humble/install/vesc_msgs/lib/python3.10/site-packages'
[5.110s] Level 1:colcon.colcon_core.environment:checking '/home/parallels/INC493/src/vesc-humble/install/vesc_msgs/bin'
[5.110s] INFO:colcon.colcon_core.shell:Creating package script '/home/parallels/INC493/src/vesc-humble/install/vesc_msgs/share/vesc_msgs/package.ps1'
[5.111s] INFO:colcon.colcon_core.shell:Creating package descriptor '/home/parallels/INC493/src/vesc-humble/install/vesc_msgs/share/vesc_msgs/package.dsv'
[5.111s] INFO:colcon.colcon_core.shell:Creating package script '/home/parallels/INC493/src/vesc-humble/install/vesc_msgs/share/vesc_msgs/package.sh'
[5.111s] INFO:colcon.colcon_core.shell:Creating package script '/home/parallels/INC493/src/vesc-humble/install/vesc_msgs/share/vesc_msgs/package.bash'
[5.112s] INFO:colcon.colcon_core.shell:Creating package script '/home/parallels/INC493/src/vesc-humble/install/vesc_msgs/share/vesc_msgs/package.zsh'
[5.112s] Level 1:colcon.colcon_core.environment:create_file_with_runtime_dependencies(/home/parallels/INC493/src/vesc-humble/install/vesc_msgs/share/colcon-core/packages/vesc_msgs)
[5.178s] Level 1:colcon.colcon_core.environment:create_environment_scripts_only(vesc_msgs)
[5.179s] Level 1:colcon.colcon_core.environment:checking '/home/parallels/INC493/src/vesc-humble/install/vesc_msgs' for CMake module files
[5.179s] Level 1:colcon.colcon_core.environment:checking '/home/parallels/INC493/src/vesc-humble/install/vesc_msgs' for CMake config files
[5.179s] Level 1:colcon.colcon_core.shell:create_environment_hook('vesc_msgs', 'cmake_prefix_path')
[5.180s] INFO:colcon.colcon_core.shell:Creating environment hook '/home/parallels/INC493/src/vesc-humble/install/vesc_msgs/share/vesc_msgs/hook/cmake_prefix_path.ps1'
[5.180s] INFO:colcon.colcon_core.shell:Creating environment descriptor '/home/parallels/INC493/src/vesc-humble/install/vesc_msgs/share/vesc_msgs/hook/cmake_prefix_path.dsv'
[5.180s] INFO:colcon.colcon_core.shell:Creating environment hook '/home/parallels/INC493/src/vesc-humble/install/vesc_msgs/share/vesc_msgs/hook/cmake_prefix_path.sh'
[5.180s] Level 1:colcon.colcon_core.environment:checking '/home/parallels/INC493/src/vesc-humble/install/vesc_msgs/lib'
[5.180s] Level 1:colcon.colcon_core.shell:create_environment_hook('vesc_msgs', 'ld_library_path_lib')
[5.181s] INFO:colcon.colcon_core.shell:Creating environment hook '/home/parallels/INC493/src/vesc-humble/install/vesc_msgs/share/vesc_msgs/hook/ld_library_path_lib.ps1'
[5.181s] INFO:colcon.colcon_core.shell:Creating environment descriptor '/home/parallels/INC493/src/vesc-humble/install/vesc_msgs/share/vesc_msgs/hook/ld_library_path_lib.dsv'
[5.181s] INFO:colcon.colcon_core.shell:Creating environment hook '/home/parallels/INC493/src/vesc-humble/install/vesc_msgs/share/vesc_msgs/hook/ld_library_path_lib.sh'
[5.181s] Level 1:colcon.colcon_core.environment:checking '/home/parallels/INC493/src/vesc-humble/install/vesc_msgs/bin'
[5.181s] Level 1:colcon.colcon_core.environment:checking '/home/parallels/INC493/src/vesc-humble/install/vesc_msgs/lib/pkgconfig/vesc_msgs.pc'
[5.181s] Level 1:colcon.colcon_core.environment:checking '/home/parallels/INC493/src/vesc-humble/install/vesc_msgs/lib/python3.10/site-packages'
[5.181s] Level 1:colcon.colcon_core.environment:checking '/home/parallels/INC493/src/vesc-humble/install/vesc_msgs/bin'
[5.182s] INFO:colcon.colcon_core.shell:Creating package script '/home/parallels/INC493/src/vesc-humble/install/vesc_msgs/share/vesc_msgs/package.ps1'
[5.182s] INFO:colcon.colcon_core.shell:Creating package descriptor '/home/parallels/INC493/src/vesc-humble/install/vesc_msgs/share/vesc_msgs/package.dsv'
[5.182s] INFO:colcon.colcon_core.shell:Creating package script '/home/parallels/INC493/src/vesc-humble/install/vesc_msgs/share/vesc_msgs/package.sh'
[5.182s] INFO:colcon.colcon_core.shell:Creating package script '/home/parallels/INC493/src/vesc-humble/install/vesc_msgs/share/vesc_msgs/package.bash'
[5.182s] INFO:colcon.colcon_core.shell:Creating package script '/home/parallels/INC493/src/vesc-humble/install/vesc_msgs/share/vesc_msgs/package.zsh'
[5.182s] Level 1:colcon.colcon_core.environment:create_file_with_runtime_dependencies(/home/parallels/INC493/src/vesc-humble/install/vesc_msgs/share/colcon-core/packages/vesc_msgs)
[5.182s] INFO:colcon.colcon_ros.task.ament_cmake.build:Building ROS package in '/home/parallels/INC493/src/vesc-humble/vesc_ackermann' with build type 'ament_cmake'
[5.182s] INFO:colcon.colcon_cmake.task.cmake.build:Building CMake package in '/home/parallels/INC493/src/vesc-humble/vesc_ackermann'
[5.183s] INFO:colcon.colcon_core.shell:Skip shell extension 'powershell' for command environment: Not usable outside of PowerShell
[5.183s] DEBUG:colcon.colcon_core.shell:Skip shell extension 'dsv' for command environment
[5.185s] INFO:colcon.colcon_ros.task.ament_cmake.build:Building ROS package in '/home/parallels/INC493/src/vesc-humble/vesc_driver' with build type 'ament_cmake'
[5.185s] INFO:colcon.colcon_cmake.task.cmake.build:Building CMake package in '/home/parallels/INC493/src/vesc-humble/vesc_driver'
[5.185s] INFO:colcon.colcon_core.shell:Skip shell extension 'powershell' for command environment: Not usable outside of PowerShell
[5.185s] DEBUG:colcon.colcon_core.shell:Skip shell extension 'dsv' for command environment
[5.187s] DEBUG:colcon.colcon_core.event_handler.log_command:Invoking command in '/home/parallels/INC493/src/vesc-humble/build/vesc_ackermann': AMENT_PREFIX_PATH=/home/parallels/INC493/src/vesc-humble/install/vesc_msgs:${AMENT_PREFIX_PATH} CMAKE_PREFIX_PATH=/home/parallels/INC493/src/vesc-humble/install/vesc_msgs:/opt/ros/humble LD_LIBRARY_PATH=/home/parallels/INC493/src/vesc-humble/install/vesc_msgs/lib:${LD_LIBRARY_PATH} PYTHONPATH=/home/parallels/INC493/src/vesc-humble/install/vesc_msgs/local/lib/python3.10/dist-packages:${PYTHONPATH} /usr/bin/cmake /home/parallels/INC493/src/vesc-humble/vesc_ackermann -DCMAKE_INSTALL_PREFIX=/home/parallels/INC493/src/vesc-humble/install/vesc_ackermann
[5.193s] DEBUG:colcon.colcon_core.event_handler.log_command:Invoking command in '/home/parallels/INC493/src/vesc-humble/build/vesc_driver': AMENT_PREFIX_PATH=/home/parallels/INC493/src/vesc-humble/install/vesc_msgs:${AMENT_PREFIX_PATH} CMAKE_PREFIX_PATH=/home/parallels/INC493/src/vesc-humble/install/vesc_msgs:/opt/ros/humble LD_LIBRARY_PATH=/home/parallels/INC493/src/vesc-humble/install/vesc_msgs/lib:${LD_LIBRARY_PATH} PYTHONPATH=/home/parallels/INC493/src/vesc-humble/install/vesc_msgs/local/lib/python3.10/dist-packages:${PYTHONPATH} /usr/bin/cmake /home/parallels/INC493/src/vesc-humble/vesc_driver -DCMAKE_INSTALL_PREFIX=/home/parallels/INC493/src/vesc-humble/install/vesc_driver
[6.289s] DEBUG:colcon.colcon_core.event_handler.log_command:Invoked command in '/home/parallels/INC493/src/vesc-humble/build/vesc_driver' returned '0': AMENT_PREFIX_PATH=/home/parallels/INC493/src/vesc-humble/install/vesc_msgs:${AMENT_PREFIX_PATH} CMAKE_PREFIX_PATH=/home/parallels/INC493/src/vesc-humble/install/vesc_msgs:/opt/ros/humble LD_LIBRARY_PATH=/home/parallels/INC493/src/vesc-humble/install/vesc_msgs/lib:${LD_LIBRARY_PATH} PYTHONPATH=/home/parallels/INC493/src/vesc-humble/install/vesc_msgs/local/lib/python3.10/dist-packages:${PYTHONPATH} /usr/bin/cmake /home/parallels/INC493/src/vesc-humble/vesc_driver -DCMAKE_INSTALL_PREFIX=/home/parallels/INC493/src/vesc-humble/install/vesc_driver
[6.289s] DEBUG:colcon.colcon_core.event_handler.log_command:Invoking command in '/home/parallels/INC493/src/vesc-humble/build/vesc_driver': AMENT_PREFIX_PATH=/home/parallels/INC493/src/vesc-humble/install/vesc_msgs:${AMENT_PREFIX_PATH} CMAKE_PREFIX_PATH=/home/parallels/INC493/src/vesc-humble/install/vesc_msgs:/opt/ros/humble LD_LIBRARY_PATH=/home/parallels/INC493/src/vesc-humble/install/vesc_msgs/lib:${LD_LIBRARY_PATH} PYTHONPATH=/home/parallels/INC493/src/vesc-humble/install/vesc_msgs/local/lib/python3.10/dist-packages:${PYTHONPATH} /usr/bin/cmake --build /home/parallels/INC493/src/vesc-humble/build/vesc_driver -- -j2 -l2
[6.311s] DEBUG:colcon.colcon_core.event_handler.log_command:Invoked command in '/home/parallels/INC493/src/vesc-humble/build/vesc_ackermann' returned '0': AMENT_PREFIX_PATH=/home/parallels/INC493/src/vesc-humble/install/vesc_msgs:${AMENT_PREFIX_PATH} CMAKE_PREFIX_PATH=/home/parallels/INC493/src/vesc-humble/install/vesc_msgs:/opt/ros/humble LD_LIBRARY_PATH=/home/parallels/INC493/src/vesc-humble/install/vesc_msgs/lib:${LD_LIBRARY_PATH} PYTHONPATH=/home/parallels/INC493/src/vesc-humble/install/vesc_msgs/local/lib/python3.10/dist-packages:${PYTHONPATH} /usr/bin/cmake /home/parallels/INC493/src/vesc-humble/vesc_ackermann -DCMAKE_INSTALL_PREFIX=/home/parallels/INC493/src/vesc-humble/install/vesc_ackermann
[6.311s] DEBUG:colcon.colcon_core.event_handler.log_command:Invoking command in '/home/parallels/INC493/src/vesc-humble/build/vesc_ackermann': AMENT_PREFIX_PATH=/home/parallels/INC493/src/vesc-humble/install/vesc_msgs:${AMENT_PREFIX_PATH} CMAKE_PREFIX_PATH=/home/parallels/INC493/src/vesc-humble/install/vesc_msgs:/opt/ros/humble LD_LIBRARY_PATH=/home/parallels/INC493/src/vesc-humble/install/vesc_msgs/lib:${LD_LIBRARY_PATH} PYTHONPATH=/home/parallels/INC493/src/vesc-humble/install/vesc_msgs/local/lib/python3.10/dist-packages:${PYTHONPATH} /usr/bin/cmake --build /home/parallels/INC493/src/vesc-humble/build/vesc_ackermann -- -j2 -l2
[25.364s] DEBUG:colcon.colcon_core.event_handler.log_command:Invoked command in '/home/parallels/INC493/src/vesc-humble/build/vesc_ackermann' returned '0': AMENT_PREFIX_PATH=/home/parallels/INC493/src/vesc-humble/install/vesc_msgs:${AMENT_PREFIX_PATH} CMAKE_PREFIX_PATH=/home/parallels/INC493/src/vesc-humble/install/vesc_msgs:/opt/ros/humble LD_LIBRARY_PATH=/home/parallels/INC493/src/vesc-humble/install/vesc_msgs/lib:${LD_LIBRARY_PATH} PYTHONPATH=/home/parallels/INC493/src/vesc-humble/install/vesc_msgs/local/lib/python3.10/dist-packages:${PYTHONPATH} /usr/bin/cmake --build /home/parallels/INC493/src/vesc-humble/build/vesc_ackermann -- -j2 -l2
[25.424s] DEBUG:colcon.colcon_core.event_handler.log_command:Invoking command in '/home/parallels/INC493/src/vesc-humble/build/vesc_ackermann': AMENT_PREFIX_PATH=/home/parallels/INC493/src/vesc-humble/install/vesc_msgs:${AMENT_PREFIX_PATH} CMAKE_PREFIX_PATH=/home/parallels/INC493/src/vesc-humble/install/vesc_msgs:/opt/ros/humble LD_LIBRARY_PATH=/home/parallels/INC493/src/vesc-humble/install/vesc_msgs/lib:${LD_LIBRARY_PATH} PYTHONPATH=/home/parallels/INC493/src/vesc-humble/install/vesc_msgs/local/lib/python3.10/dist-packages:${PYTHONPATH} /usr/bin/cmake --install /home/parallels/INC493/src/vesc-humble/build/vesc_ackermann
[25.458s] Level 1:colcon.colcon_core.environment:create_environment_scripts_only(vesc_ackermann)
[25.463s] DEBUG:colcon.colcon_core.event_handler.log_command:Invoked command in '/home/parallels/INC493/src/vesc-humble/build/vesc_ackermann' returned '0': AMENT_PREFIX_PATH=/home/parallels/INC493/src/vesc-humble/install/vesc_msgs:${AMENT_PREFIX_PATH} CMAKE_PREFIX_PATH=/home/parallels/INC493/src/vesc-humble/install/vesc_msgs:/opt/ros/humble LD_LIBRARY_PATH=/home/parallels/INC493/src/vesc-humble/install/vesc_msgs/lib:${LD_LIBRARY_PATH} PYTHONPATH=/home/parallels/INC493/src/vesc-humble/install/vesc_msgs/local/lib/python3.10/dist-packages:${PYTHONPATH} /usr/bin/cmake --install /home/parallels/INC493/src/vesc-humble/build/vesc_ackermann
[25.474s] Level 1:colcon.colcon_core.environment:checking '/home/parallels/INC493/src/vesc-humble/install/vesc_ackermann' for CMake module files
[25.476s] Level 1:colcon.colcon_core.environment:checking '/home/parallels/INC493/src/vesc-humble/install/vesc_ackermann' for CMake config files
[25.477s] Level 1:colcon.colcon_core.shell:create_environment_hook('vesc_ackermann', 'cmake_prefix_path')
[25.479s] INFO:colcon.colcon_core.shell:Creating environment hook '/home/parallels/INC493/src/vesc-humble/install/vesc_ackermann/share/vesc_ackermann/hook/cmake_prefix_path.ps1'
[25.485s] INFO:colcon.colcon_core.shell:Creating environment descriptor '/home/parallels/INC493/src/vesc-humble/install/vesc_ackermann/share/vesc_ackermann/hook/cmake_prefix_path.dsv'
[25.487s] INFO:colcon.colcon_core.shell:Creating environment hook '/home/parallels/INC493/src/vesc-humble/install/vesc_ackermann/share/vesc_ackermann/hook/cmake_prefix_path.sh'
[25.490s] Level 1:colcon.colcon_core.environment:checking '/home/parallels/INC493/src/vesc-humble/install/vesc_ackermann/lib'
[25.490s] Level 1:colcon.colcon_core.shell:create_environment_hook('vesc_ackermann', 'ld_library_path_lib')
[25.492s] INFO:colcon.colcon_core.shell:Creating environment hook '/home/parallels/INC493/src/vesc-humble/install/vesc_ackermann/share/vesc_ackermann/hook/ld_library_path_lib.ps1'
[25.492s] INFO:colcon.colcon_core.shell:Creating environment descriptor '/home/parallels/INC493/src/vesc-humble/install/vesc_ackermann/share/vesc_ackermann/hook/ld_library_path_lib.dsv'
[25.492s] INFO:colcon.colcon_core.shell:Creating environment hook '/home/parallels/INC493/src/vesc-humble/install/vesc_ackermann/share/vesc_ackermann/hook/ld_library_path_lib.sh'
[25.493s] Level 1:colcon.colcon_core.environment:checking '/home/parallels/INC493/src/vesc-humble/install/vesc_ackermann/bin'
[25.493s] Level 1:colcon.colcon_core.environment:checking '/home/parallels/INC493/src/vesc-humble/install/vesc_ackermann/lib/pkgconfig/vesc_ackermann.pc'
[25.495s] Level 1:colcon.colcon_core.environment:checking '/home/parallels/INC493/src/vesc-humble/install/vesc_ackermann/lib/python3.10/site-packages'
[25.496s] Level 1:colcon.colcon_core.environment:checking '/home/parallels/INC493/src/vesc-humble/install/vesc_ackermann/bin'
[25.498s] INFO:colcon.colcon_core.shell:Creating package script '/home/parallels/INC493/src/vesc-humble/install/vesc_ackermann/share/vesc_ackermann/package.ps1'
[25.499s] INFO:colcon.colcon_core.shell:Creating package descriptor '/home/parallels/INC493/src/vesc-humble/install/vesc_ackermann/share/vesc_ackermann/package.dsv'
[25.500s] INFO:colcon.colcon_core.shell:Creating package script '/home/parallels/INC493/src/vesc-humble/install/vesc_ackermann/share/vesc_ackermann/package.sh'
[25.501s] INFO:colcon.colcon_core.shell:Creating package script '/home/parallels/INC493/src/vesc-humble/install/vesc_ackermann/share/vesc_ackermann/package.bash'
[25.502s] INFO:colcon.colcon_core.shell:Creating package script '/home/parallels/INC493/src/vesc-humble/install/vesc_ackermann/share/vesc_ackermann/package.zsh'
[25.503s] Level 1:colcon.colcon_core.environment:create_file_with_runtime_dependencies(/home/parallels/INC493/src/vesc-humble/install/vesc_ackermann/share/colcon-core/packages/vesc_ackermann)
[25.530s] Level 1:colcon.colcon_core.environment:create_environment_scripts_only(vesc_ackermann)
[25.531s] Level 1:colcon.colcon_core.environment:checking '/home/parallels/INC493/src/vesc-humble/install/vesc_ackermann' for CMake module files
[25.531s] Level 1:colcon.colcon_core.environment:checking '/home/parallels/INC493/src/vesc-humble/install/vesc_ackermann' for CMake config files
[25.531s] Level 1:colcon.colcon_core.shell:create_environment_hook('vesc_ackermann', 'cmake_prefix_path')
[25.533s] INFO:colcon.colcon_core.shell:Creating environment hook '/home/parallels/INC493/src/vesc-humble/install/vesc_ackermann/share/vesc_ackermann/hook/cmake_prefix_path.ps1'
[25.533s] INFO:colcon.colcon_core.shell:Creating environment descriptor '/home/parallels/INC493/src/vesc-humble/install/vesc_ackermann/share/vesc_ackermann/hook/cmake_prefix_path.dsv'
[25.533s] INFO:colcon.colcon_core.shell:Creating environment hook '/home/parallels/INC493/src/vesc-humble/install/vesc_ackermann/share/vesc_ackermann/hook/cmake_prefix_path.sh'
[25.534s] Level 1:colcon.colcon_core.environment:checking '/home/parallels/INC493/src/vesc-humble/install/vesc_ackermann/lib'
[25.534s] Level 1:colcon.colcon_core.shell:create_environment_hook('vesc_ackermann', 'ld_library_path_lib')
[25.534s] INFO:colcon.colcon_core.shell:Creating environment hook '/home/parallels/INC493/src/vesc-humble/install/vesc_ackermann/share/vesc_ackermann/hook/ld_library_path_lib.ps1'
[25.534s] INFO:colcon.colcon_core.shell:Creating environment descriptor '/home/parallels/INC493/src/vesc-humble/install/vesc_ackermann/share/vesc_ackermann/hook/ld_library_path_lib.dsv'
[25.534s] INFO:colcon.colcon_core.shell:Creating environment hook '/home/parallels/INC493/src/vesc-humble/install/vesc_ackermann/share/vesc_ackermann/hook/ld_library_path_lib.sh'
[25.535s] Level 1:colcon.colcon_core.environment:checking '/home/parallels/INC493/src/vesc-humble/install/vesc_ackermann/bin'
[25.535s] Level 1:colcon.colcon_core.environment:checking '/home/parallels/INC493/src/vesc-humble/install/vesc_ackermann/lib/pkgconfig/vesc_ackermann.pc'
[25.535s] Level 1:colcon.colcon_core.environment:checking '/home/parallels/INC493/src/vesc-humble/install/vesc_ackermann/lib/python3.10/site-packages'
[25.535s] Level 1:colcon.colcon_core.environment:checking '/home/parallels/INC493/src/vesc-humble/install/vesc_ackermann/bin'
[25.536s] INFO:colcon.colcon_core.shell:Creating package script '/home/parallels/INC493/src/vesc-humble/install/vesc_ackermann/share/vesc_ackermann/package.ps1'
[25.536s] INFO:colcon.colcon_core.shell:Creating package descriptor '/home/parallels/INC493/src/vesc-humble/install/vesc_ackermann/share/vesc_ackermann/package.dsv'
[25.537s] INFO:colcon.colcon_core.shell:Creating package script '/home/parallels/INC493/src/vesc-humble/install/vesc_ackermann/share/vesc_ackermann/package.sh'
[25.537s] INFO:colcon.colcon_core.shell:Creating package script '/home/parallels/INC493/src/vesc-humble/install/vesc_ackermann/share/vesc_ackermann/package.bash'
[25.538s] INFO:colcon.colcon_core.shell:Creating package script '/home/parallels/INC493/src/vesc-humble/install/vesc_ackermann/share/vesc_ackermann/package.zsh'
[25.538s] Level 1:colcon.colcon_core.environment:create_file_with_runtime_dependencies(/home/parallels/INC493/src/vesc-humble/install/vesc_ackermann/share/colcon-core/packages/vesc_ackermann)
[26.617s] DEBUG:colcon.colcon_core.event_handler.log_command:Invoked command in '/home/parallels/INC493/src/vesc-humble/build/vesc_driver' returned '0': AMENT_PREFIX_PATH=/home/parallels/INC493/src/vesc-humble/install/vesc_msgs:${AMENT_PREFIX_PATH} CMAKE_PREFIX_PATH=/home/parallels/INC493/src/vesc-humble/install/vesc_msgs:/opt/ros/humble LD_LIBRARY_PATH=/home/parallels/INC493/src/vesc-humble/install/vesc_msgs/lib:${LD_LIBRARY_PATH} PYTHONPATH=/home/parallels/INC493/src/vesc-humble/install/vesc_msgs/local/lib/python3.10/dist-packages:${PYTHONPATH} /usr/bin/cmake --build /home/parallels/INC493/src/vesc-humble/build/vesc_driver -- -j2 -l2
[26.641s] DEBUG:colcon.colcon_core.event_handler.log_command:Invoking command in '/home/parallels/INC493/src/vesc-humble/build/vesc_driver': AMENT_PREFIX_PATH=/home/parallels/INC493/src/vesc-humble/install/vesc_msgs:${AMENT_PREFIX_PATH} CMAKE_PREFIX_PATH=/home/parallels/INC493/src/vesc-humble/install/vesc_msgs:/opt/ros/humble LD_LIBRARY_PATH=/home/parallels/INC493/src/vesc-humble/install/vesc_msgs/lib:${LD_LIBRARY_PATH} PYTHONPATH=/home/parallels/INC493/src/vesc-humble/install/vesc_msgs/local/lib/python3.10/dist-packages:${PYTHONPATH} /usr/bin/cmake --install /home/parallels/INC493/src/vesc-humble/build/vesc_driver
[26.658s] Level 1:colcon.colcon_core.environment:create_environment_scripts_only(vesc_driver)
[26.659s] Level 1:colcon.colcon_core.environment:checking '/home/parallels/INC493/src/vesc-humble/install/vesc_driver' for CMake module files
[26.659s] DEBUG:colcon.colcon_core.event_handler.log_command:Invoked command in '/home/parallels/INC493/src/vesc-humble/build/vesc_driver' returned '0': AMENT_PREFIX_PATH=/home/parallels/INC493/src/vesc-humble/install/vesc_msgs:${AMENT_PREFIX_PATH} CMAKE_PREFIX_PATH=/home/parallels/INC493/src/vesc-humble/install/vesc_msgs:/opt/ros/humble LD_LIBRARY_PATH=/home/parallels/INC493/src/vesc-humble/install/vesc_msgs/lib:${LD_LIBRARY_PATH} PYTHONPATH=/home/parallels/INC493/src/vesc-humble/install/vesc_msgs/local/lib/python3.10/dist-packages:${PYTHONPATH} /usr/bin/cmake --install /home/parallels/INC493/src/vesc-humble/build/vesc_driver
[26.660s] Level 1:colcon.colcon_core.environment:checking '/home/parallels/INC493/src/vesc-humble/install/vesc_driver' for CMake config files
[26.660s] Level 1:colcon.colcon_core.shell:create_environment_hook('vesc_driver', 'cmake_prefix_path')
[26.660s] INFO:colcon.colcon_core.shell:Creating environment hook '/home/parallels/INC493/src/vesc-humble/install/vesc_driver/share/vesc_driver/hook/cmake_prefix_path.ps1'
[26.660s] INFO:colcon.colcon_core.shell:Creating environment descriptor '/home/parallels/INC493/src/vesc-humble/install/vesc_driver/share/vesc_driver/hook/cmake_prefix_path.dsv'
[26.660s] INFO:colcon.colcon_core.shell:Creating environment hook '/home/parallels/INC493/src/vesc-humble/install/vesc_driver/share/vesc_driver/hook/cmake_prefix_path.sh'
[26.661s] Level 1:colcon.colcon_core.environment:checking '/home/parallels/INC493/src/vesc-humble/install/vesc_driver/lib'
[26.661s] Level 1:colcon.colcon_core.shell:create_environment_hook('vesc_driver', 'ld_library_path_lib')
[26.661s] INFO:colcon.colcon_core.shell:Creating environment hook '/home/parallels/INC493/src/vesc-humble/install/vesc_driver/share/vesc_driver/hook/ld_library_path_lib.ps1'
[26.662s] INFO:colcon.colcon_core.shell:Creating environment descriptor '/home/parallels/INC493/src/vesc-humble/install/vesc_driver/share/vesc_driver/hook/ld_library_path_lib.dsv'
[26.662s] INFO:colcon.colcon_core.shell:Creating environment hook '/home/parallels/INC493/src/vesc-humble/install/vesc_driver/share/vesc_driver/hook/ld_library_path_lib.sh'
[26.662s] Level 1:colcon.colcon_core.environment:checking '/home/parallels/INC493/src/vesc-humble/install/vesc_driver/bin'
[26.662s] Level 1:colcon.colcon_core.environment:checking '/home/parallels/INC493/src/vesc-humble/install/vesc_driver/lib/pkgconfig/vesc_driver.pc'
[26.662s] Level 1:colcon.colcon_core.environment:checking '/home/parallels/INC493/src/vesc-humble/install/vesc_driver/lib/python3.10/site-packages'
[26.662s] Level 1:colcon.colcon_core.environment:checking '/home/parallels/INC493/src/vesc-humble/install/vesc_driver/bin'
[26.663s] INFO:colcon.colcon_core.shell:Creating package script '/home/parallels/INC493/src/vesc-humble/install/vesc_driver/share/vesc_driver/package.ps1'
[26.663s] INFO:colcon.colcon_core.shell:Creating package descriptor '/home/parallels/INC493/src/vesc-humble/install/vesc_driver/share/vesc_driver/package.dsv'
[26.664s] INFO:colcon.colcon_core.shell:Creating package script '/home/parallels/INC493/src/vesc-humble/install/vesc_driver/share/vesc_driver/package.sh'
[26.664s] INFO:colcon.colcon_core.shell:Creating package script '/home/parallels/INC493/src/vesc-humble/install/vesc_driver/share/vesc_driver/package.bash'
[26.664s] INFO:colcon.colcon_core.shell:Creating package script '/home/parallels/INC493/src/vesc-humble/install/vesc_driver/share/vesc_driver/package.zsh'
[26.664s] Level 1:colcon.colcon_core.environment:create_file_with_runtime_dependencies(/home/parallels/INC493/src/vesc-humble/install/vesc_driver/share/colcon-core/packages/vesc_driver)
[26.687s] Level 1:colcon.colcon_core.environment:create_environment_scripts_only(vesc_driver)
[26.688s] Level 1:colcon.colcon_core.environment:checking '/home/parallels/INC493/src/vesc-humble/install/vesc_driver' for CMake module files
[26.688s] Level 1:colcon.colcon_core.environment:checking '/home/parallels/INC493/src/vesc-humble/install/vesc_driver' for CMake config files
[26.688s] Level 1:colcon.colcon_core.shell:create_environment_hook('vesc_driver', 'cmake_prefix_path')
[26.689s] INFO:colcon.colcon_core.shell:Creating environment hook '/home/parallels/INC493/src/vesc-humble/install/vesc_driver/share/vesc_driver/hook/cmake_prefix_path.ps1'
[26.689s] INFO:colcon.colcon_core.shell:Creating environment descriptor '/home/parallels/INC493/src/vesc-humble/install/vesc_driver/share/vesc_driver/hook/cmake_prefix_path.dsv'
[26.689s] INFO:colcon.colcon_core.shell:Creating environment hook '/home/parallels/INC493/src/vesc-humble/install/vesc_driver/share/vesc_driver/hook/cmake_prefix_path.sh'
[26.689s] Level 1:colcon.colcon_core.environment:checking '/home/parallels/INC493/src/vesc-humble/install/vesc_driver/lib'
[26.689s] Level 1:colcon.colcon_core.shell:create_environment_hook('vesc_driver', 'ld_library_path_lib')
[26.690s] INFO:colcon.colcon_core.shell:Creating environment hook '/home/parallels/INC493/src/vesc-humble/install/vesc_driver/share/vesc_driver/hook/ld_library_path_lib.ps1'
[26.690s] INFO:colcon.colcon_core.shell:Creating environment descriptor '/home/parallels/INC493/src/vesc-humble/install/vesc_driver/share/vesc_driver/hook/ld_library_path_lib.dsv'
[26.690s] INFO:colcon.colcon_core.shell:Creating environment hook '/home/parallels/INC493/src/vesc-humble/install/vesc_driver/share/vesc_driver/hook/ld_library_path_lib.sh'
[26.690s] Level 1:colcon.colcon_core.environment:checking '/home/parallels/INC493/src/vesc-humble/install/vesc_driver/bin'
[26.691s] Level 1:colcon.colcon_core.environment:checking '/home/parallels/INC493/src/vesc-humble/install/vesc_driver/lib/pkgconfig/vesc_driver.pc'
[26.691s] Level 1:colcon.colcon_core.environment:checking '/home/parallels/INC493/src/vesc-humble/install/vesc_driver/lib/python3.10/site-packages'
[26.691s] Level 1:colcon.colcon_core.environment:checking '/home/parallels/INC493/src/vesc-humble/install/vesc_driver/bin'
[26.692s] INFO:colcon.colcon_core.shell:Creating package script '/home/parallels/INC493/src/vesc-humble/install/vesc_driver/share/vesc_driver/package.ps1'
[26.692s] INFO:colcon.colcon_core.shell:Creating package descriptor '/home/parallels/INC493/src/vesc-humble/install/vesc_driver/share/vesc_driver/package.dsv'
[26.692s] INFO:colcon.colcon_core.shell:Creating package script '/home/parallels/INC493/src/vesc-humble/install/vesc_driver/share/vesc_driver/package.sh'
[26.693s] INFO:colcon.colcon_core.shell:Creating package script '/home/parallels/INC493/src/vesc-humble/install/vesc_driver/share/vesc_driver/package.bash'
[26.693s] INFO:colcon.colcon_core.shell:Creating package script '/home/parallels/INC493/src/vesc-humble/install/vesc_driver/share/vesc_driver/package.zsh'
[26.693s] Level 1:colcon.colcon_core.environment:create_file_with_runtime_dependencies(/home/parallels/INC493/src/vesc-humble/install/vesc_driver/share/colcon-core/packages/vesc_driver)
[26.694s] INFO:colcon.colcon_ros.task.ament_cmake.build:Building ROS package in '/home/parallels/INC493/src/vesc-humble/vesc' with build type 'ament_cmake'
[26.695s] INFO:colcon.colcon_cmake.task.cmake.build:Building CMake package in '/home/parallels/INC493/src/vesc-humble/vesc'
[26.696s] INFO:colcon.colcon_core.shell:Skip shell extension 'powershell' for command environment: Not usable outside of PowerShell
[26.696s] DEBUG:colcon.colcon_core.shell:Skip shell extension 'dsv' for command environment
[26.711s] DEBUG:colcon.colcon_core.event_handler.log_command:Invoking command in '/home/parallels/INC493/src/vesc-humble/build/vesc': AMENT_PREFIX_PATH=/home/parallels/INC493/src/vesc-humble/install/vesc_driver:/home/parallels/INC493/src/vesc-humble/install/vesc_ackermann:/home/parallels/INC493/src/vesc-humble/install/vesc_msgs:${AMENT_PREFIX_PATH} CMAKE_PREFIX_PATH=/home/parallels/INC493/src/vesc-humble/install/vesc_driver:/home/parallels/INC493/src/vesc-humble/install/vesc_ackermann:/home/parallels/INC493/src/vesc-humble/install/vesc_msgs:/opt/ros/humble LD_LIBRARY_PATH=/home/parallels/INC493/src/vesc-humble/install/vesc_driver/lib:/home/parallels/INC493/src/vesc-humble/install/vesc_ackermann/lib:/home/parallels/INC493/src/vesc-humble/install/vesc_msgs/lib:${LD_LIBRARY_PATH} PYTHONPATH=/home/parallels/INC493/src/vesc-humble/install/vesc_msgs/local/lib/python3.10/dist-packages:${PYTHONPATH} /usr/bin/cmake /home/parallels/INC493/src/vesc-humble/vesc -DCMAKE_INSTALL_PREFIX=/home/parallels/INC493/src/vesc-humble/install/vesc
[27.170s] DEBUG:colcon.colcon_core.event_handler.log_command:Invoked command in '/home/parallels/INC493/src/vesc-humble/build/vesc' returned '0': AMENT_PREFIX_PATH=/home/parallels/INC493/src/vesc-humble/install/vesc_driver:/home/parallels/INC493/src/vesc-humble/install/vesc_ackermann:/home/parallels/INC493/src/vesc-humble/install/vesc_msgs:${AMENT_PREFIX_PATH} CMAKE_PREFIX_PATH=/home/parallels/INC493/src/vesc-humble/install/vesc_driver:/home/parallels/INC493/src/vesc-humble/install/vesc_ackermann:/home/parallels/INC493/src/vesc-humble/install/vesc_msgs:/opt/ros/humble LD_LIBRARY_PATH=/home/parallels/INC493/src/vesc-humble/install/vesc_driver/lib:/home/parallels/INC493/src/vesc-humble/install/vesc_ackermann/lib:/home/parallels/INC493/src/vesc-humble/install/vesc_msgs/lib:${LD_LIBRARY_PATH} PYTHONPATH=/home/parallels/INC493/src/vesc-humble/install/vesc_msgs/local/lib/python3.10/dist-packages:${PYTHONPATH} /usr/bin/cmake /home/parallels/INC493/src/vesc-humble/vesc -DCMAKE_INSTALL_PREFIX=/home/parallels/INC493/src/vesc-humble/install/vesc
[27.170s] DEBUG:colcon.colcon_core.event_handler.log_command:Invoking command in '/home/parallels/INC493/src/vesc-humble/build/vesc': AMENT_PREFIX_PATH=/home/parallels/INC493/src/vesc-humble/install/vesc_driver:/home/parallels/INC493/src/vesc-humble/install/vesc_ackermann:/home/parallels/INC493/src/vesc-humble/install/vesc_msgs:${AMENT_PREFIX_PATH} CMAKE_PREFIX_PATH=/home/parallels/INC493/src/vesc-humble/install/vesc_driver:/home/parallels/INC493/src/vesc-humble/install/vesc_ackermann:/home/parallels/INC493/src/vesc-humble/install/vesc_msgs:/opt/ros/humble LD_LIBRARY_PATH=/home/parallels/INC493/src/vesc-humble/install/vesc_driver/lib:/home/parallels/INC493/src/vesc-humble/install/vesc_ackermann/lib:/home/parallels/INC493/src/vesc-humble/install/vesc_msgs/lib:${LD_LIBRARY_PATH} PYTHONPATH=/home/parallels/INC493/src/vesc-humble/install/vesc_msgs/local/lib/python3.10/dist-packages:${PYTHONPATH} /usr/bin/cmake --build /home/parallels/INC493/src/vesc-humble/build/vesc -- -j2 -l2
[27.193s] DEBUG:colcon.colcon_core.event_handler.log_command:Invoked command in '/home/parallels/INC493/src/vesc-humble/build/vesc' returned '0': AMENT_PREFIX_PATH=/home/parallels/INC493/src/vesc-humble/install/vesc_driver:/home/parallels/INC493/src/vesc-humble/install/vesc_ackermann:/home/parallels/INC493/src/vesc-humble/install/vesc_msgs:${AMENT_PREFIX_PATH} CMAKE_PREFIX_PATH=/home/parallels/INC493/src/vesc-humble/install/vesc_driver:/home/parallels/INC493/src/vesc-humble/install/vesc_ackermann:/home/parallels/INC493/src/vesc-humble/install/vesc_msgs:/opt/ros/humble LD_LIBRARY_PATH=/home/parallels/INC493/src/vesc-humble/install/vesc_driver/lib:/home/parallels/INC493/src/vesc-humble/install/vesc_ackermann/lib:/home/parallels/INC493/src/vesc-humble/install/vesc_msgs/lib:${LD_LIBRARY_PATH} PYTHONPATH=/home/parallels/INC493/src/vesc-humble/install/vesc_msgs/local/lib/python3.10/dist-packages:${PYTHONPATH} /usr/bin/cmake --build /home/parallels/INC493/src/vesc-humble/build/vesc -- -j2 -l2
[27.206s] DEBUG:colcon.colcon_core.event_handler.log_command:Invoking command in '/home/parallels/INC493/src/vesc-humble/build/vesc': AMENT_PREFIX_PATH=/home/parallels/INC493/src/vesc-humble/install/vesc_driver:/home/parallels/INC493/src/vesc-humble/install/vesc_ackermann:/home/parallels/INC493/src/vesc-humble/install/vesc_msgs:${AMENT_PREFIX_PATH} CMAKE_PREFIX_PATH=/home/parallels/INC493/src/vesc-humble/install/vesc_driver:/home/parallels/INC493/src/vesc-humble/install/vesc_ackermann:/home/parallels/INC493/src/vesc-humble/install/vesc_msgs:/opt/ros/humble LD_LIBRARY_PATH=/home/parallels/INC493/src/vesc-humble/install/vesc_driver/lib:/home/parallels/INC493/src/vesc-humble/install/vesc_ackermann/lib:/home/parallels/INC493/src/vesc-humble/install/vesc_msgs/lib:${LD_LIBRARY_PATH} PYTHONPATH=/home/parallels/INC493/src/vesc-humble/install/vesc_msgs/local/lib/python3.10/dist-packages:${PYTHONPATH} /usr/bin/cmake --install /home/parallels/INC493/src/vesc-humble/build/vesc
[27.212s] Level 1:colcon.colcon_core.environment:create_environment_scripts_only(vesc)
[27.212s] Level 1:colcon.colcon_core.environment:checking '/home/parallels/INC493/src/vesc-humble/install/vesc' for CMake module files
[27.213s] DEBUG:colcon.colcon_core.event_handler.log_command:Invoked command in '/home/parallels/INC493/src/vesc-humble/build/vesc' returned '0': AMENT_PREFIX_PATH=/home/parallels/INC493/src/vesc-humble/install/vesc_driver:/home/parallels/INC493/src/vesc-humble/install/vesc_ackermann:/home/parallels/INC493/src/vesc-humble/install/vesc_msgs:${AMENT_PREFIX_PATH} CMAKE_PREFIX_PATH=/home/parallels/INC493/src/vesc-humble/install/vesc_driver:/home/parallels/INC493/src/vesc-humble/install/vesc_ackermann:/home/parallels/INC493/src/vesc-humble/install/vesc_msgs:/opt/ros/humble LD_LIBRARY_PATH=/home/parallels/INC493/src/vesc-humble/install/vesc_driver/lib:/home/parallels/INC493/src/vesc-humble/install/vesc_ackermann/lib:/home/parallels/INC493/src/vesc-humble/install/vesc_msgs/lib:${LD_LIBRARY_PATH} PYTHONPATH=/home/parallels/INC493/src/vesc-humble/install/vesc_msgs/local/lib/python3.10/dist-packages:${PYTHONPATH} /usr/bin/cmake --install /home/parallels/INC493/src/vesc-humble/build/vesc
[27.213s] Level 1:colcon.colcon_core.environment:checking '/home/parallels/INC493/src/vesc-humble/install/vesc' for CMake config files
[27.213s] Level 1:colcon.colcon_core.shell:create_environment_hook('vesc', 'cmake_prefix_path')
[27.214s] INFO:colcon.colcon_core.shell:Creating environment hook '/home/parallels/INC493/src/vesc-humble/install/vesc/share/vesc/hook/cmake_prefix_path.ps1'
[27.214s] INFO:colcon.colcon_core.shell:Creating environment descriptor '/home/parallels/INC493/src/vesc-humble/install/vesc/share/vesc/hook/cmake_prefix_path.dsv'
[27.214s] INFO:colcon.colcon_core.shell:Creating environment hook '/home/parallels/INC493/src/vesc-humble/install/vesc/share/vesc/hook/cmake_prefix_path.sh'
[27.214s] Level 1:colcon.colcon_core.environment:checking '/home/parallels/INC493/src/vesc-humble/install/vesc/bin'
[27.214s] Level 1:colcon.colcon_core.environment:checking '/home/parallels/INC493/src/vesc-humble/install/vesc/lib/pkgconfig/vesc.pc'
[27.214s] Level 1:colcon.colcon_core.environment:checking '/home/parallels/INC493/src/vesc-humble/install/vesc/lib/python3.10/site-packages'
[27.215s] Level 1:colcon.colcon_core.environment:checking '/home/parallels/INC493/src/vesc-humble/install/vesc/bin'
[27.216s] INFO:colcon.colcon_core.shell:Creating package script '/home/parallels/INC493/src/vesc-humble/install/vesc/share/vesc/package.ps1'
[27.216s] INFO:colcon.colcon_core.shell:Creating package descriptor '/home/parallels/INC493/src/vesc-humble/install/vesc/share/vesc/package.dsv'
[27.216s] INFO:colcon.colcon_core.shell:Creating package script '/home/parallels/INC493/src/vesc-humble/install/vesc/share/vesc/package.sh'
[27.216s] INFO:colcon.colcon_core.shell:Creating package script '/home/parallels/INC493/src/vesc-humble/install/vesc/share/vesc/package.bash'
[27.217s] INFO:colcon.colcon_core.shell:Creating package script '/home/parallels/INC493/src/vesc-humble/install/vesc/share/vesc/package.zsh'
[27.217s] Level 1:colcon.colcon_core.environment:create_file_with_runtime_dependencies(/home/parallels/INC493/src/vesc-humble/install/vesc/share/colcon-core/packages/vesc)
[27.230s] Level 1:colcon.colcon_core.environment:create_environment_scripts_only(vesc)
[27.230s] Level 1:colcon.colcon_core.environment:checking '/home/parallels/INC493/src/vesc-humble/install/vesc' for CMake module files
[27.231s] Level 1:colcon.colcon_core.environment:checking '/home/parallels/INC493/src/vesc-humble/install/vesc' for CMake config files
[27.231s] Level 1:colcon.colcon_core.shell:create_environment_hook('vesc', 'cmake_prefix_path')
[27.231s] INFO:colcon.colcon_core.shell:Creating environment hook '/home/parallels/INC493/src/vesc-humble/install/vesc/share/vesc/hook/cmake_prefix_path.ps1'
[27.232s] INFO:colcon.colcon_core.shell:Creating environment descriptor '/home/parallels/INC493/src/vesc-humble/install/vesc/share/vesc/hook/cmake_prefix_path.dsv'
[27.232s] INFO:colcon.colcon_core.shell:Creating environment hook '/home/parallels/INC493/src/vesc-humble/install/vesc/share/vesc/hook/cmake_prefix_path.sh'
[27.232s] Level 1:colcon.colcon_core.environment:checking '/home/parallels/INC493/src/vesc-humble/install/vesc/bin'
[27.232s] Level 1:colcon.colcon_core.environment:checking '/home/parallels/INC493/src/vesc-humble/install/vesc/lib/pkgconfig/vesc.pc'
[27.232s] Level 1:colcon.colcon_core.environment:checking '/home/parallels/INC493/src/vesc-humble/install/vesc/lib/python3.10/site-packages'
[27.232s] Level 1:colcon.colcon_core.environment:checking '/home/parallels/INC493/src/vesc-humble/install/vesc/bin'
[27.241s] INFO:colcon.colcon_core.shell:Creating package script '/home/parallels/INC493/src/vesc-humble/install/vesc/share/vesc/package.ps1'
[27.241s] INFO:colcon.colcon_core.shell:Creating package descriptor '/home/parallels/INC493/src/vesc-humble/install/vesc/share/vesc/package.dsv'
[27.242s] INFO:colcon.colcon_core.shell:Creating package script '/home/parallels/INC493/src/vesc-humble/install/vesc/share/vesc/package.sh'
[27.242s] INFO:colcon.colcon_core.shell:Creating package script '/home/parallels/INC493/src/vesc-humble/install/vesc/share/vesc/package.bash'
[27.242s] INFO:colcon.colcon_core.shell:Creating package script '/home/parallels/INC493/src/vesc-humble/install/vesc/share/vesc/package.zsh'
[27.242s] Level 1:colcon.colcon_core.environment:create_file_with_runtime_dependencies(/home/parallels/INC493/src/vesc-humble/install/vesc/share/colcon-core/packages/vesc)
[27.243s] DEBUG:colcon.colcon_parallel_executor.executor.parallel:closing loop
[27.244s] DEBUG:colcon.colcon_parallel_executor.executor.parallel:loop closed
[27.244s] DEBUG:colcon.colcon_parallel_executor.executor.parallel:run_until_complete finished with '0'
[27.245s] DEBUG:colcon.colcon_core.event_reactor:joining thread
[27.273s] INFO:colcon.colcon_core.plugin_system:Skipping extension 'colcon_notification.desktop_notification.terminal_notifier': Not used on non-Darwin systems
[27.273s] INFO:colcon.colcon_core.plugin_system:Skipping extension 'colcon_notification.desktop_notification.win32': Not used on non-Windows systems
[27.273s] INFO:colcon.colcon_notification.desktop_notification:Sending desktop notification using 'notify2'
[27.463s] DEBUG:colcon.colcon_core.event_reactor:joined thread
[27.465s] INFO:colcon.colcon_core.shell:Creating prefix script '/home/parallels/INC493/src/vesc-humble/install/local_setup.ps1'
[27.467s] INFO:colcon.colcon_core.shell:Creating prefix util module '/home/parallels/INC493/src/vesc-humble/install/_local_setup_util_ps1.py'
[27.468s] INFO:colcon.colcon_core.shell:Creating prefix chain script '/home/parallels/INC493/src/vesc-humble/install/setup.ps1'
[27.469s] INFO:colcon.colcon_core.shell:Creating prefix script '/home/parallels/INC493/src/vesc-humble/install/local_setup.sh'
[27.470s] INFO:colcon.colcon_core.shell:Creating prefix util module '/home/parallels/INC493/src/vesc-humble/install/_local_setup_util_sh.py'
[27.470s] INFO:colcon.colcon_core.shell:Creating prefix chain script '/home/parallels/INC493/src/vesc-humble/install/setup.sh'
[27.471s] INFO:colcon.colcon_core.shell:Creating prefix script '/home/parallels/INC493/src/vesc-humble/install/local_setup.bash'
[27.472s] INFO:colcon.colcon_core.shell:Creating prefix chain script '/home/parallels/INC493/src/vesc-humble/install/setup.bash'
[27.473s] INFO:colcon.colcon_core.shell:Creating prefix script '/home/parallels/INC493/src/vesc-humble/install/local_setup.zsh'
[27.473s] INFO:colcon.colcon_core.shell:Creating prefix chain script '/home/parallels/INC493/src/vesc-humble/install/setup.zsh'
