[0.008s] Invoking command in '/home/peachji/peachF1/build/micro_ros_msgs': CMAKE_PREFIX_PATH=/opt/ros/humble /usr/bin/cmake /home/peachji/peachF1/microros_ws/src/uros/micro_ros_msgs -DCMAKE_INSTALL_PREFIX=/home/peachji/peachF1/install/micro_ros_msgs
[0.108s] -- The C compiler identification is GNU 11.4.0
[0.199s] -- The CXX compiler identification is GNU 11.4.0
[0.206s] -- Detecting C compiler ABI info
[0.266s] -- Detecting C compiler ABI info - done
[0.273s] -- Check for working C compiler: /usr/bin/cc - skipped
[0.274s] -- Detecting C compile features
[0.274s] -- Detecting C compile features - done
[0.277s] -- Detecting CXX compiler ABI info
[0.346s] -- Detecting CXX compiler ABI info - done
[0.355s] -- Check for working CXX compiler: /usr/bin/c++ - skipped
[0.355s] -- Detecting CXX compile features
[0.355s] -- Detecting CXX compile features - done
[0.357s] -- Found ament_cmake: 1.3.10 (/opt/ros/humble/share/ament_cmake/cmake)
[0.486s] -- Found Python3: /usr/bin/python3 (found version "3.10.12") found components: Interpreter 
[0.565s] -- Found rosidl_default_generators: 1.2.0 (/opt/ros/humble/share/rosidl_default_generators/cmake)
[0.569s] -- Using all available rosidl_typesupport_c: rosidl_typesupport_fastrtps_c;rosidl_typesupport_introspection_c
[0.575s] -- Found rosidl_adapter: 3.1.5 (/opt/ros/humble/share/rosidl_adapter/cmake)
[0.613s] -- Using all available rosidl_typesupport_cpp: rosidl_typesupport_fastrtps_cpp;rosidl_typesupport_introspection_cpp
[0.646s] -- Found ament_lint_auto: 0.12.11 (/opt/ros/humble/share/ament_lint_auto/cmake)
[0.871s] -- Found ament_cmake_ros: 0.10.0 (/opt/ros/humble/share/ament_cmake_ros/cmake)
[1.005s] -- Using all available rosidl_typesupport_c: rosidl_typesupport_fastrtps_c;rosidl_typesupport_introspection_c
[1.194s] -- Using all available rosidl_typesupport_cpp: rosidl_typesupport_fastrtps_cpp;rosidl_typesupport_introspection_cpp
[1.212s] -- Found PythonInterp: /usr/bin/python3 (found suitable version "3.10.12", minimum required is "3.6") 
[1.215s] -- Found python_cmake_module: 0.10.0 (/opt/ros/humble/share/python_cmake_module/cmake)
[1.240s] -- Found PythonLibs: /usr/lib/x86_64-linux-gnu/libpython3.10.so (found suitable version "3.10.12", minimum required is "3.5") 
[1.240s] -- Using PYTHON_EXECUTABLE: /usr/bin/python3
[1.240s] -- Using PYTHON_INCLUDE_DIRS: /usr/include/python3.10
[1.240s] -- Using PYTHON_LIBRARIES: /usr/lib/x86_64-linux-gnu/libpython3.10.so
[1.265s] -- Found PythonExtra: .so  
[1.299s] -- Added test 'copyright' to check source files copyright and LICENSE
[1.307s] -- Added test 'lint_cmake' to check CMake code style
[1.312s] -- Added test 'xmllint' to check XML markup files
[1.319s] -- Configuring done
[1.357s] -- Generating done
[1.361s] -- Build files have been written to: /home/peachji/peachF1/build/micro_ros_msgs
[1.367s] Invoked command in '/home/peachji/peachF1/build/micro_ros_msgs' returned '0': CMAKE_PREFIX_PATH=/opt/ros/humble /usr/bin/cmake /home/peachji/peachF1/microros_ws/src/uros/micro_ros_msgs -DCMAKE_INSTALL_PREFIX=/home/peachji/peachF1/install/micro_ros_msgs
[1.368s] Invoking command in '/home/peachji/peachF1/build/micro_ros_msgs': CMAKE_PREFIX_PATH=/opt/ros/humble /usr/bin/cmake --build /home/peachji/peachF1/build/micro_ros_msgs -- -j16 -l16
[1.412s] [  2%] [34m[1mGenerating C code for ROS interfaces[0m
[1.422s] [  4%] [34m[1mGenerating C++ code for ROS interfaces[0m
[1.426s] [  4%] Built target ament_cmake_python_copy_micro_ros_msgs
[1.810s] running egg_info
[1.811s] creating micro_ros_msgs.egg-info
[1.811s] writing micro_ros_msgs.egg-info/PKG-INFO
[1.811s] writing dependency_links to micro_ros_msgs.egg-info/dependency_links.txt
[1.811s] writing top-level names to micro_ros_msgs.egg-info/top_level.txt
[1.814s] writing manifest file 'micro_ros_msgs.egg-info/SOURCES.txt'
[1.818s] reading manifest file 'micro_ros_msgs.egg-info/SOURCES.txt'
[1.819s] writing manifest file 'micro_ros_msgs.egg-info/SOURCES.txt'
[1.858s] [  6%] [32mBuilding C object CMakeFiles/micro_ros_msgs__rosidl_generator_c.dir/rosidl_generator_c/micro_ros_msgs/msg/detail/graph__functions.c.o[0m
[1.858s] [  8%] [32mBuilding C object CMakeFiles/micro_ros_msgs__rosidl_generator_c.dir/rosidl_generator_c/micro_ros_msgs/msg/detail/entity__functions.c.o[0m
[1.859s] [ 10%] [32mBuilding C object CMakeFiles/micro_ros_msgs__rosidl_generator_c.dir/rosidl_generator_c/micro_ros_msgs/msg/detail/node__functions.c.o[0m
[1.876s] [ 10%] Built target ament_cmake_python_build_micro_ros_msgs_egg
[1.939s] [ 10%] Built target micro_ros_msgs__cpp
[1.942s] [ 12%] [32m[1mLinking C shared library libmicro_ros_msgs__rosidl_generator_c.so[0m
[1.951s] [ 14%] [34m[1mGenerating C++ type support dispatch for ROS interfaces[0m
[1.951s] [ 17%] [34m[1mGenerating C++ type support for eProsima Fast-RTPS[0m
[1.956s] [ 19%] [34m[1mGenerating C++ introspection for ROS interfaces[0m
[1.995s] [ 19%] Built target micro_ros_msgs__rosidl_generator_c
[2.006s] [ 21%] [34m[1mGenerating C introspection for ROS interfaces[0m
[2.009s] [ 23%] [34m[1mGenerating C type support for eProsima Fast-RTPS[0m
[2.010s] [ 25%] [34m[1mGenerating C type support dispatch for ROS interfaces[0m
[2.448s] [ 31%] [32mBuilding CXX object CMakeFiles/micro_ros_msgs__rosidl_typesupport_fastrtps_cpp.dir/rosidl_typesupport_fastrtps_cpp/micro_ros_msgs/msg/detail/dds_fastrtps/graph__type_support.cpp.o[0m
[2.449s] [ 31%] [32mBuilding CXX object CMakeFiles/micro_ros_msgs__rosidl_typesupport_fastrtps_cpp.dir/rosidl_typesupport_fastrtps_cpp/micro_ros_msgs/msg/detail/dds_fastrtps/node__type_support.cpp.o[0m
[2.449s] [ 31%] [32mBuilding C object CMakeFiles/micro_ros_msgs__rosidl_typesupport_introspection_c.dir/rosidl_typesupport_introspection_c/micro_ros_msgs/msg/detail/graph__type_support.c.o[0m
[2.450s] [ 34%] [32mBuilding CXX object CMakeFiles/micro_ros_msgs__rosidl_typesupport_fastrtps_cpp.dir/rosidl_typesupport_fastrtps_cpp/micro_ros_msgs/msg/detail/dds_fastrtps/entity__type_support.cpp.o[0m
[2.451s] [ 36%] [32mBuilding C object CMakeFiles/micro_ros_msgs__rosidl_typesupport_introspection_c.dir/rosidl_typesupport_introspection_c/micro_ros_msgs/msg/detail/node__type_support.c.o[0m
[2.465s] [ 38%] [32mBuilding C object CMakeFiles/micro_ros_msgs__rosidl_typesupport_introspection_c.dir/rosidl_typesupport_introspection_c/micro_ros_msgs/msg/detail/entity__type_support.c.o[0m
[2.498s] [ 42%] [32mBuilding CXX object CMakeFiles/micro_ros_msgs__rosidl_typesupport_fastrtps_c.dir/rosidl_typesupport_fastrtps_c/micro_ros_msgs/msg/detail/graph__type_support_c.cpp.o[0m
[2.502s] [ 44%] [32mBuilding CXX object CMakeFiles/micro_ros_msgs__rosidl_typesupport_fastrtps_c.dir/rosidl_typesupport_fastrtps_c/micro_ros_msgs/msg/detail/node__type_support_c.cpp.o[0m
[2.502s] [ 46%] [32mBuilding CXX object CMakeFiles/micro_ros_msgs__rosidl_typesupport_cpp.dir/rosidl_typesupport_cpp/micro_ros_msgs/msg/graph__type_support.cpp.o[0m
[2.507s] [ 46%] [32mBuilding CXX object CMakeFiles/micro_ros_msgs__rosidl_typesupport_cpp.dir/rosidl_typesupport_cpp/micro_ros_msgs/msg/node__type_support.cpp.o[0m
[2.509s] [ 48%] [32mBuilding CXX object CMakeFiles/micro_ros_msgs__rosidl_typesupport_cpp.dir/rosidl_typesupport_cpp/micro_ros_msgs/msg/entity__type_support.cpp.o[0m
[2.520s] [ 51%] [32mBuilding CXX object CMakeFiles/micro_ros_msgs__rosidl_typesupport_fastrtps_c.dir/rosidl_typesupport_fastrtps_c/micro_ros_msgs/msg/detail/entity__type_support_c.cpp.o[0m
[2.562s] [ 53%] [32m[1mLinking C shared library libmicro_ros_msgs__rosidl_typesupport_introspection_c.so[0m
[2.599s] [ 55%] [32mBuilding CXX object CMakeFiles/micro_ros_msgs__rosidl_typesupport_c.dir/rosidl_typesupport_c/micro_ros_msgs/msg/node__type_support.cpp.o[0m
[2.607s] [ 57%] [32mBuilding CXX object CMakeFiles/micro_ros_msgs__rosidl_typesupport_c.dir/rosidl_typesupport_c/micro_ros_msgs/msg/graph__type_support.cpp.o[0m
[2.639s] [ 59%] [32mBuilding CXX object CMakeFiles/micro_ros_msgs__rosidl_typesupport_c.dir/rosidl_typesupport_c/micro_ros_msgs/msg/entity__type_support.cpp.o[0m
[2.656s] [ 61%] [32mBuilding CXX object CMakeFiles/micro_ros_msgs__rosidl_typesupport_introspection_cpp.dir/rosidl_typesupport_introspection_cpp/micro_ros_msgs/msg/detail/graph__type_support.cpp.o[0m
[2.658s] [ 61%] Built target micro_ros_msgs__rosidl_typesupport_introspection_c
[2.669s] [ 63%] [32mBuilding CXX object CMakeFiles/micro_ros_msgs__rosidl_typesupport_introspection_cpp.dir/rosidl_typesupport_introspection_cpp/micro_ros_msgs/msg/detail/node__type_support.cpp.o[0m
[2.670s] [ 65%] [32mBuilding CXX object CMakeFiles/micro_ros_msgs__rosidl_typesupport_introspection_cpp.dir/rosidl_typesupport_introspection_cpp/micro_ros_msgs/msg/detail/entity__type_support.cpp.o[0m
[2.721s] [ 68%] [32m[1mLinking CXX shared library libmicro_ros_msgs__rosidl_typesupport_c.so[0m
[2.842s] [ 68%] Built target micro_ros_msgs__rosidl_typesupport_c
[3.347s] [ 70%] [32m[1mLinking CXX shared library libmicro_ros_msgs__rosidl_typesupport_cpp.so[0m
[3.419s] [ 70%] Built target micro_ros_msgs__rosidl_typesupport_cpp
[3.433s] [ 72%] [32m[1mLinking CXX shared library libmicro_ros_msgs__rosidl_typesupport_fastrtps_c.so[0m
[3.616s] [ 72%] Built target micro_ros_msgs__rosidl_typesupport_fastrtps_c
[3.631s] [ 74%] [32m[1mLinking CXX shared library libmicro_ros_msgs__rosidl_typesupport_fastrtps_cpp.so[0m
[3.979s] [ 74%] Built target micro_ros_msgs__rosidl_typesupport_fastrtps_cpp
[4.053s] [ 76%] [32m[1mLinking CXX shared library libmicro_ros_msgs__rosidl_typesupport_introspection_cpp.so[0m
[4.325s] [ 76%] Built target micro_ros_msgs__rosidl_typesupport_introspection_cpp
[4.386s] [ 76%] Built target micro_ros_msgs
[4.437s] [ 78%] [34m[1mGenerating Python code for ROS interfaces[0m
[5.214s] [ 78%] Built target micro_ros_msgs__py
[5.240s] [ 85%] [32mBuilding C object CMakeFiles/micro_ros_msgs__rosidl_generator_py.dir/rosidl_generator_py/micro_ros_msgs/msg/_graph_s.c.o[0m
[5.240s] [ 85%] [32mBuilding C object CMakeFiles/micro_ros_msgs__rosidl_generator_py.dir/rosidl_generator_py/micro_ros_msgs/msg/_entity_s.c.o[0m
[5.240s] [ 85%] [32mBuilding C object CMakeFiles/micro_ros_msgs__rosidl_generator_py.dir/rosidl_generator_py/micro_ros_msgs/msg/_node_s.c.o[0m
[5.401s] [ 87%] [32m[1mLinking C shared library rosidl_generator_py/micro_ros_msgs/libmicro_ros_msgs__rosidl_generator_py.so[0m
[5.454s] [ 87%] Built target micro_ros_msgs__rosidl_generator_py
[5.480s] [ 93%] [32mBuilding C object CMakeFiles/micro_ros_msgs__rosidl_typesupport_introspection_c__pyext.dir/rosidl_generator_py/micro_ros_msgs/_micro_ros_msgs_s.ep.rosidl_typesupport_introspection_c.c.o[0m
[5.480s] [ 93%] [32mBuilding C object CMakeFiles/micro_ros_msgs__rosidl_typesupport_c__pyext.dir/rosidl_generator_py/micro_ros_msgs/_micro_ros_msgs_s.ep.rosidl_typesupport_c.c.o[0m
[5.481s] [ 93%] [32mBuilding C object CMakeFiles/micro_ros_msgs__rosidl_typesupport_fastrtps_c__pyext.dir/rosidl_generator_py/micro_ros_msgs/_micro_ros_msgs_s.ep.rosidl_typesupport_fastrtps_c.c.o[0m
[5.616s] [ 95%] [32m[1mLinking C shared library rosidl_generator_py/micro_ros_msgs/micro_ros_msgs_s__rosidl_typesupport_c.cpython-310-x86_64-linux-gnu.so[0m
[5.620s] [ 97%] [32m[1mLinking C shared library rosidl_generator_py/micro_ros_msgs/micro_ros_msgs_s__rosidl_typesupport_introspection_c.cpython-310-x86_64-linux-gnu.so[0m
[5.620s] [100%] [32m[1mLinking C shared library rosidl_generator_py/micro_ros_msgs/micro_ros_msgs_s__rosidl_typesupport_fastrtps_c.cpython-310-x86_64-linux-gnu.so[0m
[5.663s] [100%] Built target micro_ros_msgs__rosidl_typesupport_c__pyext
[5.669s] [100%] Built target micro_ros_msgs__rosidl_typesupport_introspection_c__pyext
[5.669s] [100%] Built target micro_ros_msgs__rosidl_typesupport_fastrtps_c__pyext
[5.685s] Invoked command in '/home/peachji/peachF1/build/micro_ros_msgs' returned '0': CMAKE_PREFIX_PATH=/opt/ros/humble /usr/bin/cmake --build /home/peachji/peachF1/build/micro_ros_msgs -- -j16 -l16
[5.798s] Invoking command in '/home/peachji/peachF1/build/micro_ros_msgs': CMAKE_PREFIX_PATH=/opt/ros/humble /usr/bin/cmake --install /home/peachji/peachF1/build/micro_ros_msgs
[5.808s] -- Install configuration: ""
[5.809s] -- Installing: /home/peachji/peachF1/install/micro_ros_msgs/share/ament_index/resource_index/rosidl_interfaces/micro_ros_msgs
[5.809s] -- Installing: /home/peachji/peachF1/install/micro_ros_msgs/include/micro_ros_msgs/micro_ros_msgs
[5.809s] -- Installing: /home/peachji/peachF1/install/micro_ros_msgs/include/micro_ros_msgs/micro_ros_msgs/msg
[5.809s] -- Installing: /home/peachji/peachF1/install/micro_ros_msgs/include/micro_ros_msgs/micro_ros_msgs/msg/entity.h
[5.809s] -- Installing: /home/peachji/peachF1/install/micro_ros_msgs/include/micro_ros_msgs/micro_ros_msgs/msg/node.h
[5.809s] -- Installing: /home/peachji/peachF1/install/micro_ros_msgs/include/micro_ros_msgs/micro_ros_msgs/msg/detail
[5.809s] -- Installing: /home/peachji/peachF1/install/micro_ros_msgs/include/micro_ros_msgs/micro_ros_msgs/msg/detail/graph__functions.h
[5.809s] -- Installing: /home/peachji/peachF1/install/micro_ros_msgs/include/micro_ros_msgs/micro_ros_msgs/msg/detail/node__struct.h
[5.810s] -- Installing: /home/peachji/peachF1/install/micro_ros_msgs/include/micro_ros_msgs/micro_ros_msgs/msg/detail/node__functions.h
[5.810s] -- Installing: /home/peachji/peachF1/install/micro_ros_msgs/include/micro_ros_msgs/micro_ros_msgs/msg/detail/entity__functions.h
[5.810s] -- Installing: /home/peachji/peachF1/install/micro_ros_msgs/include/micro_ros_msgs/micro_ros_msgs/msg/detail/node__functions.c
[5.810s] -- Installing: /home/peachji/peachF1/install/micro_ros_msgs/include/micro_ros_msgs/micro_ros_msgs/msg/detail/graph__functions.c
[5.810s] -- Installing: /home/peachji/peachF1/install/micro_ros_msgs/include/micro_ros_msgs/micro_ros_msgs/msg/detail/graph__struct.h
[5.810s] -- Installing: /home/peachji/peachF1/install/micro_ros_msgs/include/micro_ros_msgs/micro_ros_msgs/msg/detail/entity__functions.c
[5.810s] -- Installing: /home/peachji/peachF1/install/micro_ros_msgs/include/micro_ros_msgs/micro_ros_msgs/msg/detail/graph__type_support.h
[5.810s] -- Installing: /home/peachji/peachF1/install/micro_ros_msgs/include/micro_ros_msgs/micro_ros_msgs/msg/detail/entity__struct.h
[5.811s] -- Installing: /home/peachji/peachF1/install/micro_ros_msgs/include/micro_ros_msgs/micro_ros_msgs/msg/detail/node__type_support.h
[5.811s] -- Installing: /home/peachji/peachF1/install/micro_ros_msgs/include/micro_ros_msgs/micro_ros_msgs/msg/detail/entity__type_support.h
[5.811s] -- Installing: /home/peachji/peachF1/install/micro_ros_msgs/include/micro_ros_msgs/micro_ros_msgs/msg/rosidl_generator_c__visibility_control.h
[5.811s] -- Installing: /home/peachji/peachF1/install/micro_ros_msgs/include/micro_ros_msgs/micro_ros_msgs/msg/graph.h
[5.811s] -- Installing: /home/peachji/peachF1/install/micro_ros_msgs/share/micro_ros_msgs/environment/library_path.sh
[5.811s] -- Installing: /home/peachji/peachF1/install/micro_ros_msgs/share/micro_ros_msgs/environment/library_path.dsv
[5.812s] -- Installing: /home/peachji/peachF1/install/micro_ros_msgs/lib/libmicro_ros_msgs__rosidl_generator_c.so
[5.812s] -- Set runtime path of "/home/peachji/peachF1/install/micro_ros_msgs/lib/libmicro_ros_msgs__rosidl_generator_c.so" to ""
[5.812s] -- Up-to-date: /home/peachji/peachF1/install/micro_ros_msgs/include/micro_ros_msgs/micro_ros_msgs
[5.812s] -- Up-to-date: /home/peachji/peachF1/install/micro_ros_msgs/include/micro_ros_msgs/micro_ros_msgs/msg
[5.812s] -- Installing: /home/peachji/peachF1/install/micro_ros_msgs/include/micro_ros_msgs/micro_ros_msgs/msg/rosidl_typesupport_fastrtps_c__visibility_control.h
[5.812s] -- Up-to-date: /home/peachji/peachF1/install/micro_ros_msgs/include/micro_ros_msgs/micro_ros_msgs/msg/detail
[5.813s] -- Installing: /home/peachji/peachF1/install/micro_ros_msgs/include/micro_ros_msgs/micro_ros_msgs/msg/detail/node__rosidl_typesupport_fastrtps_c.h
[5.813s] -- Installing: /home/peachji/peachF1/install/micro_ros_msgs/include/micro_ros_msgs/micro_ros_msgs/msg/detail/entity__rosidl_typesupport_fastrtps_c.h
[5.813s] -- Installing: /home/peachji/peachF1/install/micro_ros_msgs/include/micro_ros_msgs/micro_ros_msgs/msg/detail/graph__rosidl_typesupport_fastrtps_c.h
[5.813s] -- Installing: /home/peachji/peachF1/install/micro_ros_msgs/lib/libmicro_ros_msgs__rosidl_typesupport_fastrtps_c.so
[5.813s] -- Set runtime path of "/home/peachji/peachF1/install/micro_ros_msgs/lib/libmicro_ros_msgs__rosidl_typesupport_fastrtps_c.so" to ""
[5.813s] -- Up-to-date: /home/peachji/peachF1/install/micro_ros_msgs/include/micro_ros_msgs/micro_ros_msgs
[5.813s] -- Up-to-date: /home/peachji/peachF1/install/micro_ros_msgs/include/micro_ros_msgs/micro_ros_msgs/msg
[5.814s] -- Installing: /home/peachji/peachF1/install/micro_ros_msgs/include/micro_ros_msgs/micro_ros_msgs/msg/rosidl_typesupport_introspection_c__visibility_control.h
[5.814s] -- Up-to-date: /home/peachji/peachF1/install/micro_ros_msgs/include/micro_ros_msgs/micro_ros_msgs/msg/detail
[5.814s] -- Installing: /home/peachji/peachF1/install/micro_ros_msgs/include/micro_ros_msgs/micro_ros_msgs/msg/detail/entity__rosidl_typesupport_introspection_c.h
[5.814s] -- Installing: /home/peachji/peachF1/install/micro_ros_msgs/include/micro_ros_msgs/micro_ros_msgs/msg/detail/graph__rosidl_typesupport_introspection_c.h
[5.814s] -- Installing: /home/peachji/peachF1/install/micro_ros_msgs/include/micro_ros_msgs/micro_ros_msgs/msg/detail/graph__type_support.c
[5.814s] -- Installing: /home/peachji/peachF1/install/micro_ros_msgs/include/micro_ros_msgs/micro_ros_msgs/msg/detail/node__type_support.c
[5.814s] -- Installing: /home/peachji/peachF1/install/micro_ros_msgs/include/micro_ros_msgs/micro_ros_msgs/msg/detail/entity__type_support.c
[5.814s] -- Installing: /home/peachji/peachF1/install/micro_ros_msgs/include/micro_ros_msgs/micro_ros_msgs/msg/detail/node__rosidl_typesupport_introspection_c.h
[5.814s] -- Installing: /home/peachji/peachF1/install/micro_ros_msgs/lib/libmicro_ros_msgs__rosidl_typesupport_introspection_c.so
[5.815s] -- Set runtime path of "/home/peachji/peachF1/install/micro_ros_msgs/lib/libmicro_ros_msgs__rosidl_typesupport_introspection_c.so" to ""
[5.815s] -- Installing: /home/peachji/peachF1/install/micro_ros_msgs/lib/libmicro_ros_msgs__rosidl_typesupport_c.so
[5.815s] -- Set runtime path of "/home/peachji/peachF1/install/micro_ros_msgs/lib/libmicro_ros_msgs__rosidl_typesupport_c.so" to ""
[5.815s] -- Up-to-date: /home/peachji/peachF1/install/micro_ros_msgs/include/micro_ros_msgs/micro_ros_msgs
[5.815s] -- Up-to-date: /home/peachji/peachF1/install/micro_ros_msgs/include/micro_ros_msgs/micro_ros_msgs/msg
[5.816s] -- Installing: /home/peachji/peachF1/install/micro_ros_msgs/include/micro_ros_msgs/micro_ros_msgs/msg/node.hpp
[5.816s] -- Up-to-date: /home/peachji/peachF1/install/micro_ros_msgs/include/micro_ros_msgs/micro_ros_msgs/msg/detail
[5.816s] -- Installing: /home/peachji/peachF1/install/micro_ros_msgs/include/micro_ros_msgs/micro_ros_msgs/msg/detail/graph__traits.hpp
[5.816s] -- Installing: /home/peachji/peachF1/install/micro_ros_msgs/include/micro_ros_msgs/micro_ros_msgs/msg/detail/node__builder.hpp
[5.816s] -- Installing: /home/peachji/peachF1/install/micro_ros_msgs/include/micro_ros_msgs/micro_ros_msgs/msg/detail/entity__builder.hpp
[5.816s] -- Installing: /home/peachji/peachF1/install/micro_ros_msgs/include/micro_ros_msgs/micro_ros_msgs/msg/detail/node__struct.hpp
[5.816s] -- Installing: /home/peachji/peachF1/install/micro_ros_msgs/include/micro_ros_msgs/micro_ros_msgs/msg/detail/node__traits.hpp
[5.816s] -- Installing: /home/peachji/peachF1/install/micro_ros_msgs/include/micro_ros_msgs/micro_ros_msgs/msg/detail/graph__struct.hpp
[5.816s] -- Installing: /home/peachji/peachF1/install/micro_ros_msgs/include/micro_ros_msgs/micro_ros_msgs/msg/detail/entity__traits.hpp
[5.817s] -- Installing: /home/peachji/peachF1/install/micro_ros_msgs/include/micro_ros_msgs/micro_ros_msgs/msg/detail/entity__struct.hpp
[5.817s] -- Installing: /home/peachji/peachF1/install/micro_ros_msgs/include/micro_ros_msgs/micro_ros_msgs/msg/detail/graph__builder.hpp
[5.817s] -- Installing: /home/peachji/peachF1/install/micro_ros_msgs/include/micro_ros_msgs/micro_ros_msgs/msg/entity.hpp
[5.817s] -- Installing: /home/peachji/peachF1/install/micro_ros_msgs/include/micro_ros_msgs/micro_ros_msgs/msg/graph.hpp
[5.817s] -- Up-to-date: /home/peachji/peachF1/install/micro_ros_msgs/include/micro_ros_msgs/micro_ros_msgs
[5.817s] -- Up-to-date: /home/peachji/peachF1/install/micro_ros_msgs/include/micro_ros_msgs/micro_ros_msgs/msg
[5.817s] -- Up-to-date: /home/peachji/peachF1/install/micro_ros_msgs/include/micro_ros_msgs/micro_ros_msgs/msg/detail
[5.817s] -- Installing: /home/peachji/peachF1/install/micro_ros_msgs/include/micro_ros_msgs/micro_ros_msgs/msg/detail/entity__rosidl_typesupport_fastrtps_cpp.hpp
[5.818s] -- Installing: /home/peachji/peachF1/install/micro_ros_msgs/include/micro_ros_msgs/micro_ros_msgs/msg/detail/graph__rosidl_typesupport_fastrtps_cpp.hpp
[5.818s] -- Installing: /home/peachji/peachF1/install/micro_ros_msgs/include/micro_ros_msgs/micro_ros_msgs/msg/detail/node__rosidl_typesupport_fastrtps_cpp.hpp
[5.818s] -- Installing: /home/peachji/peachF1/install/micro_ros_msgs/include/micro_ros_msgs/micro_ros_msgs/msg/detail/dds_fastrtps
[5.818s] -- Installing: /home/peachji/peachF1/install/micro_ros_msgs/include/micro_ros_msgs/micro_ros_msgs/msg/rosidl_typesupport_fastrtps_cpp__visibility_control.h
[5.818s] -- Installing: /home/peachji/peachF1/install/micro_ros_msgs/lib/libmicro_ros_msgs__rosidl_typesupport_fastrtps_cpp.so
[5.818s] -- Set runtime path of "/home/peachji/peachF1/install/micro_ros_msgs/lib/libmicro_ros_msgs__rosidl_typesupport_fastrtps_cpp.so" to ""
[5.819s] -- Up-to-date: /home/peachji/peachF1/install/micro_ros_msgs/include/micro_ros_msgs/micro_ros_msgs
[5.819s] -- Up-to-date: /home/peachji/peachF1/install/micro_ros_msgs/include/micro_ros_msgs/micro_ros_msgs/msg
[5.819s] -- Up-to-date: /home/peachji/peachF1/install/micro_ros_msgs/include/micro_ros_msgs/micro_ros_msgs/msg/detail
[5.819s] -- Installing: /home/peachji/peachF1/install/micro_ros_msgs/include/micro_ros_msgs/micro_ros_msgs/msg/detail/node__rosidl_typesupport_introspection_cpp.hpp
[5.819s] -- Installing: /home/peachji/peachF1/install/micro_ros_msgs/include/micro_ros_msgs/micro_ros_msgs/msg/detail/graph__type_support.cpp
[5.819s] -- Installing: /home/peachji/peachF1/install/micro_ros_msgs/include/micro_ros_msgs/micro_ros_msgs/msg/detail/graph__rosidl_typesupport_introspection_cpp.hpp
[5.819s] -- Installing: /home/peachji/peachF1/install/micro_ros_msgs/include/micro_ros_msgs/micro_ros_msgs/msg/detail/entity__rosidl_typesupport_introspection_cpp.hpp
[5.819s] -- Installing: /home/peachji/peachF1/install/micro_ros_msgs/include/micro_ros_msgs/micro_ros_msgs/msg/detail/node__type_support.cpp
[5.819s] -- Installing: /home/peachji/peachF1/install/micro_ros_msgs/include/micro_ros_msgs/micro_ros_msgs/msg/detail/entity__type_support.cpp
[5.819s] -- Installing: /home/peachji/peachF1/install/micro_ros_msgs/lib/libmicro_ros_msgs__rosidl_typesupport_introspection_cpp.so
[5.820s] -- Set runtime path of "/home/peachji/peachF1/install/micro_ros_msgs/lib/libmicro_ros_msgs__rosidl_typesupport_introspection_cpp.so" to ""
[5.820s] -- Installing: /home/peachji/peachF1/install/micro_ros_msgs/lib/libmicro_ros_msgs__rosidl_typesupport_cpp.so
[5.820s] -- Set runtime path of "/home/peachji/peachF1/install/micro_ros_msgs/lib/libmicro_ros_msgs__rosidl_typesupport_cpp.so" to ""
[5.821s] -- Installing: /home/peachji/peachF1/install/micro_ros_msgs/share/micro_ros_msgs/environment/pythonpath.sh
[5.821s] -- Installing: /home/peachji/peachF1/install/micro_ros_msgs/share/micro_ros_msgs/environment/pythonpath.dsv
[5.821s] -- Installing: /home/peachji/peachF1/install/micro_ros_msgs/local/lib/python3.10/dist-packages/micro_ros_msgs-3.0.1-py3.10.egg-info
[5.821s] -- Installing: /home/peachji/peachF1/install/micro_ros_msgs/local/lib/python3.10/dist-packages/micro_ros_msgs-3.0.1-py3.10.egg-info/PKG-INFO
[5.821s] -- Installing: /home/peachji/peachF1/install/micro_ros_msgs/local/lib/python3.10/dist-packages/micro_ros_msgs-3.0.1-py3.10.egg-info/top_level.txt
[5.821s] -- Installing: /home/peachji/peachF1/install/micro_ros_msgs/local/lib/python3.10/dist-packages/micro_ros_msgs-3.0.1-py3.10.egg-info/dependency_links.txt
[5.821s] -- Installing: /home/peachji/peachF1/install/micro_ros_msgs/local/lib/python3.10/dist-packages/micro_ros_msgs-3.0.1-py3.10.egg-info/SOURCES.txt
[5.821s] -- Installing: /home/peachji/peachF1/install/micro_ros_msgs/local/lib/python3.10/dist-packages/micro_ros_msgs
[5.822s] -- Installing: /home/peachji/peachF1/install/micro_ros_msgs/local/lib/python3.10/dist-packages/micro_ros_msgs/micro_ros_msgs_s__rosidl_typesupport_fastrtps_c.cpython-310-x86_64-linux-gnu.so
[5.822s] -- Installing: /home/peachji/peachF1/install/micro_ros_msgs/local/lib/python3.10/dist-packages/micro_ros_msgs/micro_ros_msgs_s__rosidl_typesupport_c.cpython-310-x86_64-linux-gnu.so
[5.822s] -- Installing: /home/peachji/peachF1/install/micro_ros_msgs/local/lib/python3.10/dist-packages/micro_ros_msgs/libmicro_ros_msgs__rosidl_generator_py.so
[5.822s] -- Installing: /home/peachji/peachF1/install/micro_ros_msgs/local/lib/python3.10/dist-packages/micro_ros_msgs/micro_ros_msgs_s__rosidl_typesupport_introspection_c.cpython-310-x86_64-linux-gnu.so
[5.822s] -- Installing: /home/peachji/peachF1/install/micro_ros_msgs/local/lib/python3.10/dist-packages/micro_ros_msgs/_micro_ros_msgs_s.ep.rosidl_typesupport_c.c
[5.822s] -- Installing: /home/peachji/peachF1/install/micro_ros_msgs/local/lib/python3.10/dist-packages/micro_ros_msgs/__init__.py
[5.822s] -- Installing: /home/peachji/peachF1/install/micro_ros_msgs/local/lib/python3.10/dist-packages/micro_ros_msgs/msg
[5.823s] -- Installing: /home/peachji/peachF1/install/micro_ros_msgs/local/lib/python3.10/dist-packages/micro_ros_msgs/msg/_entity_s.c
[5.823s] -- Installing: /home/peachji/peachF1/install/micro_ros_msgs/local/lib/python3.10/dist-packages/micro_ros_msgs/msg/_node_s.c
[5.823s] -- Installing: /home/peachji/peachF1/install/micro_ros_msgs/local/lib/python3.10/dist-packages/micro_ros_msgs/msg/_node.py
[5.823s] -- Installing: /home/peachji/peachF1/install/micro_ros_msgs/local/lib/python3.10/dist-packages/micro_ros_msgs/msg/_graph_s.c
[5.823s] -- Installing: /home/peachji/peachF1/install/micro_ros_msgs/local/lib/python3.10/dist-packages/micro_ros_msgs/msg/__init__.py
[5.823s] -- Installing: /home/peachji/peachF1/install/micro_ros_msgs/local/lib/python3.10/dist-packages/micro_ros_msgs/msg/_graph.py
[5.823s] -- Installing: /home/peachji/peachF1/install/micro_ros_msgs/local/lib/python3.10/dist-packages/micro_ros_msgs/msg/_entity.py
[5.823s] -- Installing: /home/peachji/peachF1/install/micro_ros_msgs/local/lib/python3.10/dist-packages/micro_ros_msgs/_micro_ros_msgs_s.ep.rosidl_typesupport_introspection_c.c
[5.824s] -- Installing: /home/peachji/peachF1/install/micro_ros_msgs/local/lib/python3.10/dist-packages/micro_ros_msgs/_micro_ros_msgs_s.ep.rosidl_typesupport_fastrtps_c.c
[5.875s] Listing '/home/peachji/peachF1/install/micro_ros_msgs/local/lib/python3.10/dist-packages/micro_ros_msgs'...
[5.875s] Compiling '/home/peachji/peachF1/install/micro_ros_msgs/local/lib/python3.10/dist-packages/micro_ros_msgs/__init__.py'...
[5.875s] Listing '/home/peachji/peachF1/install/micro_ros_msgs/local/lib/python3.10/dist-packages/micro_ros_msgs/msg'...
[5.875s] Compiling '/home/peachji/peachF1/install/micro_ros_msgs/local/lib/python3.10/dist-packages/micro_ros_msgs/msg/__init__.py'...
[5.875s] Compiling '/home/peachji/peachF1/install/micro_ros_msgs/local/lib/python3.10/dist-packages/micro_ros_msgs/msg/_entity.py'...
[5.875s] Compiling '/home/peachji/peachF1/install/micro_ros_msgs/local/lib/python3.10/dist-packages/micro_ros_msgs/msg/_graph.py'...
[5.875s] Compiling '/home/peachji/peachF1/install/micro_ros_msgs/local/lib/python3.10/dist-packages/micro_ros_msgs/msg/_node.py'...
[5.881s] -- Installing: /home/peachji/peachF1/install/micro_ros_msgs/local/lib/python3.10/dist-packages/micro_ros_msgs/micro_ros_msgs_s__rosidl_typesupport_fastrtps_c.cpython-310-x86_64-linux-gnu.so
[5.882s] -- Set runtime path of "/home/peachji/peachF1/install/micro_ros_msgs/local/lib/python3.10/dist-packages/micro_ros_msgs/micro_ros_msgs_s__rosidl_typesupport_fastrtps_c.cpython-310-x86_64-linux-gnu.so" to ""
[5.882s] -- Installing: /home/peachji/peachF1/install/micro_ros_msgs/local/lib/python3.10/dist-packages/micro_ros_msgs/micro_ros_msgs_s__rosidl_typesupport_introspection_c.cpython-310-x86_64-linux-gnu.so
[5.882s] -- Set runtime path of "/home/peachji/peachF1/install/micro_ros_msgs/local/lib/python3.10/dist-packages/micro_ros_msgs/micro_ros_msgs_s__rosidl_typesupport_introspection_c.cpython-310-x86_64-linux-gnu.so" to ""
[5.883s] -- Installing: /home/peachji/peachF1/install/micro_ros_msgs/local/lib/python3.10/dist-packages/micro_ros_msgs/micro_ros_msgs_s__rosidl_typesupport_c.cpython-310-x86_64-linux-gnu.so
[5.883s] -- Set runtime path of "/home/peachji/peachF1/install/micro_ros_msgs/local/lib/python3.10/dist-packages/micro_ros_msgs/micro_ros_msgs_s__rosidl_typesupport_c.cpython-310-x86_64-linux-gnu.so" to ""
[5.883s] -- Installing: /home/peachji/peachF1/install/micro_ros_msgs/lib/libmicro_ros_msgs__rosidl_generator_py.so
[5.883s] -- Set runtime path of "/home/peachji/peachF1/install/micro_ros_msgs/lib/libmicro_ros_msgs__rosidl_generator_py.so" to ""
[5.884s] -- Installing: /home/peachji/peachF1/install/micro_ros_msgs/share/micro_ros_msgs/msg/Graph.idl
[5.884s] -- Installing: /home/peachji/peachF1/install/micro_ros_msgs/share/micro_ros_msgs/msg/Node.idl
[5.884s] -- Installing: /home/peachji/peachF1/install/micro_ros_msgs/share/micro_ros_msgs/msg/Entity.idl
[5.884s] -- Installing: /home/peachji/peachF1/install/micro_ros_msgs/share/micro_ros_msgs/msg/Graph.msg
[5.884s] -- Installing: /home/peachji/peachF1/install/micro_ros_msgs/share/micro_ros_msgs/msg/Node.msg
[5.884s] -- Installing: /home/peachji/peachF1/install/micro_ros_msgs/share/micro_ros_msgs/msg/Entity.msg
[5.884s] -- Installing: /home/peachji/peachF1/install/micro_ros_msgs/share/ament_index/resource_index/package_run_dependencies/micro_ros_msgs
[5.885s] -- Installing: /home/peachji/peachF1/install/micro_ros_msgs/share/ament_index/resource_index/parent_prefix_path/micro_ros_msgs
[5.885s] -- Installing: /home/peachji/peachF1/install/micro_ros_msgs/share/micro_ros_msgs/environment/ament_prefix_path.sh
[5.885s] -- Installing: /home/peachji/peachF1/install/micro_ros_msgs/share/micro_ros_msgs/environment/ament_prefix_path.dsv
[5.885s] -- Installing: /home/peachji/peachF1/install/micro_ros_msgs/share/micro_ros_msgs/environment/path.sh
[5.885s] -- Installing: /home/peachji/peachF1/install/micro_ros_msgs/share/micro_ros_msgs/environment/path.dsv
[5.885s] -- Installing: /home/peachji/peachF1/install/micro_ros_msgs/share/micro_ros_msgs/local_setup.bash
[5.886s] -- Installing: /home/peachji/peachF1/install/micro_ros_msgs/share/micro_ros_msgs/local_setup.sh
[5.886s] -- Installing: /home/peachji/peachF1/install/micro_ros_msgs/share/micro_ros_msgs/local_setup.zsh
[5.886s] -- Installing: /home/peachji/peachF1/install/micro_ros_msgs/share/micro_ros_msgs/local_setup.dsv
[5.886s] -- Installing: /home/peachji/peachF1/install/micro_ros_msgs/share/micro_ros_msgs/package.dsv
[5.886s] -- Installing: /home/peachji/peachF1/install/micro_ros_msgs/share/ament_index/resource_index/packages/micro_ros_msgs
[5.886s] -- Installing: /home/peachji/peachF1/install/micro_ros_msgs/share/micro_ros_msgs/cmake/export_micro_ros_msgs__rosidl_generator_cExport.cmake
[5.887s] -- Installing: /home/peachji/peachF1/install/micro_ros_msgs/share/micro_ros_msgs/cmake/export_micro_ros_msgs__rosidl_generator_cExport-noconfig.cmake
[5.887s] -- Installing: /home/peachji/peachF1/install/micro_ros_msgs/share/micro_ros_msgs/cmake/export_micro_ros_msgs__rosidl_typesupport_fastrtps_cExport.cmake
[5.887s] -- Installing: /home/peachji/peachF1/install/micro_ros_msgs/share/micro_ros_msgs/cmake/export_micro_ros_msgs__rosidl_typesupport_fastrtps_cExport-noconfig.cmake
[5.887s] -- Installing: /home/peachji/peachF1/install/micro_ros_msgs/share/micro_ros_msgs/cmake/micro_ros_msgs__rosidl_typesupport_introspection_cExport.cmake
[5.887s] -- Installing: /home/peachji/peachF1/install/micro_ros_msgs/share/micro_ros_msgs/cmake/micro_ros_msgs__rosidl_typesupport_introspection_cExport-noconfig.cmake
[5.888s] -- Installing: /home/peachji/peachF1/install/micro_ros_msgs/share/micro_ros_msgs/cmake/micro_ros_msgs__rosidl_typesupport_cExport.cmake
[5.888s] -- Installing: /home/peachji/peachF1/install/micro_ros_msgs/share/micro_ros_msgs/cmake/micro_ros_msgs__rosidl_typesupport_cExport-noconfig.cmake
[5.888s] -- Installing: /home/peachji/peachF1/install/micro_ros_msgs/share/micro_ros_msgs/cmake/export_micro_ros_msgs__rosidl_generator_cppExport.cmake
[5.888s] -- Installing: /home/peachji/peachF1/install/micro_ros_msgs/share/micro_ros_msgs/cmake/export_micro_ros_msgs__rosidl_typesupport_fastrtps_cppExport.cmake
[5.888s] -- Installing: /home/peachji/peachF1/install/micro_ros_msgs/share/micro_ros_msgs/cmake/export_micro_ros_msgs__rosidl_typesupport_fastrtps_cppExport-noconfig.cmake
[5.888s] -- Installing: /home/peachji/peachF1/install/micro_ros_msgs/share/micro_ros_msgs/cmake/micro_ros_msgs__rosidl_typesupport_introspection_cppExport.cmake
[5.889s] -- Installing: /home/peachji/peachF1/install/micro_ros_msgs/share/micro_ros_msgs/cmake/micro_ros_msgs__rosidl_typesupport_introspection_cppExport-noconfig.cmake
[5.889s] -- Installing: /home/peachji/peachF1/install/micro_ros_msgs/share/micro_ros_msgs/cmake/micro_ros_msgs__rosidl_typesupport_cppExport.cmake
[5.889s] -- Installing: /home/peachji/peachF1/install/micro_ros_msgs/share/micro_ros_msgs/cmake/micro_ros_msgs__rosidl_typesupport_cppExport-noconfig.cmake
[5.889s] -- Installing: /home/peachji/peachF1/install/micro_ros_msgs/share/micro_ros_msgs/cmake/export_micro_ros_msgs__rosidl_generator_pyExport.cmake
[5.889s] -- Installing: /home/peachji/peachF1/install/micro_ros_msgs/share/micro_ros_msgs/cmake/export_micro_ros_msgs__rosidl_generator_pyExport-noconfig.cmake
[5.889s] -- Installing: /home/peachji/peachF1/install/micro_ros_msgs/share/micro_ros_msgs/cmake/rosidl_cmake-extras.cmake
[5.890s] -- Installing: /home/peachji/peachF1/install/micro_ros_msgs/share/micro_ros_msgs/cmake/ament_cmake_export_include_directories-extras.cmake
[5.890s] -- Installing: /home/peachji/peachF1/install/micro_ros_msgs/share/micro_ros_msgs/cmake/ament_cmake_export_libraries-extras.cmake
[5.890s] -- Installing: /home/peachji/peachF1/install/micro_ros_msgs/share/micro_ros_msgs/cmake/ament_cmake_export_targets-extras.cmake
[5.890s] -- Installing: /home/peachji/peachF1/install/micro_ros_msgs/share/micro_ros_msgs/cmake/rosidl_cmake_export_typesupport_targets-extras.cmake
[5.890s] -- Installing: /home/peachji/peachF1/install/micro_ros_msgs/share/micro_ros_msgs/cmake/ament_cmake_export_dependencies-extras.cmake
[5.890s] -- Installing: /home/peachji/peachF1/install/micro_ros_msgs/share/micro_ros_msgs/cmake/rosidl_cmake_export_typesupport_libraries-extras.cmake
[5.891s] -- Installing: /home/peachji/peachF1/install/micro_ros_msgs/share/micro_ros_msgs/cmake/micro_ros_msgsConfig.cmake
[5.891s] -- Installing: /home/peachji/peachF1/install/micro_ros_msgs/share/micro_ros_msgs/cmake/micro_ros_msgsConfig-version.cmake
[5.891s] -- Installing: /home/peachji/peachF1/install/micro_ros_msgs/share/micro_ros_msgs/package.xml
[5.894s] Invoked command in '/home/peachji/peachF1/build/micro_ros_msgs' returned '0': CMAKE_PREFIX_PATH=/opt/ros/humble /usr/bin/cmake --install /home/peachji/peachF1/build/micro_ros_msgs
